13:23:22.252 [ERROR] [com.mogujie.ares.extend.action.Login] - login failed with reason : 
com.mysql.jdbc.exceptions.jdbc4.MySQLSyntaxErrorException: Table 'ttim.imusers' doesn't exist
	at sun.reflect.NativeConstructorAccessorImpl.newInstance0(Native Method) ~[na:1.7.0_71]
	at sun.reflect.NativeConstructorAccessorImpl.newInstance(Unknown Source) ~[na:1.7.0_71]
	at sun.reflect.DelegatingConstructorAccessorImpl.newInstance(Unknown Source) ~[na:1.7.0_71]
	at java.lang.reflect.Constructor.newInstance(Unknown Source) ~[na:1.7.0_71]
	at com.mysql.jdbc.Util.handleNewInstance(Util.java:411) ~[mysql-connector-java-5.1.25.jar:na]
	at com.mysql.jdbc.Util.getInstance(Util.java:386) ~[mysql-connector-java-5.1.25.jar:na]
	at com.mysql.jdbc.SQLError.createSQLException(SQLError.java:1054) ~[mysql-connector-java-5.1.25.jar:na]
	at com.mysql.jdbc.MysqlIO.checkErrorPacket(MysqlIO.java:4187) ~[mysql-connector-java-5.1.25.jar:na]
	at com.mysql.jdbc.MysqlIO.checkErrorPacket(MysqlIO.java:4119) ~[mysql-connector-java-5.1.25.jar:na]
	at com.mysql.jdbc.MysqlIO.sendCommand(MysqlIO.java:2570) ~[mysql-connector-java-5.1.25.jar:na]
	at com.mysql.jdbc.MysqlIO.sqlQueryDirect(MysqlIO.java:2731) ~[mysql-connector-java-5.1.25.jar:na]
	at com.mysql.jdbc.ConnectionImpl.execSQL(ConnectionImpl.java:2815) ~[mysql-connector-java-5.1.25.jar:na]
	at com.mysql.jdbc.PreparedStatement.executeInternal(PreparedStatement.java:2155) ~[mysql-connector-java-5.1.25.jar:na]
	at com.mysql.jdbc.PreparedStatement.executeQuery(PreparedStatement.java:2322) ~[mysql-connector-java-5.1.25.jar:na]
	at com.alibaba.druid.filter.FilterChainImpl.preparedStatement_executeQuery(FilterChainImpl.java:2708) ~[druid-0.2.9.jar:0.2.9]
	at com.alibaba.druid.filter.FilterEventAdapter.preparedStatement_executeQuery(FilterEventAdapter.java:465) ~[druid-0.2.9.jar:0.2.9]
	at com.alibaba.druid.filter.FilterChainImpl.preparedStatement_executeQuery(FilterChainImpl.java:2705) ~[druid-0.2.9.jar:0.2.9]
	at com.alibaba.druid.proxy.jdbc.PreparedStatementProxyImpl.executeQuery(PreparedStatementProxyImpl.java:99) ~[druid-0.2.9.jar:0.2.9]
	at com.alibaba.druid.pool.DruidPooledPreparedStatement.executeQuery(DruidPooledPreparedStatement.java:211) ~[druid-0.2.9.jar:0.2.9]
	at com.mogujie.ares.model.LoginModel.auth(LoginModel.java:57) ~[classes/:na]
	at com.mogujie.ares.extend.action.Login.login(Login.java:41) ~[classes/:na]
	at sun.reflect.NativeMethodAccessorImpl.invoke0(Native Method) ~[na:1.7.0_71]
	at sun.reflect.NativeMethodAccessorImpl.invoke(Unknown Source) ~[na:1.7.0_71]
	at sun.reflect.DelegatingMethodAccessorImpl.invoke(Unknown Source) ~[na:1.7.0_71]
	at java.lang.reflect.Method.invoke(Unknown Source) ~[na:1.7.0_71]
	at com.mogujie.ares.extend.ActionContext.invoke(ActionContext.java:99) [classes/:na]
	at com.mogujie.ares.extend.dispatch.DefaultRequestDispatcher.dispatch(DefaultRequestDispatcher.java:61) [classes/:na]
	at com.mogujie.ares.lib.net.BinaryMessageHandler.messageReceived(BinaryMessageHandler.java:49) [classes/:na]
	at org.jboss.netty.channel.SimpleChannelHandler.handleUpstream(SimpleChannelHandler.java:88) [netty-3.6.6.Final.jar:na]
	at org.jboss.netty.channel.DefaultChannelPipeline.sendUpstream(DefaultChannelPipeline.java:564) [netty-3.6.6.Final.jar:na]
	at org.jboss.netty.channel.DefaultChannelPipeline$DefaultChannelHandlerContext.sendUpstream(DefaultChannelPipeline.java:791) [netty-3.6.6.Final.jar:na]
	at org.jboss.netty.handler.execution.ChannelUpstreamEventRunnable.doRun(ChannelUpstreamEventRunnable.java:43) [netty-3.6.6.Final.jar:na]
	at org.jboss.netty.handler.execution.ChannelEventRunnable.run(ChannelEventRunnable.java:67) [netty-3.6.6.Final.jar:na]
	at org.jboss.netty.handler.execution.OrderedMemoryAwareThreadPoolExecutor$ChildExecutor.run(OrderedMemoryAwareThreadPoolExecutor.java:314) [netty-3.6.6.Final.jar:na]
	at java.util.concurrent.ThreadPoolExecutor.runWorker(Unknown Source) [na:1.7.0_71]
	at java.util.concurrent.ThreadPoolExecutor$Worker.run(Unknown Source) [na:1.7.0_71]
	at java.lang.Thread.run(Unknown Source) [na:1.7.0_71]
13:23:22.252 [ERROR] [com.mogujie.ares.extend.action.Login] - login failed with reason : 
com.mysql.jdbc.exceptions.jdbc4.MySQLSyntaxErrorException: Table 'ttim.imusers' doesn't exist
	at sun.reflect.NativeConstructorAccessorImpl.newInstance0(Native Method) ~[na:1.7.0_71]
	at sun.reflect.NativeConstructorAccessorImpl.newInstance(Unknown Source) ~[na:1.7.0_71]
	at sun.reflect.DelegatingConstructorAccessorImpl.newInstance(Unknown Source) ~[na:1.7.0_71]
	at java.lang.reflect.Constructor.newInstance(Unknown Source) ~[na:1.7.0_71]
	at com.mysql.jdbc.Util.handleNewInstance(Util.java:411) ~[mysql-connector-java-5.1.25.jar:na]
	at com.mysql.jdbc.Util.getInstance(Util.java:386) ~[mysql-connector-java-5.1.25.jar:na]
	at com.mysql.jdbc.SQLError.createSQLException(SQLError.java:1054) ~[mysql-connector-java-5.1.25.jar:na]
	at com.mysql.jdbc.MysqlIO.checkErrorPacket(MysqlIO.java:4187) ~[mysql-connector-java-5.1.25.jar:na]
	at com.mysql.jdbc.MysqlIO.checkErrorPacket(MysqlIO.java:4119) ~[mysql-connector-java-5.1.25.jar:na]
	at com.mysql.jdbc.MysqlIO.sendCommand(MysqlIO.java:2570) ~[mysql-connector-java-5.1.25.jar:na]
	at com.mysql.jdbc.MysqlIO.sqlQueryDirect(MysqlIO.java:2731) ~[mysql-connector-java-5.1.25.jar:na]
	at com.mysql.jdbc.ConnectionImpl.execSQL(ConnectionImpl.java:2815) ~[mysql-connector-java-5.1.25.jar:na]
	at com.mysql.jdbc.PreparedStatement.executeInternal(PreparedStatement.java:2155) ~[mysql-connector-java-5.1.25.jar:na]
	at com.mysql.jdbc.PreparedStatement.executeQuery(PreparedStatement.java:2322) ~[mysql-connector-java-5.1.25.jar:na]
	at com.alibaba.druid.filter.FilterChainImpl.preparedStatement_executeQuery(FilterChainImpl.java:2708) ~[druid-0.2.9.jar:0.2.9]
	at com.alibaba.druid.filter.FilterEventAdapter.preparedStatement_executeQuery(FilterEventAdapter.java:465) ~[druid-0.2.9.jar:0.2.9]
	at com.alibaba.druid.filter.FilterChainImpl.preparedStatement_executeQuery(FilterChainImpl.java:2705) ~[druid-0.2.9.jar:0.2.9]
	at com.alibaba.druid.proxy.jdbc.PreparedStatementProxyImpl.executeQuery(PreparedStatementProxyImpl.java:99) ~[druid-0.2.9.jar:0.2.9]
	at com.alibaba.druid.pool.DruidPooledPreparedStatement.executeQuery(DruidPooledPreparedStatement.java:211) ~[druid-0.2.9.jar:0.2.9]
	at com.mogujie.ares.model.LoginModel.auth(LoginModel.java:57) ~[classes/:na]
	at com.mogujie.ares.extend.action.Login.login(Login.java:41) ~[classes/:na]
	at sun.reflect.NativeMethodAccessorImpl.invoke0(Native Method) ~[na:1.7.0_71]
	at sun.reflect.NativeMethodAccessorImpl.invoke(Unknown Source) ~[na:1.7.0_71]
	at sun.reflect.DelegatingMethodAccessorImpl.invoke(Unknown Source) ~[na:1.7.0_71]
	at java.lang.reflect.Method.invoke(Unknown Source) ~[na:1.7.0_71]
	at com.mogujie.ares.extend.ActionContext.invoke(ActionContext.java:99) [classes/:na]
	at com.mogujie.ares.extend.dispatch.DefaultRequestDispatcher.dispatch(DefaultRequestDispatcher.java:61) [classes/:na]
	at com.mogujie.ares.lib.net.BinaryMessageHandler.messageReceived(BinaryMessageHandler.java:49) [classes/:na]
	at org.jboss.netty.channel.SimpleChannelHandler.handleUpstream(SimpleChannelHandler.java:88) [netty-3.6.6.Final.jar:na]
	at org.jboss.netty.channel.DefaultChannelPipeline.sendUpstream(DefaultChannelPipeline.java:564) [netty-3.6.6.Final.jar:na]
	at org.jboss.netty.channel.DefaultChannelPipeline$DefaultChannelHandlerContext.sendUpstream(DefaultChannelPipeline.java:791) [netty-3.6.6.Final.jar:na]
	at org.jboss.netty.handler.execution.ChannelUpstreamEventRunnable.doRun(ChannelUpstreamEventRunnable.java:43) [netty-3.6.6.Final.jar:na]
	at org.jboss.netty.handler.execution.ChannelEventRunnable.run(ChannelEventRunnable.java:67) [netty-3.6.6.Final.jar:na]
	at org.jboss.netty.handler.execution.OrderedMemoryAwareThreadPoolExecutor$ChildExecutor.run(OrderedMemoryAwareThreadPoolExecutor.java:314) [netty-3.6.6.Final.jar:na]
	at java.util.concurrent.ThreadPoolExecutor.runWorker(Unknown Source) [na:1.7.0_71]
	at java.util.concurrent.ThreadPoolExecutor$Worker.run(Unknown Source) [na:1.7.0_71]
	at java.lang.Thread.run(Unknown Source) [na:1.7.0_71]
13:23:54.705 [ERROR] [com.mogujie.ares.extend.action.Login] - login failed with reason : 
com.mysql.jdbc.exceptions.jdbc4.MySQLSyntaxErrorException: Table 'ttim.imusers' doesn't exist
	at sun.reflect.NativeConstructorAccessorImpl.newInstance0(Native Method) ~[na:1.7.0_71]
	at sun.reflect.NativeConstructorAccessorImpl.newInstance(Unknown Source) ~[na:1.7.0_71]
	at sun.reflect.DelegatingConstructorAccessorImpl.newInstance(Unknown Source) ~[na:1.7.0_71]
	at java.lang.reflect.Constructor.newInstance(Unknown Source) ~[na:1.7.0_71]
	at com.mysql.jdbc.Util.handleNewInstance(Util.java:411) ~[mysql-connector-java-5.1.25.jar:na]
	at com.mysql.jdbc.Util.getInstance(Util.java:386) ~[mysql-connector-java-5.1.25.jar:na]
	at com.mysql.jdbc.SQLError.createSQLException(SQLError.java:1054) ~[mysql-connector-java-5.1.25.jar:na]
	at com.mysql.jdbc.MysqlIO.checkErrorPacket(MysqlIO.java:4187) ~[mysql-connector-java-5.1.25.jar:na]
	at com.mysql.jdbc.MysqlIO.checkErrorPacket(MysqlIO.java:4119) ~[mysql-connector-java-5.1.25.jar:na]
	at com.mysql.jdbc.MysqlIO.sendCommand(MysqlIO.java:2570) ~[mysql-connector-java-5.1.25.jar:na]
	at com.mysql.jdbc.MysqlIO.sqlQueryDirect(MysqlIO.java:2731) ~[mysql-connector-java-5.1.25.jar:na]
	at com.mysql.jdbc.ConnectionImpl.execSQL(ConnectionImpl.java:2815) ~[mysql-connector-java-5.1.25.jar:na]
	at com.mysql.jdbc.PreparedStatement.executeInternal(PreparedStatement.java:2155) ~[mysql-connector-java-5.1.25.jar:na]
	at com.mysql.jdbc.PreparedStatement.executeQuery(PreparedStatement.java:2322) ~[mysql-connector-java-5.1.25.jar:na]
	at com.alibaba.druid.filter.FilterChainImpl.preparedStatement_executeQuery(FilterChainImpl.java:2708) ~[druid-0.2.9.jar:0.2.9]
	at com.alibaba.druid.filter.FilterEventAdapter.preparedStatement_executeQuery(FilterEventAdapter.java:465) ~[druid-0.2.9.jar:0.2.9]
	at com.alibaba.druid.filter.FilterChainImpl.preparedStatement_executeQuery(FilterChainImpl.java:2705) ~[druid-0.2.9.jar:0.2.9]
	at com.alibaba.druid.proxy.jdbc.PreparedStatementProxyImpl.executeQuery(PreparedStatementProxyImpl.java:99) ~[druid-0.2.9.jar:0.2.9]
	at com.alibaba.druid.pool.DruidPooledPreparedStatement.executeQuery(DruidPooledPreparedStatement.java:211) ~[druid-0.2.9.jar:0.2.9]
	at com.mogujie.ares.model.LoginModel.auth(LoginModel.java:57) ~[classes/:na]
	at com.mogujie.ares.extend.action.Login.login(Login.java:41) ~[classes/:na]
	at sun.reflect.NativeMethodAccessorImpl.invoke0(Native Method) ~[na:1.7.0_71]
	at sun.reflect.NativeMethodAccessorImpl.invoke(Unknown Source) ~[na:1.7.0_71]
	at sun.reflect.DelegatingMethodAccessorImpl.invoke(Unknown Source) ~[na:1.7.0_71]
	at java.lang.reflect.Method.invoke(Unknown Source) ~[na:1.7.0_71]
	at com.mogujie.ares.extend.ActionContext.invoke(ActionContext.java:99) [classes/:na]
	at com.mogujie.ares.extend.dispatch.DefaultRequestDispatcher.dispatch(DefaultRequestDispatcher.java:61) [classes/:na]
	at com.mogujie.ares.lib.net.BinaryMessageHandler.messageReceived(BinaryMessageHandler.java:49) [classes/:na]
	at org.jboss.netty.channel.SimpleChannelHandler.handleUpstream(SimpleChannelHandler.java:88) [netty-3.6.6.Final.jar:na]
	at org.jboss.netty.channel.DefaultChannelPipeline.sendUpstream(DefaultChannelPipeline.java:564) [netty-3.6.6.Final.jar:na]
	at org.jboss.netty.channel.DefaultChannelPipeline$DefaultChannelHandlerContext.sendUpstream(DefaultChannelPipeline.java:791) [netty-3.6.6.Final.jar:na]
	at org.jboss.netty.handler.execution.ChannelUpstreamEventRunnable.doRun(ChannelUpstreamEventRunnable.java:43) [netty-3.6.6.Final.jar:na]
	at org.jboss.netty.handler.execution.ChannelEventRunnable.run(ChannelEventRunnable.java:67) [netty-3.6.6.Final.jar:na]
	at org.jboss.netty.handler.execution.OrderedMemoryAwareThreadPoolExecutor$ChildExecutor.run(OrderedMemoryAwareThreadPoolExecutor.java:314) [netty-3.6.6.Final.jar:na]
	at java.util.concurrent.ThreadPoolExecutor.runWorker(Unknown Source) [na:1.7.0_71]
	at java.util.concurrent.ThreadPoolExecutor$Worker.run(Unknown Source) [na:1.7.0_71]
	at java.lang.Thread.run(Unknown Source) [na:1.7.0_71]
13:23:54.705 [ERROR] [com.mogujie.ares.extend.action.Login] - login failed with reason : 
com.mysql.jdbc.exceptions.jdbc4.MySQLSyntaxErrorException: Table 'ttim.imusers' doesn't exist
	at sun.reflect.NativeConstructorAccessorImpl.newInstance0(Native Method) ~[na:1.7.0_71]
	at sun.reflect.NativeConstructorAccessorImpl.newInstance(Unknown Source) ~[na:1.7.0_71]
	at sun.reflect.DelegatingConstructorAccessorImpl.newInstance(Unknown Source) ~[na:1.7.0_71]
	at java.lang.reflect.Constructor.newInstance(Unknown Source) ~[na:1.7.0_71]
	at com.mysql.jdbc.Util.handleNewInstance(Util.java:411) ~[mysql-connector-java-5.1.25.jar:na]
	at com.mysql.jdbc.Util.getInstance(Util.java:386) ~[mysql-connector-java-5.1.25.jar:na]
	at com.mysql.jdbc.SQLError.createSQLException(SQLError.java:1054) ~[mysql-connector-java-5.1.25.jar:na]
	at com.mysql.jdbc.MysqlIO.checkErrorPacket(MysqlIO.java:4187) ~[mysql-connector-java-5.1.25.jar:na]
	at com.mysql.jdbc.MysqlIO.checkErrorPacket(MysqlIO.java:4119) ~[mysql-connector-java-5.1.25.jar:na]
	at com.mysql.jdbc.MysqlIO.sendCommand(MysqlIO.java:2570) ~[mysql-connector-java-5.1.25.jar:na]
	at com.mysql.jdbc.MysqlIO.sqlQueryDirect(MysqlIO.java:2731) ~[mysql-connector-java-5.1.25.jar:na]
	at com.mysql.jdbc.ConnectionImpl.execSQL(ConnectionImpl.java:2815) ~[mysql-connector-java-5.1.25.jar:na]
	at com.mysql.jdbc.PreparedStatement.executeInternal(PreparedStatement.java:2155) ~[mysql-connector-java-5.1.25.jar:na]
	at com.mysql.jdbc.PreparedStatement.executeQuery(PreparedStatement.java:2322) ~[mysql-connector-java-5.1.25.jar:na]
	at com.alibaba.druid.filter.FilterChainImpl.preparedStatement_executeQuery(FilterChainImpl.java:2708) ~[druid-0.2.9.jar:0.2.9]
	at com.alibaba.druid.filter.FilterEventAdapter.preparedStatement_executeQuery(FilterEventAdapter.java:465) ~[druid-0.2.9.jar:0.2.9]
	at com.alibaba.druid.filter.FilterChainImpl.preparedStatement_executeQuery(FilterChainImpl.java:2705) ~[druid-0.2.9.jar:0.2.9]
	at com.alibaba.druid.proxy.jdbc.PreparedStatementProxyImpl.executeQuery(PreparedStatementProxyImpl.java:99) ~[druid-0.2.9.jar:0.2.9]
	at com.alibaba.druid.pool.DruidPooledPreparedStatement.executeQuery(DruidPooledPreparedStatement.java:211) ~[druid-0.2.9.jar:0.2.9]
	at com.mogujie.ares.model.LoginModel.auth(LoginModel.java:57) ~[classes/:na]
	at com.mogujie.ares.extend.action.Login.login(Login.java:41) ~[classes/:na]
	at sun.reflect.NativeMethodAccessorImpl.invoke0(Native Method) ~[na:1.7.0_71]
	at sun.reflect.NativeMethodAccessorImpl.invoke(Unknown Source) ~[na:1.7.0_71]
	at sun.reflect.DelegatingMethodAccessorImpl.invoke(Unknown Source) ~[na:1.7.0_71]
	at java.lang.reflect.Method.invoke(Unknown Source) ~[na:1.7.0_71]
	at com.mogujie.ares.extend.ActionContext.invoke(ActionContext.java:99) [classes/:na]
	at com.mogujie.ares.extend.dispatch.DefaultRequestDispatcher.dispatch(DefaultRequestDispatcher.java:61) [classes/:na]
	at com.mogujie.ares.lib.net.BinaryMessageHandler.messageReceived(BinaryMessageHandler.java:49) [classes/:na]
	at org.jboss.netty.channel.SimpleChannelHandler.handleUpstream(SimpleChannelHandler.java:88) [netty-3.6.6.Final.jar:na]
	at org.jboss.netty.channel.DefaultChannelPipeline.sendUpstream(DefaultChannelPipeline.java:564) [netty-3.6.6.Final.jar:na]
	at org.jboss.netty.channel.DefaultChannelPipeline$DefaultChannelHandlerContext.sendUpstream(DefaultChannelPipeline.java:791) [netty-3.6.6.Final.jar:na]
	at org.jboss.netty.handler.execution.ChannelUpstreamEventRunnable.doRun(ChannelUpstreamEventRunnable.java:43) [netty-3.6.6.Final.jar:na]
	at org.jboss.netty.handler.execution.ChannelEventRunnable.run(ChannelEventRunnable.java:67) [netty-3.6.6.Final.jar:na]
	at org.jboss.netty.handler.execution.OrderedMemoryAwareThreadPoolExecutor$ChildExecutor.run(OrderedMemoryAwareThreadPoolExecutor.java:314) [netty-3.6.6.Final.jar:na]
	at java.util.concurrent.ThreadPoolExecutor.runWorker(Unknown Source) [na:1.7.0_71]
	at java.util.concurrent.ThreadPoolExecutor$Worker.run(Unknown Source) [na:1.7.0_71]
	at java.lang.Thread.run(Unknown Source) [na:1.7.0_71]
13:24:54.864 [ERROR] [com.mogujie.ares.extend.action.Login] - login failed with reason : 
com.mysql.jdbc.exceptions.jdbc4.MySQLSyntaxErrorException: Table 'ttim.imusers' doesn't exist
	at sun.reflect.NativeConstructorAccessorImpl.newInstance0(Native Method) ~[na:1.7.0_71]
	at sun.reflect.NativeConstructorAccessorImpl.newInstance(Unknown Source) ~[na:1.7.0_71]
	at sun.reflect.DelegatingConstructorAccessorImpl.newInstance(Unknown Source) ~[na:1.7.0_71]
	at java.lang.reflect.Constructor.newInstance(Unknown Source) ~[na:1.7.0_71]
	at com.mysql.jdbc.Util.handleNewInstance(Util.java:411) ~[mysql-connector-java-5.1.25.jar:na]
	at com.mysql.jdbc.Util.getInstance(Util.java:386) ~[mysql-connector-java-5.1.25.jar:na]
	at com.mysql.jdbc.SQLError.createSQLException(SQLError.java:1054) ~[mysql-connector-java-5.1.25.jar:na]
	at com.mysql.jdbc.MysqlIO.checkErrorPacket(MysqlIO.java:4187) ~[mysql-connector-java-5.1.25.jar:na]
	at com.mysql.jdbc.MysqlIO.checkErrorPacket(MysqlIO.java:4119) ~[mysql-connector-java-5.1.25.jar:na]
	at com.mysql.jdbc.MysqlIO.sendCommand(MysqlIO.java:2570) ~[mysql-connector-java-5.1.25.jar:na]
	at com.mysql.jdbc.MysqlIO.sqlQueryDirect(MysqlIO.java:2731) ~[mysql-connector-java-5.1.25.jar:na]
	at com.mysql.jdbc.ConnectionImpl.execSQL(ConnectionImpl.java:2815) ~[mysql-connector-java-5.1.25.jar:na]
	at com.mysql.jdbc.PreparedStatement.executeInternal(PreparedStatement.java:2155) ~[mysql-connector-java-5.1.25.jar:na]
	at com.mysql.jdbc.PreparedStatement.executeQuery(PreparedStatement.java:2322) ~[mysql-connector-java-5.1.25.jar:na]
	at com.alibaba.druid.filter.FilterChainImpl.preparedStatement_executeQuery(FilterChainImpl.java:2708) ~[druid-0.2.9.jar:0.2.9]
	at com.alibaba.druid.filter.FilterEventAdapter.preparedStatement_executeQuery(FilterEventAdapter.java:465) ~[druid-0.2.9.jar:0.2.9]
	at com.alibaba.druid.filter.FilterChainImpl.preparedStatement_executeQuery(FilterChainImpl.java:2705) ~[druid-0.2.9.jar:0.2.9]
	at com.alibaba.druid.proxy.jdbc.PreparedStatementProxyImpl.executeQuery(PreparedStatementProxyImpl.java:99) ~[druid-0.2.9.jar:0.2.9]
	at com.alibaba.druid.pool.DruidPooledPreparedStatement.executeQuery(DruidPooledPreparedStatement.java:211) ~[druid-0.2.9.jar:0.2.9]
	at com.mogujie.ares.model.LoginModel.auth(LoginModel.java:57) ~[classes/:na]
	at com.mogujie.ares.extend.action.Login.login(Login.java:41) ~[classes/:na]
	at sun.reflect.NativeMethodAccessorImpl.invoke0(Native Method) ~[na:1.7.0_71]
	at sun.reflect.NativeMethodAccessorImpl.invoke(Unknown Source) ~[na:1.7.0_71]
	at sun.reflect.DelegatingMethodAccessorImpl.invoke(Unknown Source) ~[na:1.7.0_71]
	at java.lang.reflect.Method.invoke(Unknown Source) ~[na:1.7.0_71]
	at com.mogujie.ares.extend.ActionContext.invoke(ActionContext.java:99) [classes/:na]
	at com.mogujie.ares.extend.dispatch.DefaultRequestDispatcher.dispatch(DefaultRequestDispatcher.java:61) [classes/:na]
	at com.mogujie.ares.lib.net.BinaryMessageHandler.messageReceived(BinaryMessageHandler.java:49) [classes/:na]
	at org.jboss.netty.channel.SimpleChannelHandler.handleUpstream(SimpleChannelHandler.java:88) [netty-3.6.6.Final.jar:na]
	at org.jboss.netty.channel.DefaultChannelPipeline.sendUpstream(DefaultChannelPipeline.java:564) [netty-3.6.6.Final.jar:na]
	at org.jboss.netty.channel.DefaultChannelPipeline$DefaultChannelHandlerContext.sendUpstream(DefaultChannelPipeline.java:791) [netty-3.6.6.Final.jar:na]
	at org.jboss.netty.handler.execution.ChannelUpstreamEventRunnable.doRun(ChannelUpstreamEventRunnable.java:43) [netty-3.6.6.Final.jar:na]
	at org.jboss.netty.handler.execution.ChannelEventRunnable.run(ChannelEventRunnable.java:67) [netty-3.6.6.Final.jar:na]
	at org.jboss.netty.handler.execution.OrderedMemoryAwareThreadPoolExecutor$ChildExecutor.run(OrderedMemoryAwareThreadPoolExecutor.java:314) [netty-3.6.6.Final.jar:na]
	at java.util.concurrent.ThreadPoolExecutor.runWorker(Unknown Source) [na:1.7.0_71]
	at java.util.concurrent.ThreadPoolExecutor$Worker.run(Unknown Source) [na:1.7.0_71]
	at java.lang.Thread.run(Unknown Source) [na:1.7.0_71]
13:26:48.136 [ERROR] [com.mogujie.ares.extend.action.Login] - login failed with reason : 
com.mysql.jdbc.exceptions.jdbc4.MySQLSyntaxErrorException: Unknown column 'pwd' in 'field list'
	at sun.reflect.NativeConstructorAccessorImpl.newInstance0(Native Method) ~[na:1.7.0_71]
	at sun.reflect.NativeConstructorAccessorImpl.newInstance(Unknown Source) ~[na:1.7.0_71]
	at sun.reflect.DelegatingConstructorAccessorImpl.newInstance(Unknown Source) ~[na:1.7.0_71]
	at java.lang.reflect.Constructor.newInstance(Unknown Source) ~[na:1.7.0_71]
	at com.mysql.jdbc.Util.handleNewInstance(Util.java:411) ~[mysql-connector-java-5.1.25.jar:na]
	at com.mysql.jdbc.Util.getInstance(Util.java:386) ~[mysql-connector-java-5.1.25.jar:na]
	at com.mysql.jdbc.SQLError.createSQLException(SQLError.java:1054) ~[mysql-connector-java-5.1.25.jar:na]
	at com.mysql.jdbc.MysqlIO.checkErrorPacket(MysqlIO.java:4187) ~[mysql-connector-java-5.1.25.jar:na]
	at com.mysql.jdbc.MysqlIO.checkErrorPacket(MysqlIO.java:4119) ~[mysql-connector-java-5.1.25.jar:na]
	at com.mysql.jdbc.MysqlIO.sendCommand(MysqlIO.java:2570) ~[mysql-connector-java-5.1.25.jar:na]
	at com.mysql.jdbc.MysqlIO.sqlQueryDirect(MysqlIO.java:2731) ~[mysql-connector-java-5.1.25.jar:na]
	at com.mysql.jdbc.ConnectionImpl.execSQL(ConnectionImpl.java:2815) ~[mysql-connector-java-5.1.25.jar:na]
	at com.mysql.jdbc.PreparedStatement.executeInternal(PreparedStatement.java:2155) ~[mysql-connector-java-5.1.25.jar:na]
	at com.mysql.jdbc.PreparedStatement.executeQuery(PreparedStatement.java:2322) ~[mysql-connector-java-5.1.25.jar:na]
	at com.alibaba.druid.filter.FilterChainImpl.preparedStatement_executeQuery(FilterChainImpl.java:2708) ~[druid-0.2.9.jar:0.2.9]
	at com.alibaba.druid.filter.FilterEventAdapter.preparedStatement_executeQuery(FilterEventAdapter.java:465) ~[druid-0.2.9.jar:0.2.9]
	at com.alibaba.druid.filter.FilterChainImpl.preparedStatement_executeQuery(FilterChainImpl.java:2705) ~[druid-0.2.9.jar:0.2.9]
	at com.alibaba.druid.proxy.jdbc.PreparedStatementProxyImpl.executeQuery(PreparedStatementProxyImpl.java:99) ~[druid-0.2.9.jar:0.2.9]
	at com.alibaba.druid.pool.DruidPooledPreparedStatement.executeQuery(DruidPooledPreparedStatement.java:211) ~[druid-0.2.9.jar:0.2.9]
	at com.mogujie.ares.model.LoginModel.auth(LoginModel.java:57) ~[classes/:na]
	at com.mogujie.ares.extend.action.Login.login(Login.java:41) ~[classes/:na]
	at sun.reflect.NativeMethodAccessorImpl.invoke0(Native Method) ~[na:1.7.0_71]
	at sun.reflect.NativeMethodAccessorImpl.invoke(Unknown Source) ~[na:1.7.0_71]
	at sun.reflect.DelegatingMethodAccessorImpl.invoke(Unknown Source) ~[na:1.7.0_71]
	at java.lang.reflect.Method.invoke(Unknown Source) ~[na:1.7.0_71]
	at com.mogujie.ares.extend.ActionContext.invoke(ActionContext.java:99) [classes/:na]
	at com.mogujie.ares.extend.dispatch.DefaultRequestDispatcher.dispatch(DefaultRequestDispatcher.java:61) [classes/:na]
	at com.mogujie.ares.lib.net.BinaryMessageHandler.messageReceived(BinaryMessageHandler.java:49) [classes/:na]
	at org.jboss.netty.channel.SimpleChannelHandler.handleUpstream(SimpleChannelHandler.java:88) [netty-3.6.6.Final.jar:na]
	at org.jboss.netty.channel.DefaultChannelPipeline.sendUpstream(DefaultChannelPipeline.java:564) [netty-3.6.6.Final.jar:na]
	at org.jboss.netty.channel.DefaultChannelPipeline$DefaultChannelHandlerContext.sendUpstream(DefaultChannelPipeline.java:791) [netty-3.6.6.Final.jar:na]
	at org.jboss.netty.handler.execution.ChannelUpstreamEventRunnable.doRun(ChannelUpstreamEventRunnable.java:43) [netty-3.6.6.Final.jar:na]
	at org.jboss.netty.handler.execution.ChannelEventRunnable.run(ChannelEventRunnable.java:67) [netty-3.6.6.Final.jar:na]
	at org.jboss.netty.handler.execution.OrderedMemoryAwareThreadPoolExecutor$ChildExecutor.run(OrderedMemoryAwareThreadPoolExecutor.java:314) [netty-3.6.6.Final.jar:na]
	at java.util.concurrent.ThreadPoolExecutor.runWorker(Unknown Source) [na:1.7.0_71]
	at java.util.concurrent.ThreadPoolExecutor$Worker.run(Unknown Source) [na:1.7.0_71]
	at java.lang.Thread.run(Unknown Source) [na:1.7.0_71]
13:26:54.856 [ERROR] [com.mogujie.ares.extend.action.Login] - login failed with reason : 
com.mysql.jdbc.exceptions.jdbc4.MySQLSyntaxErrorException: Unknown column 'pwd' in 'field list'
	at sun.reflect.NativeConstructorAccessorImpl.newInstance0(Native Method) ~[na:1.7.0_71]
	at sun.reflect.NativeConstructorAccessorImpl.newInstance(Unknown Source) ~[na:1.7.0_71]
	at sun.reflect.DelegatingConstructorAccessorImpl.newInstance(Unknown Source) ~[na:1.7.0_71]
	at java.lang.reflect.Constructor.newInstance(Unknown Source) ~[na:1.7.0_71]
	at com.mysql.jdbc.Util.handleNewInstance(Util.java:411) ~[mysql-connector-java-5.1.25.jar:na]
	at com.mysql.jdbc.Util.getInstance(Util.java:386) ~[mysql-connector-java-5.1.25.jar:na]
	at com.mysql.jdbc.SQLError.createSQLException(SQLError.java:1054) ~[mysql-connector-java-5.1.25.jar:na]
	at com.mysql.jdbc.MysqlIO.checkErrorPacket(MysqlIO.java:4187) ~[mysql-connector-java-5.1.25.jar:na]
	at com.mysql.jdbc.MysqlIO.checkErrorPacket(MysqlIO.java:4119) ~[mysql-connector-java-5.1.25.jar:na]
	at com.mysql.jdbc.MysqlIO.sendCommand(MysqlIO.java:2570) ~[mysql-connector-java-5.1.25.jar:na]
	at com.mysql.jdbc.MysqlIO.sqlQueryDirect(MysqlIO.java:2731) ~[mysql-connector-java-5.1.25.jar:na]
	at com.mysql.jdbc.ConnectionImpl.execSQL(ConnectionImpl.java:2815) ~[mysql-connector-java-5.1.25.jar:na]
	at com.mysql.jdbc.PreparedStatement.executeInternal(PreparedStatement.java:2155) ~[mysql-connector-java-5.1.25.jar:na]
	at com.mysql.jdbc.PreparedStatement.executeQuery(PreparedStatement.java:2322) ~[mysql-connector-java-5.1.25.jar:na]
	at com.alibaba.druid.filter.FilterChainImpl.preparedStatement_executeQuery(FilterChainImpl.java:2708) ~[druid-0.2.9.jar:0.2.9]
	at com.alibaba.druid.filter.FilterEventAdapter.preparedStatement_executeQuery(FilterEventAdapter.java:465) ~[druid-0.2.9.jar:0.2.9]
	at com.alibaba.druid.filter.FilterChainImpl.preparedStatement_executeQuery(FilterChainImpl.java:2705) ~[druid-0.2.9.jar:0.2.9]
	at com.alibaba.druid.proxy.jdbc.PreparedStatementProxyImpl.executeQuery(PreparedStatementProxyImpl.java:99) ~[druid-0.2.9.jar:0.2.9]
	at com.alibaba.druid.pool.DruidPooledPreparedStatement.executeQuery(DruidPooledPreparedStatement.java:211) ~[druid-0.2.9.jar:0.2.9]
	at com.mogujie.ares.model.LoginModel.auth(LoginModel.java:57) ~[classes/:na]
	at com.mogujie.ares.extend.action.Login.login(Login.java:41) ~[classes/:na]
	at sun.reflect.NativeMethodAccessorImpl.invoke0(Native Method) ~[na:1.7.0_71]
	at sun.reflect.NativeMethodAccessorImpl.invoke(Unknown Source) ~[na:1.7.0_71]
	at sun.reflect.DelegatingMethodAccessorImpl.invoke(Unknown Source) ~[na:1.7.0_71]
	at java.lang.reflect.Method.invoke(Unknown Source) ~[na:1.7.0_71]
	at com.mogujie.ares.extend.ActionContext.invoke(ActionContext.java:99) [classes/:na]
	at com.mogujie.ares.extend.dispatch.DefaultRequestDispatcher.dispatch(DefaultRequestDispatcher.java:61) [classes/:na]
	at com.mogujie.ares.lib.net.BinaryMessageHandler.messageReceived(BinaryMessageHandler.java:49) [classes/:na]
	at org.jboss.netty.channel.SimpleChannelHandler.handleUpstream(SimpleChannelHandler.java:88) [netty-3.6.6.Final.jar:na]
	at org.jboss.netty.channel.DefaultChannelPipeline.sendUpstream(DefaultChannelPipeline.java:564) [netty-3.6.6.Final.jar:na]
	at org.jboss.netty.channel.DefaultChannelPipeline$DefaultChannelHandlerContext.sendUpstream(DefaultChannelPipeline.java:791) [netty-3.6.6.Final.jar:na]
	at org.jboss.netty.handler.execution.ChannelUpstreamEventRunnable.doRun(ChannelUpstreamEventRunnable.java:43) [netty-3.6.6.Final.jar:na]
	at org.jboss.netty.handler.execution.ChannelEventRunnable.run(ChannelEventRunnable.java:67) [netty-3.6.6.Final.jar:na]
	at org.jboss.netty.handler.execution.OrderedMemoryAwareThreadPoolExecutor$ChildExecutor.run(OrderedMemoryAwareThreadPoolExecutor.java:314) [netty-3.6.6.Final.jar:na]
	at java.util.concurrent.ThreadPoolExecutor.runWorker(Unknown Source) [na:1.7.0_71]
	at java.util.concurrent.ThreadPoolExecutor$Worker.run(Unknown Source) [na:1.7.0_71]
	at java.lang.Thread.run(Unknown Source) [na:1.7.0_71]
13:29:14.040 [ERROR] [com.mogujie.ares.extend.action.Login] - login failed with reason : 
com.mysql.jdbc.exceptions.jdbc4.MySQLSyntaxErrorException: Unknown column 'pwd' in 'field list'
	at sun.reflect.NativeConstructorAccessorImpl.newInstance0(Native Method) ~[na:1.7.0_71]
	at sun.reflect.NativeConstructorAccessorImpl.newInstance(Unknown Source) ~[na:1.7.0_71]
	at sun.reflect.DelegatingConstructorAccessorImpl.newInstance(Unknown Source) ~[na:1.7.0_71]
	at java.lang.reflect.Constructor.newInstance(Unknown Source) ~[na:1.7.0_71]
	at com.mysql.jdbc.Util.handleNewInstance(Util.java:411) ~[mysql-connector-java-5.1.25.jar:na]
	at com.mysql.jdbc.Util.getInstance(Util.java:386) ~[mysql-connector-java-5.1.25.jar:na]
	at com.mysql.jdbc.SQLError.createSQLException(SQLError.java:1054) ~[mysql-connector-java-5.1.25.jar:na]
	at com.mysql.jdbc.MysqlIO.checkErrorPacket(MysqlIO.java:4187) ~[mysql-connector-java-5.1.25.jar:na]
	at com.mysql.jdbc.MysqlIO.checkErrorPacket(MysqlIO.java:4119) ~[mysql-connector-java-5.1.25.jar:na]
	at com.mysql.jdbc.MysqlIO.sendCommand(MysqlIO.java:2570) ~[mysql-connector-java-5.1.25.jar:na]
	at com.mysql.jdbc.MysqlIO.sqlQueryDirect(MysqlIO.java:2731) ~[mysql-connector-java-5.1.25.jar:na]
	at com.mysql.jdbc.ConnectionImpl.execSQL(ConnectionImpl.java:2815) ~[mysql-connector-java-5.1.25.jar:na]
	at com.mysql.jdbc.PreparedStatement.executeInternal(PreparedStatement.java:2155) ~[mysql-connector-java-5.1.25.jar:na]
	at com.mysql.jdbc.PreparedStatement.executeQuery(PreparedStatement.java:2322) ~[mysql-connector-java-5.1.25.jar:na]
	at com.alibaba.druid.filter.FilterChainImpl.preparedStatement_executeQuery(FilterChainImpl.java:2708) ~[druid-0.2.9.jar:0.2.9]
	at com.alibaba.druid.filter.FilterEventAdapter.preparedStatement_executeQuery(FilterEventAdapter.java:465) ~[druid-0.2.9.jar:0.2.9]
	at com.alibaba.druid.filter.FilterChainImpl.preparedStatement_executeQuery(FilterChainImpl.java:2705) ~[druid-0.2.9.jar:0.2.9]
	at com.alibaba.druid.proxy.jdbc.PreparedStatementProxyImpl.executeQuery(PreparedStatementProxyImpl.java:99) ~[druid-0.2.9.jar:0.2.9]
	at com.alibaba.druid.pool.DruidPooledPreparedStatement.executeQuery(DruidPooledPreparedStatement.java:211) ~[druid-0.2.9.jar:0.2.9]
	at com.mogujie.ares.model.LoginModel.auth(LoginModel.java:57) ~[classes/:na]
	at com.mogujie.ares.extend.action.Login.login(Login.java:41) ~[classes/:na]
	at sun.reflect.NativeMethodAccessorImpl.invoke0(Native Method) ~[na:1.7.0_71]
	at sun.reflect.NativeMethodAccessorImpl.invoke(Unknown Source) ~[na:1.7.0_71]
	at sun.reflect.DelegatingMethodAccessorImpl.invoke(Unknown Source) ~[na:1.7.0_71]
	at java.lang.reflect.Method.invoke(Unknown Source) ~[na:1.7.0_71]
	at com.mogujie.ares.extend.ActionContext.invoke(ActionContext.java:99) [classes/:na]
	at com.mogujie.ares.extend.dispatch.DefaultRequestDispatcher.dispatch(DefaultRequestDispatcher.java:61) [classes/:na]
	at com.mogujie.ares.lib.net.BinaryMessageHandler.messageReceived(BinaryMessageHandler.java:49) [classes/:na]
	at org.jboss.netty.channel.SimpleChannelHandler.handleUpstream(SimpleChannelHandler.java:88) [netty-3.6.6.Final.jar:na]
	at org.jboss.netty.channel.DefaultChannelPipeline.sendUpstream(DefaultChannelPipeline.java:564) [netty-3.6.6.Final.jar:na]
	at org.jboss.netty.channel.DefaultChannelPipeline$DefaultChannelHandlerContext.sendUpstream(DefaultChannelPipeline.java:791) [netty-3.6.6.Final.jar:na]
	at org.jboss.netty.handler.execution.ChannelUpstreamEventRunnable.doRun(ChannelUpstreamEventRunnable.java:43) [netty-3.6.6.Final.jar:na]
	at org.jboss.netty.handler.execution.ChannelEventRunnable.run(ChannelEventRunnable.java:67) [netty-3.6.6.Final.jar:na]
	at org.jboss.netty.handler.execution.OrderedMemoryAwareThreadPoolExecutor$ChildExecutor.run(OrderedMemoryAwareThreadPoolExecutor.java:314) [netty-3.6.6.Final.jar:na]
	at java.util.concurrent.ThreadPoolExecutor.runWorker(Unknown Source) [na:1.7.0_71]
	at java.util.concurrent.ThreadPoolExecutor$Worker.run(Unknown Source) [na:1.7.0_71]
	at java.lang.Thread.run(Unknown Source) [na:1.7.0_71]
13:30:21.623 [ERROR] [com.mogujie.ares.model.UserModel] - get user info error with reason : java.sql.SQLException: Column 'status1' not found.
13:30:25.702 [ERROR] [com.mogujie.ares.extend.action.Login] - login failed with reason : 
java.sql.SQLException: Column 'status1' not found.
	at com.mysql.jdbc.SQLError.createSQLException(SQLError.java:1078) ~[mysql-connector-java-5.1.25.jar:na]
	at com.mysql.jdbc.SQLError.createSQLException(SQLError.java:989) ~[mysql-connector-java-5.1.25.jar:na]
	at com.mysql.jdbc.SQLError.createSQLException(SQLError.java:975) ~[mysql-connector-java-5.1.25.jar:na]
	at com.mysql.jdbc.SQLError.createSQLException(SQLError.java:920) ~[mysql-connector-java-5.1.25.jar:na]
	at com.mysql.jdbc.ResultSetImpl.findColumn(ResultSetImpl.java:1167) ~[mysql-connector-java-5.1.25.jar:na]
	at com.mysql.jdbc.ResultSetImpl.getByte(ResultSetImpl.java:1838) ~[mysql-connector-java-5.1.25.jar:na]
	at com.alibaba.druid.filter.FilterChainImpl.resultSet_getByte(FilterChainImpl.java:821) ~[druid-0.2.9.jar:0.2.9]
	at com.alibaba.druid.filter.FilterAdapter.resultSet_getByte(FilterAdapter.java:1494) ~[druid-0.2.9.jar:0.2.9]
	at com.alibaba.druid.filter.FilterChainImpl.resultSet_getByte(FilterChainImpl.java:819) ~[druid-0.2.9.jar:0.2.9]
	at com.alibaba.druid.proxy.jdbc.ResultSetProxyImpl.getByte(ResultSetProxyImpl.java:239) ~[druid-0.2.9.jar:0.2.9]
	at com.alibaba.druid.pool.DruidPooledResultSet.getByte(DruidPooledResultSet.java:277) ~[druid-0.2.9.jar:0.2.9]
	at com.mogujie.ares.model.UserModel.extractUser(UserModel.java:420) ~[classes/:na]
	at com.mogujie.ares.model.UserModel.getUserInfo(UserModel.java:246) ~[classes/:na]
	at com.mogujie.ares.model.UserModel.getUserInfo(UserModel.java:214) ~[classes/:na]
	at com.mogujie.ares.extend.action.Login.login(Login.java:44) ~[classes/:na]
	at sun.reflect.NativeMethodAccessorImpl.invoke0(Native Method) ~[na:1.7.0_71]
	at sun.reflect.NativeMethodAccessorImpl.invoke(Unknown Source) ~[na:1.7.0_71]
	at sun.reflect.DelegatingMethodAccessorImpl.invoke(Unknown Source) ~[na:1.7.0_71]
	at java.lang.reflect.Method.invoke(Unknown Source) ~[na:1.7.0_71]
	at com.mogujie.ares.extend.ActionContext.invoke(ActionContext.java:99) [classes/:na]
	at com.mogujie.ares.extend.dispatch.DefaultRequestDispatcher.dispatch(DefaultRequestDispatcher.java:61) [classes/:na]
	at com.mogujie.ares.lib.net.BinaryMessageHandler.messageReceived(BinaryMessageHandler.java:49) [classes/:na]
	at org.jboss.netty.channel.SimpleChannelHandler.handleUpstream(SimpleChannelHandler.java:88) [netty-3.6.6.Final.jar:na]
	at org.jboss.netty.channel.DefaultChannelPipeline.sendUpstream(DefaultChannelPipeline.java:564) [netty-3.6.6.Final.jar:na]
	at org.jboss.netty.channel.DefaultChannelPipeline$DefaultChannelHandlerContext.sendUpstream(DefaultChannelPipeline.java:791) [netty-3.6.6.Final.jar:na]
	at org.jboss.netty.handler.execution.ChannelUpstreamEventRunnable.doRun(ChannelUpstreamEventRunnable.java:43) [netty-3.6.6.Final.jar:na]
	at org.jboss.netty.handler.execution.ChannelEventRunnable.run(ChannelEventRunnable.java:67) [netty-3.6.6.Final.jar:na]
	at org.jboss.netty.handler.execution.OrderedMemoryAwareThreadPoolExecutor$ChildExecutor.run(OrderedMemoryAwareThreadPoolExecutor.java:314) [netty-3.6.6.Final.jar:na]
	at java.util.concurrent.ThreadPoolExecutor.runWorker(Unknown Source) [na:1.7.0_71]
	at java.util.concurrent.ThreadPoolExecutor$Worker.run(Unknown Source) [na:1.7.0_71]
	at java.lang.Thread.run(Unknown Source) [na:1.7.0_71]
13:32:06.684 [ERROR] [com.mogujie.ares.extend.dispatch.DefaultRequestDispatcher] - commandId: 3
java.lang.reflect.InvocationTargetException: null
	at sun.reflect.NativeMethodAccessorImpl.invoke0(Native Method) ~[na:1.7.0_71]
	at sun.reflect.NativeMethodAccessorImpl.invoke(Unknown Source) ~[na:1.7.0_71]
	at sun.reflect.DelegatingMethodAccessorImpl.invoke(Unknown Source) ~[na:1.7.0_71]
	at java.lang.reflect.Method.invoke(Unknown Source) ~[na:1.7.0_71]
	at com.mogujie.ares.extend.ActionContext.invoke(ActionContext.java:99) ~[classes/:na]
	at com.mogujie.ares.extend.dispatch.DefaultRequestDispatcher.dispatch(DefaultRequestDispatcher.java:61) ~[classes/:na]
	at com.mogujie.ares.lib.net.BinaryMessageHandler.messageReceived(BinaryMessageHandler.java:49) [classes/:na]
	at org.jboss.netty.channel.SimpleChannelHandler.handleUpstream(SimpleChannelHandler.java:88) [netty-3.6.6.Final.jar:na]
	at org.jboss.netty.channel.DefaultChannelPipeline.sendUpstream(DefaultChannelPipeline.java:564) [netty-3.6.6.Final.jar:na]
	at org.jboss.netty.channel.DefaultChannelPipeline$DefaultChannelHandlerContext.sendUpstream(DefaultChannelPipeline.java:791) [netty-3.6.6.Final.jar:na]
	at org.jboss.netty.handler.execution.ChannelUpstreamEventRunnable.doRun(ChannelUpstreamEventRunnable.java:43) [netty-3.6.6.Final.jar:na]
	at org.jboss.netty.handler.execution.ChannelEventRunnable.run(ChannelEventRunnable.java:67) [netty-3.6.6.Final.jar:na]
	at org.jboss.netty.handler.execution.OrderedMemoryAwareThreadPoolExecutor$ChildExecutor.run(OrderedMemoryAwareThreadPoolExecutor.java:314) [netty-3.6.6.Final.jar:na]
	at java.util.concurrent.ThreadPoolExecutor.runWorker(Unknown Source) [na:1.7.0_71]
	at java.util.concurrent.ThreadPoolExecutor$Worker.run(Unknown Source) [na:1.7.0_71]
	at java.lang.Thread.run(Unknown Source) [na:1.7.0_71]
Caused by: java.lang.NullPointerException: null
	at com.mogujie.ares.lib.net.DataBuffer.writeString(DataBuffer.java:116) ~[classes/:na]
	at com.mogujie.ares.extend.action.Login.bulidBuffer(Login.java:77) ~[classes/:na]
	at com.mogujie.ares.extend.action.Login.login(Login.java:59) ~[classes/:na]
	... 16 common frames omitted
13:33:03.306 [ERROR] [com.mogujie.ares.extend.dispatch.DefaultRequestDispatcher] - commandId: 3
java.lang.reflect.InvocationTargetException: null
	at sun.reflect.NativeMethodAccessorImpl.invoke0(Native Method) ~[na:1.7.0_71]
	at sun.reflect.NativeMethodAccessorImpl.invoke(Unknown Source) ~[na:1.7.0_71]
	at sun.reflect.DelegatingMethodAccessorImpl.invoke(Unknown Source) ~[na:1.7.0_71]
	at java.lang.reflect.Method.invoke(Unknown Source) ~[na:1.7.0_71]
	at com.mogujie.ares.extend.ActionContext.invoke(ActionContext.java:99) ~[classes/:na]
	at com.mogujie.ares.extend.dispatch.DefaultRequestDispatcher.dispatch(DefaultRequestDispatcher.java:61) ~[classes/:na]
	at com.mogujie.ares.lib.net.BinaryMessageHandler.messageReceived(BinaryMessageHandler.java:49) [classes/:na]
	at org.jboss.netty.channel.SimpleChannelHandler.handleUpstream(SimpleChannelHandler.java:88) [netty-3.6.6.Final.jar:na]
	at org.jboss.netty.channel.DefaultChannelPipeline.sendUpstream(DefaultChannelPipeline.java:564) [netty-3.6.6.Final.jar:na]
	at org.jboss.netty.channel.DefaultChannelPipeline$DefaultChannelHandlerContext.sendUpstream(DefaultChannelPipeline.java:791) [netty-3.6.6.Final.jar:na]
	at org.jboss.netty.handler.execution.ChannelUpstreamEventRunnable.doRun(ChannelUpstreamEventRunnable.java:43) [netty-3.6.6.Final.jar:na]
	at org.jboss.netty.handler.execution.ChannelEventRunnable.run(ChannelEventRunnable.java:67) [netty-3.6.6.Final.jar:na]
	at org.jboss.netty.handler.execution.OrderedMemoryAwareThreadPoolExecutor$ChildExecutor.run(OrderedMemoryAwareThreadPoolExecutor.java:314) [netty-3.6.6.Final.jar:na]
	at java.util.concurrent.ThreadPoolExecutor.runWorker(Unknown Source) [na:1.7.0_71]
	at java.util.concurrent.ThreadPoolExecutor$Worker.run(Unknown Source) [na:1.7.0_71]
	at java.lang.Thread.run(Unknown Source) [na:1.7.0_71]
Caused by: java.lang.NullPointerException: null
	at com.mogujie.ares.lib.net.DataBuffer.writeString(DataBuffer.java:116) ~[classes/:na]
	at com.mogujie.ares.extend.action.Login.bulidBuffer(Login.java:77) ~[classes/:na]
	at com.mogujie.ares.extend.action.Login.login(Login.java:59) ~[classes/:na]
	... 16 common frames omitted
13:34:20.444 [ERROR] [com.mogujie.ares.extend.dispatch.DefaultRequestDispatcher] - commandId: 140
java.lang.IndexOutOfBoundsException: Not enough readable bytes - Need 825307441, maximum is 1
	at org.jboss.netty.buffer.AbstractChannelBuffer.checkReadableBytes(AbstractChannelBuffer.java:661) ~[netty-3.6.6.Final.jar:na]
	at org.jboss.netty.buffer.AbstractChannelBuffer.readBytes(AbstractChannelBuffer.java:338) ~[netty-3.6.6.Final.jar:na]
	at org.jboss.netty.buffer.AbstractChannelBuffer.readBytes(AbstractChannelBuffer.java:344) ~[netty-3.6.6.Final.jar:na]
	at com.mogujie.ares.lib.net.DataBuffer.readByteArray(DataBuffer.java:174) ~[classes/:na]
	at com.mogujie.ares.extend.RequestParams.decode(RequestParams.java:100) ~[classes/:na]
	at com.mogujie.ares.extend.ActionContext.decode(ActionContext.java:111) ~[classes/:na]
	at com.mogujie.ares.extend.ActionContext.invoke(ActionContext.java:83) ~[classes/:na]
	at com.mogujie.ares.extend.dispatch.DefaultRequestDispatcher.dispatch(DefaultRequestDispatcher.java:61) ~[classes/:na]
	at com.mogujie.ares.lib.net.BinaryMessageHandler.messageReceived(BinaryMessageHandler.java:49) [classes/:na]
	at org.jboss.netty.channel.SimpleChannelHandler.handleUpstream(SimpleChannelHandler.java:88) [netty-3.6.6.Final.jar:na]
	at org.jboss.netty.channel.DefaultChannelPipeline.sendUpstream(DefaultChannelPipeline.java:564) [netty-3.6.6.Final.jar:na]
	at org.jboss.netty.channel.DefaultChannelPipeline$DefaultChannelHandlerContext.sendUpstream(DefaultChannelPipeline.java:791) [netty-3.6.6.Final.jar:na]
	at org.jboss.netty.handler.execution.ChannelUpstreamEventRunnable.doRun(ChannelUpstreamEventRunnable.java:43) [netty-3.6.6.Final.jar:na]
	at org.jboss.netty.handler.execution.ChannelEventRunnable.run(ChannelEventRunnable.java:67) [netty-3.6.6.Final.jar:na]
	at org.jboss.netty.handler.execution.OrderedMemoryAwareThreadPoolExecutor$ChildExecutor.run(OrderedMemoryAwareThreadPoolExecutor.java:314) [netty-3.6.6.Final.jar:na]
	at java.util.concurrent.ThreadPoolExecutor.runWorker(Unknown Source) [na:1.7.0_71]
	at java.util.concurrent.ThreadPoolExecutor$Worker.run(Unknown Source) [na:1.7.0_71]
	at java.lang.Thread.run(Unknown Source) [na:1.7.0_71]
13:34:20.713 [ERROR] [com.mogujie.ares.extend.dispatch.DefaultRequestDispatcher] - commandId: 140
java.lang.IndexOutOfBoundsException: Not enough readable bytes - Need 825307441, maximum is 1
	at org.jboss.netty.buffer.AbstractChannelBuffer.checkReadableBytes(AbstractChannelBuffer.java:661) ~[netty-3.6.6.Final.jar:na]
	at org.jboss.netty.buffer.AbstractChannelBuffer.readBytes(AbstractChannelBuffer.java:338) ~[netty-3.6.6.Final.jar:na]
	at org.jboss.netty.buffer.AbstractChannelBuffer.readBytes(AbstractChannelBuffer.java:344) ~[netty-3.6.6.Final.jar:na]
	at com.mogujie.ares.lib.net.DataBuffer.readByteArray(DataBuffer.java:174) ~[classes/:na]
	at com.mogujie.ares.extend.RequestParams.decode(RequestParams.java:100) ~[classes/:na]
	at com.mogujie.ares.extend.ActionContext.decode(ActionContext.java:111) ~[classes/:na]
	at com.mogujie.ares.extend.ActionContext.invoke(ActionContext.java:83) ~[classes/:na]
	at com.mogujie.ares.extend.dispatch.DefaultRequestDispatcher.dispatch(DefaultRequestDispatcher.java:61) ~[classes/:na]
	at com.mogujie.ares.lib.net.BinaryMessageHandler.messageReceived(BinaryMessageHandler.java:49) [classes/:na]
	at org.jboss.netty.channel.SimpleChannelHandler.handleUpstream(SimpleChannelHandler.java:88) [netty-3.6.6.Final.jar:na]
	at org.jboss.netty.channel.DefaultChannelPipeline.sendUpstream(DefaultChannelPipeline.java:564) [netty-3.6.6.Final.jar:na]
	at org.jboss.netty.channel.DefaultChannelPipeline$DefaultChannelHandlerContext.sendUpstream(DefaultChannelPipeline.java:791) [netty-3.6.6.Final.jar:na]
	at org.jboss.netty.handler.execution.ChannelUpstreamEventRunnable.doRun(ChannelUpstreamEventRunnable.java:43) [netty-3.6.6.Final.jar:na]
	at org.jboss.netty.handler.execution.ChannelEventRunnable.run(ChannelEventRunnable.java:67) [netty-3.6.6.Final.jar:na]
	at org.jboss.netty.handler.execution.OrderedMemoryAwareThreadPoolExecutor$ChildExecutor.run(OrderedMemoryAwareThreadPoolExecutor.java:314) [netty-3.6.6.Final.jar:na]
	at java.util.concurrent.ThreadPoolExecutor.runWorker(Unknown Source) [na:1.7.0_71]
	at java.util.concurrent.ThreadPoolExecutor$Worker.run(Unknown Source) [na:1.7.0_71]
	at java.lang.Thread.run(Unknown Source) [na:1.7.0_71]
13:36:10.970 [ERROR] [com.mogujie.ares.extend.dispatch.DefaultRequestDispatcher] - commandId: 140
java.lang.IndexOutOfBoundsException: Not enough readable bytes - Need 825307441, maximum is 1
	at org.jboss.netty.buffer.AbstractChannelBuffer.checkReadableBytes(AbstractChannelBuffer.java:661) ~[netty-3.6.6.Final.jar:na]
	at org.jboss.netty.buffer.AbstractChannelBuffer.readBytes(AbstractChannelBuffer.java:338) ~[netty-3.6.6.Final.jar:na]
	at org.jboss.netty.buffer.AbstractChannelBuffer.readBytes(AbstractChannelBuffer.java:344) ~[netty-3.6.6.Final.jar:na]
	at com.mogujie.ares.lib.net.DataBuffer.readByteArray(DataBuffer.java:174) ~[classes/:na]
	at com.mogujie.ares.extend.RequestParams.decode(RequestParams.java:100) ~[classes/:na]
	at com.mogujie.ares.extend.ActionContext.decode(ActionContext.java:111) ~[classes/:na]
	at com.mogujie.ares.extend.ActionContext.invoke(ActionContext.java:83) ~[classes/:na]
	at com.mogujie.ares.extend.dispatch.DefaultRequestDispatcher.dispatch(DefaultRequestDispatcher.java:61) ~[classes/:na]
	at com.mogujie.ares.lib.net.BinaryMessageHandler.messageReceived(BinaryMessageHandler.java:49) [classes/:na]
	at org.jboss.netty.channel.SimpleChannelHandler.handleUpstream(SimpleChannelHandler.java:88) [netty-3.6.6.Final.jar:na]
	at org.jboss.netty.channel.DefaultChannelPipeline.sendUpstream(DefaultChannelPipeline.java:564) [netty-3.6.6.Final.jar:na]
	at org.jboss.netty.channel.DefaultChannelPipeline$DefaultChannelHandlerContext.sendUpstream(DefaultChannelPipeline.java:791) [netty-3.6.6.Final.jar:na]
	at org.jboss.netty.handler.execution.ChannelUpstreamEventRunnable.doRun(ChannelUpstreamEventRunnable.java:43) [netty-3.6.6.Final.jar:na]
	at org.jboss.netty.handler.execution.ChannelEventRunnable.run(ChannelEventRunnable.java:67) [netty-3.6.6.Final.jar:na]
	at org.jboss.netty.handler.execution.OrderedMemoryAwareThreadPoolExecutor$ChildExecutor.run(OrderedMemoryAwareThreadPoolExecutor.java:314) [netty-3.6.6.Final.jar:na]
	at java.util.concurrent.ThreadPoolExecutor.runWorker(Unknown Source) [na:1.7.0_71]
	at java.util.concurrent.ThreadPoolExecutor$Worker.run(Unknown Source) [na:1.7.0_71]
	at java.lang.Thread.run(Unknown Source) [na:1.7.0_71]
13:36:29.497 [ERROR] [com.mogujie.ares.extend.dispatch.DefaultRequestDispatcher] - commandId: 140
java.lang.IndexOutOfBoundsException: Not enough readable bytes - Need 825307441, maximum is 1
	at org.jboss.netty.buffer.AbstractChannelBuffer.checkReadableBytes(AbstractChannelBuffer.java:661) ~[netty-3.6.6.Final.jar:na]
	at org.jboss.netty.buffer.AbstractChannelBuffer.readBytes(AbstractChannelBuffer.java:338) ~[netty-3.6.6.Final.jar:na]
	at org.jboss.netty.buffer.AbstractChannelBuffer.readBytes(AbstractChannelBuffer.java:344) ~[netty-3.6.6.Final.jar:na]
	at com.mogujie.ares.lib.net.DataBuffer.readByteArray(DataBuffer.java:174) ~[classes/:na]
	at com.mogujie.ares.extend.RequestParams.decode(RequestParams.java:100) ~[classes/:na]
	at com.mogujie.ares.extend.ActionContext.decode(ActionContext.java:111) ~[classes/:na]
	at com.mogujie.ares.extend.ActionContext.invoke(ActionContext.java:83) ~[classes/:na]
	at com.mogujie.ares.extend.dispatch.DefaultRequestDispatcher.dispatch(DefaultRequestDispatcher.java:61) ~[classes/:na]
	at com.mogujie.ares.lib.net.BinaryMessageHandler.messageReceived(BinaryMessageHandler.java:49) [classes/:na]
	at org.jboss.netty.channel.SimpleChannelHandler.handleUpstream(SimpleChannelHandler.java:88) [netty-3.6.6.Final.jar:na]
	at org.jboss.netty.channel.DefaultChannelPipeline.sendUpstream(DefaultChannelPipeline.java:564) [netty-3.6.6.Final.jar:na]
	at org.jboss.netty.channel.DefaultChannelPipeline$DefaultChannelHandlerContext.sendUpstream(DefaultChannelPipeline.java:791) [netty-3.6.6.Final.jar:na]
	at org.jboss.netty.handler.execution.ChannelUpstreamEventRunnable.doRun(ChannelUpstreamEventRunnable.java:43) [netty-3.6.6.Final.jar:na]
	at org.jboss.netty.handler.execution.ChannelEventRunnable.run(ChannelEventRunnable.java:67) [netty-3.6.6.Final.jar:na]
	at org.jboss.netty.handler.execution.OrderedMemoryAwareThreadPoolExecutor$ChildExecutor.run(OrderedMemoryAwareThreadPoolExecutor.java:314) [netty-3.6.6.Final.jar:na]
	at java.util.concurrent.ThreadPoolExecutor.runWorker(Unknown Source) [na:1.7.0_71]
	at java.util.concurrent.ThreadPoolExecutor$Worker.run(Unknown Source) [na:1.7.0_71]
	at java.lang.Thread.run(Unknown Source) [na:1.7.0_71]
13:40:34.668 [ERROR] [com.mogujie.ares.extend.dispatch.DefaultRequestDispatcher] - commandId: 140
java.lang.NegativeArraySizeException: null
	at com.mogujie.ares.lib.net.DataBuffer.readByteArray(DataBuffer.java:173) ~[classes/:na]
	at com.mogujie.ares.extend.RequestParams.decode(RequestParams.java:100) ~[classes/:na]
	at com.mogujie.ares.extend.ActionContext.decode(ActionContext.java:111) ~[classes/:na]
	at com.mogujie.ares.extend.ActionContext.invoke(ActionContext.java:83) ~[classes/:na]
	at com.mogujie.ares.extend.dispatch.DefaultRequestDispatcher.dispatch(DefaultRequestDispatcher.java:61) ~[classes/:na]
	at com.mogujie.ares.lib.net.BinaryMessageHandler.messageReceived(BinaryMessageHandler.java:49) [classes/:na]
	at org.jboss.netty.channel.SimpleChannelHandler.handleUpstream(SimpleChannelHandler.java:88) [netty-3.6.6.Final.jar:na]
	at org.jboss.netty.channel.DefaultChannelPipeline.sendUpstream(DefaultChannelPipeline.java:564) [netty-3.6.6.Final.jar:na]
	at org.jboss.netty.channel.DefaultChannelPipeline$DefaultChannelHandlerContext.sendUpstream(DefaultChannelPipeline.java:791) [netty-3.6.6.Final.jar:na]
	at org.jboss.netty.handler.execution.ChannelUpstreamEventRunnable.doRun(ChannelUpstreamEventRunnable.java:43) [netty-3.6.6.Final.jar:na]
	at org.jboss.netty.handler.execution.ChannelEventRunnable.run(ChannelEventRunnable.java:67) [netty-3.6.6.Final.jar:na]
	at org.jboss.netty.handler.execution.OrderedMemoryAwareThreadPoolExecutor$ChildExecutor.run(OrderedMemoryAwareThreadPoolExecutor.java:314) [netty-3.6.6.Final.jar:na]
	at java.util.concurrent.ThreadPoolExecutor.runWorker(Unknown Source) [na:1.7.0_71]
	at java.util.concurrent.ThreadPoolExecutor$Worker.run(Unknown Source) [na:1.7.0_71]
	at java.lang.Thread.run(Unknown Source) [na:1.7.0_71]
13:40:53.535 [ERROR] [com.mogujie.ares.extend.dispatch.DefaultRequestDispatcher] - commandId: 140
java.lang.NegativeArraySizeException: null
	at com.mogujie.ares.lib.net.DataBuffer.readByteArray(DataBuffer.java:173) ~[classes/:na]
	at com.mogujie.ares.extend.RequestParams.decode(RequestParams.java:100) ~[classes/:na]
	at com.mogujie.ares.extend.ActionContext.decode(ActionContext.java:111) ~[classes/:na]
	at com.mogujie.ares.extend.ActionContext.invoke(ActionContext.java:83) ~[classes/:na]
	at com.mogujie.ares.extend.dispatch.DefaultRequestDispatcher.dispatch(DefaultRequestDispatcher.java:61) ~[classes/:na]
	at com.mogujie.ares.lib.net.BinaryMessageHandler.messageReceived(BinaryMessageHandler.java:49) [classes/:na]
	at org.jboss.netty.channel.SimpleChannelHandler.handleUpstream(SimpleChannelHandler.java:88) [netty-3.6.6.Final.jar:na]
	at org.jboss.netty.channel.DefaultChannelPipeline.sendUpstream(DefaultChannelPipeline.java:564) [netty-3.6.6.Final.jar:na]
	at org.jboss.netty.channel.DefaultChannelPipeline$DefaultChannelHandlerContext.sendUpstream(DefaultChannelPipeline.java:791) [netty-3.6.6.Final.jar:na]
	at org.jboss.netty.handler.execution.ChannelUpstreamEventRunnable.doRun(ChannelUpstreamEventRunnable.java:43) [netty-3.6.6.Final.jar:na]
	at org.jboss.netty.handler.execution.ChannelEventRunnable.run(ChannelEventRunnable.java:67) [netty-3.6.6.Final.jar:na]
	at org.jboss.netty.handler.execution.OrderedMemoryAwareThreadPoolExecutor$ChildExecutor.run(OrderedMemoryAwareThreadPoolExecutor.java:314) [netty-3.6.6.Final.jar:na]
	at java.util.concurrent.ThreadPoolExecutor.runWorker(Unknown Source) [na:1.7.0_71]
	at java.util.concurrent.ThreadPoolExecutor$Worker.run(Unknown Source) [na:1.7.0_71]
	at java.lang.Thread.run(Unknown Source) [na:1.7.0_71]
13:43:01.914 [ERROR] [com.mogujie.ares.extend.dispatch.DefaultRequestDispatcher] - commandId: 140
java.lang.NegativeArraySizeException: null
	at com.mogujie.ares.lib.net.DataBuffer.readByteArray(DataBuffer.java:173) ~[classes/:na]
	at com.mogujie.ares.extend.RequestParams.decode(RequestParams.java:100) ~[classes/:na]
	at com.mogujie.ares.extend.ActionContext.decode(ActionContext.java:111) ~[classes/:na]
	at com.mogujie.ares.extend.ActionContext.invoke(ActionContext.java:83) ~[classes/:na]
	at com.mogujie.ares.extend.dispatch.DefaultRequestDispatcher.dispatch(DefaultRequestDispatcher.java:61) ~[classes/:na]
	at com.mogujie.ares.lib.net.BinaryMessageHandler.messageReceived(BinaryMessageHandler.java:49) [classes/:na]
	at org.jboss.netty.channel.SimpleChannelHandler.handleUpstream(SimpleChannelHandler.java:88) [netty-3.6.6.Final.jar:na]
	at org.jboss.netty.channel.DefaultChannelPipeline.sendUpstream(DefaultChannelPipeline.java:564) [netty-3.6.6.Final.jar:na]
	at org.jboss.netty.channel.DefaultChannelPipeline$DefaultChannelHandlerContext.sendUpstream(DefaultChannelPipeline.java:791) [netty-3.6.6.Final.jar:na]
	at org.jboss.netty.handler.execution.ChannelUpstreamEventRunnable.doRun(ChannelUpstreamEventRunnable.java:43) [netty-3.6.6.Final.jar:na]
	at org.jboss.netty.handler.execution.ChannelEventRunnable.run(ChannelEventRunnable.java:67) [netty-3.6.6.Final.jar:na]
	at org.jboss.netty.handler.execution.OrderedMemoryAwareThreadPoolExecutor$ChildExecutor.run(OrderedMemoryAwareThreadPoolExecutor.java:314) [netty-3.6.6.Final.jar:na]
	at java.util.concurrent.ThreadPoolExecutor.runWorker(Unknown Source) [na:1.7.0_71]
	at java.util.concurrent.ThreadPoolExecutor$Worker.run(Unknown Source) [na:1.7.0_71]
	at java.lang.Thread.run(Unknown Source) [na:1.7.0_71]
13:43:03.748 [ERROR] [com.mogujie.ares.extend.dispatch.DefaultRequestDispatcher] - commandId: 140
java.lang.NegativeArraySizeException: null
	at com.mogujie.ares.lib.net.DataBuffer.readByteArray(DataBuffer.java:173) ~[classes/:na]
	at com.mogujie.ares.extend.RequestParams.decode(RequestParams.java:100) ~[classes/:na]
	at com.mogujie.ares.extend.ActionContext.decode(ActionContext.java:111) ~[classes/:na]
	at com.mogujie.ares.extend.ActionContext.invoke(ActionContext.java:83) ~[classes/:na]
	at com.mogujie.ares.extend.dispatch.DefaultRequestDispatcher.dispatch(DefaultRequestDispatcher.java:61) ~[classes/:na]
	at com.mogujie.ares.lib.net.BinaryMessageHandler.messageReceived(BinaryMessageHandler.java:49) [classes/:na]
	at org.jboss.netty.channel.SimpleChannelHandler.handleUpstream(SimpleChannelHandler.java:88) [netty-3.6.6.Final.jar:na]
	at org.jboss.netty.channel.DefaultChannelPipeline.sendUpstream(DefaultChannelPipeline.java:564) [netty-3.6.6.Final.jar:na]
	at org.jboss.netty.channel.DefaultChannelPipeline$DefaultChannelHandlerContext.sendUpstream(DefaultChannelPipeline.java:791) [netty-3.6.6.Final.jar:na]
	at org.jboss.netty.handler.execution.ChannelUpstreamEventRunnable.doRun(ChannelUpstreamEventRunnable.java:43) [netty-3.6.6.Final.jar:na]
	at org.jboss.netty.handler.execution.ChannelEventRunnable.run(ChannelEventRunnable.java:67) [netty-3.6.6.Final.jar:na]
	at org.jboss.netty.handler.execution.OrderedMemoryAwareThreadPoolExecutor$ChildExecutor.run(OrderedMemoryAwareThreadPoolExecutor.java:314) [netty-3.6.6.Final.jar:na]
	at java.util.concurrent.ThreadPoolExecutor.runWorker(Unknown Source) [na:1.7.0_71]
	at java.util.concurrent.ThreadPoolExecutor$Worker.run(Unknown Source) [na:1.7.0_71]
	at java.lang.Thread.run(Unknown Source) [na:1.7.0_71]
13:48:33.972 [ERROR] [com.mogujie.ares.extend.dispatch.DefaultRequestDispatcher] - commandId: 140
java.lang.NegativeArraySizeException: null
	at com.mogujie.ares.lib.net.DataBuffer.readByteArray(DataBuffer.java:173) ~[classes/:na]
	at com.mogujie.ares.extend.RequestParams.decode(RequestParams.java:100) ~[classes/:na]
	at com.mogujie.ares.extend.ActionContext.decode(ActionContext.java:111) ~[classes/:na]
	at com.mogujie.ares.extend.ActionContext.invoke(ActionContext.java:83) ~[classes/:na]
	at com.mogujie.ares.extend.dispatch.DefaultRequestDispatcher.dispatch(DefaultRequestDispatcher.java:61) ~[classes/:na]
	at com.mogujie.ares.lib.net.BinaryMessageHandler.messageReceived(BinaryMessageHandler.java:49) [classes/:na]
	at org.jboss.netty.channel.SimpleChannelHandler.handleUpstream(SimpleChannelHandler.java:88) [netty-3.6.6.Final.jar:na]
	at org.jboss.netty.channel.DefaultChannelPipeline.sendUpstream(DefaultChannelPipeline.java:564) [netty-3.6.6.Final.jar:na]
	at org.jboss.netty.channel.DefaultChannelPipeline$DefaultChannelHandlerContext.sendUpstream(DefaultChannelPipeline.java:791) [netty-3.6.6.Final.jar:na]
	at org.jboss.netty.handler.execution.ChannelUpstreamEventRunnable.doRun(ChannelUpstreamEventRunnable.java:43) [netty-3.6.6.Final.jar:na]
	at org.jboss.netty.handler.execution.ChannelEventRunnable.run(ChannelEventRunnable.java:67) [netty-3.6.6.Final.jar:na]
	at org.jboss.netty.handler.execution.OrderedMemoryAwareThreadPoolExecutor$ChildExecutor.run(OrderedMemoryAwareThreadPoolExecutor.java:314) [netty-3.6.6.Final.jar:na]
	at java.util.concurrent.ThreadPoolExecutor.runWorker(Unknown Source) [na:1.7.0_71]
	at java.util.concurrent.ThreadPoolExecutor$Worker.run(Unknown Source) [na:1.7.0_71]
	at java.lang.Thread.run(Unknown Source) [na:1.7.0_71]
13:48:33.972 [ERROR] [com.mogujie.ares.extend.dispatch.DefaultRequestDispatcher] - commandId: 140
java.lang.NegativeArraySizeException: null
	at com.mogujie.ares.lib.net.DataBuffer.readByteArray(DataBuffer.java:173) ~[classes/:na]
	at com.mogujie.ares.extend.RequestParams.decode(RequestParams.java:100) ~[classes/:na]
	at com.mogujie.ares.extend.ActionContext.decode(ActionContext.java:111) ~[classes/:na]
	at com.mogujie.ares.extend.ActionContext.invoke(ActionContext.java:83) ~[classes/:na]
	at com.mogujie.ares.extend.dispatch.DefaultRequestDispatcher.dispatch(DefaultRequestDispatcher.java:61) ~[classes/:na]
	at com.mogujie.ares.lib.net.BinaryMessageHandler.messageReceived(BinaryMessageHandler.java:49) [classes/:na]
	at org.jboss.netty.channel.SimpleChannelHandler.handleUpstream(SimpleChannelHandler.java:88) [netty-3.6.6.Final.jar:na]
	at org.jboss.netty.channel.DefaultChannelPipeline.sendUpstream(DefaultChannelPipeline.java:564) [netty-3.6.6.Final.jar:na]
	at org.jboss.netty.channel.DefaultChannelPipeline$DefaultChannelHandlerContext.sendUpstream(DefaultChannelPipeline.java:791) [netty-3.6.6.Final.jar:na]
	at org.jboss.netty.handler.execution.ChannelUpstreamEventRunnable.doRun(ChannelUpstreamEventRunnable.java:43) [netty-3.6.6.Final.jar:na]
	at org.jboss.netty.handler.execution.ChannelEventRunnable.run(ChannelEventRunnable.java:67) [netty-3.6.6.Final.jar:na]
	at org.jboss.netty.handler.execution.OrderedMemoryAwareThreadPoolExecutor$ChildExecutor.run(OrderedMemoryAwareThreadPoolExecutor.java:314) [netty-3.6.6.Final.jar:na]
	at java.util.concurrent.ThreadPoolExecutor.runWorker(Unknown Source) [na:1.7.0_71]
	at java.util.concurrent.ThreadPoolExecutor$Worker.run(Unknown Source) [na:1.7.0_71]
	at java.lang.Thread.run(Unknown Source) [na:1.7.0_71]
13:57:55.076 [ERROR] [com.mogujie.ares.MainServer] - 
java.lang.NoSuchMethodException: com.mogujie.ares.extend.action.MessageContent.sendMessage(int, int, int, int, int, byte, java.lang.String, int)
	at java.lang.Class.getMethod(Unknown Source) ~[na:1.7.0_71]
	at com.mogujie.ares.extend.ActionHolder.put(ActionHolder.java:100) ~[classes/:na]
	at com.mogujie.ares.extend.ActionHolder.put(ActionHolder.java:63) ~[classes/:na]
	at com.mogujie.ares.manager.NetworkManager.initDispatcher(NetworkManager.java:135) ~[classes/:na]
	at com.mogujie.ares.manager.NetworkManager.init(NetworkManager.java:80) ~[classes/:na]
	at com.mogujie.ares.MainServer.initNet(MainServer.java:74) [classes/:na]
	at com.mogujie.ares.MainServer.bootup(MainServer.java:33) [classes/:na]
	at com.mogujie.ares.MainServer.main(MainServer.java:99) [classes/:na]
13:58:15.346 [ERROR] [com.mogujie.ares.MainServer] - 
java.lang.NoSuchMethodException: com.mogujie.ares.extend.action.MessageContent.sendMessage(int, int, int, int, int, byte, java.lang.String, int)
	at java.lang.Class.getMethod(Unknown Source) ~[na:1.7.0_71]
	at com.mogujie.ares.extend.ActionHolder.put(ActionHolder.java:100) ~[classes/:na]
	at com.mogujie.ares.extend.ActionHolder.put(ActionHolder.java:63) ~[classes/:na]
	at com.mogujie.ares.manager.NetworkManager.initDispatcher(NetworkManager.java:135) ~[classes/:na]
	at com.mogujie.ares.manager.NetworkManager.init(NetworkManager.java:80) ~[classes/:na]
	at com.mogujie.ares.MainServer.initNet(MainServer.java:74) [classes/:na]
	at com.mogujie.ares.MainServer.bootup(MainServer.java:33) [classes/:na]
	at com.mogujie.ares.MainServer.main(MainServer.java:99) [classes/:na]
14:01:26.045 [ERROR] [com.mogujie.ares.extend.dispatch.DefaultRequestDispatcher] - commandId: 140
java.lang.IndexOutOfBoundsException: Not enough readable bytes - Need 25601, maximum is 48
	at org.jboss.netty.buffer.AbstractChannelBuffer.checkReadableBytes(AbstractChannelBuffer.java:661) ~[netty-3.6.6.Final.jar:na]
	at org.jboss.netty.buffer.AbstractChannelBuffer.readBytes(AbstractChannelBuffer.java:338) ~[netty-3.6.6.Final.jar:na]
	at org.jboss.netty.buffer.AbstractChannelBuffer.readBytes(AbstractChannelBuffer.java:344) ~[netty-3.6.6.Final.jar:na]
	at com.mogujie.ares.lib.net.DataBuffer.readByteArray(DataBuffer.java:174) ~[classes/:na]
	at com.mogujie.ares.extend.RequestParams.decode(RequestParams.java:100) ~[classes/:na]
	at com.mogujie.ares.extend.ActionContext.decode(ActionContext.java:111) ~[classes/:na]
	at com.mogujie.ares.extend.ActionContext.invoke(ActionContext.java:83) ~[classes/:na]
	at com.mogujie.ares.extend.dispatch.DefaultRequestDispatcher.dispatch(DefaultRequestDispatcher.java:61) ~[classes/:na]
	at com.mogujie.ares.lib.net.BinaryMessageHandler.messageReceived(BinaryMessageHandler.java:49) [classes/:na]
	at org.jboss.netty.channel.SimpleChannelHandler.handleUpstream(SimpleChannelHandler.java:88) [netty-3.6.6.Final.jar:na]
	at org.jboss.netty.channel.DefaultChannelPipeline.sendUpstream(DefaultChannelPipeline.java:564) [netty-3.6.6.Final.jar:na]
	at org.jboss.netty.channel.DefaultChannelPipeline$DefaultChannelHandlerContext.sendUpstream(DefaultChannelPipeline.java:791) [netty-3.6.6.Final.jar:na]
	at org.jboss.netty.handler.execution.ChannelUpstreamEventRunnable.doRun(ChannelUpstreamEventRunnable.java:43) [netty-3.6.6.Final.jar:na]
	at org.jboss.netty.handler.execution.ChannelEventRunnable.run(ChannelEventRunnable.java:67) [netty-3.6.6.Final.jar:na]
	at org.jboss.netty.handler.execution.OrderedMemoryAwareThreadPoolExecutor$ChildExecutor.run(OrderedMemoryAwareThreadPoolExecutor.java:314) [netty-3.6.6.Final.jar:na]
	at java.util.concurrent.ThreadPoolExecutor.runWorker(Unknown Source) [na:1.7.0_71]
	at java.util.concurrent.ThreadPoolExecutor$Worker.run(Unknown Source) [na:1.7.0_71]
	at java.lang.Thread.run(Unknown Source) [na:1.7.0_71]
14:01:26.045 [ERROR] [com.mogujie.ares.extend.dispatch.DefaultRequestDispatcher] - commandId: 140
java.lang.IndexOutOfBoundsException: Not enough readable bytes - Need 25601, maximum is 48
	at org.jboss.netty.buffer.AbstractChannelBuffer.checkReadableBytes(AbstractChannelBuffer.java:661) ~[netty-3.6.6.Final.jar:na]
	at org.jboss.netty.buffer.AbstractChannelBuffer.readBytes(AbstractChannelBuffer.java:338) ~[netty-3.6.6.Final.jar:na]
	at org.jboss.netty.buffer.AbstractChannelBuffer.readBytes(AbstractChannelBuffer.java:344) ~[netty-3.6.6.Final.jar:na]
	at com.mogujie.ares.lib.net.DataBuffer.readByteArray(DataBuffer.java:174) ~[classes/:na]
	at com.mogujie.ares.extend.RequestParams.decode(RequestParams.java:100) ~[classes/:na]
	at com.mogujie.ares.extend.ActionContext.decode(ActionContext.java:111) ~[classes/:na]
	at com.mogujie.ares.extend.ActionContext.invoke(ActionContext.java:83) ~[classes/:na]
	at com.mogujie.ares.extend.dispatch.DefaultRequestDispatcher.dispatch(DefaultRequestDispatcher.java:61) ~[classes/:na]
	at com.mogujie.ares.lib.net.BinaryMessageHandler.messageReceived(BinaryMessageHandler.java:49) [classes/:na]
	at org.jboss.netty.channel.SimpleChannelHandler.handleUpstream(SimpleChannelHandler.java:88) [netty-3.6.6.Final.jar:na]
	at org.jboss.netty.channel.DefaultChannelPipeline.sendUpstream(DefaultChannelPipeline.java:564) [netty-3.6.6.Final.jar:na]
	at org.jboss.netty.channel.DefaultChannelPipeline$DefaultChannelHandlerContext.sendUpstream(DefaultChannelPipeline.java:791) [netty-3.6.6.Final.jar:na]
	at org.jboss.netty.handler.execution.ChannelUpstreamEventRunnable.doRun(ChannelUpstreamEventRunnable.java:43) [netty-3.6.6.Final.jar:na]
	at org.jboss.netty.handler.execution.ChannelEventRunnable.run(ChannelEventRunnable.java:67) [netty-3.6.6.Final.jar:na]
	at org.jboss.netty.handler.execution.OrderedMemoryAwareThreadPoolExecutor$ChildExecutor.run(OrderedMemoryAwareThreadPoolExecutor.java:314) [netty-3.6.6.Final.jar:na]
	at java.util.concurrent.ThreadPoolExecutor.runWorker(Unknown Source) [na:1.7.0_71]
	at java.util.concurrent.ThreadPoolExecutor$Worker.run(Unknown Source) [na:1.7.0_71]
	at java.lang.Thread.run(Unknown Source) [na:1.7.0_71]
14:03:23.564 [ERROR] [com.mogujie.ares.extend.dispatch.DefaultRequestDispatcher] - commandId: 140
java.lang.IndexOutOfBoundsException: Not enough readable bytes - Need 25601, maximum is 36
	at org.jboss.netty.buffer.AbstractChannelBuffer.checkReadableBytes(AbstractChannelBuffer.java:661) ~[netty-3.6.6.Final.jar:na]
	at org.jboss.netty.buffer.AbstractChannelBuffer.readBytes(AbstractChannelBuffer.java:338) ~[netty-3.6.6.Final.jar:na]
	at org.jboss.netty.buffer.AbstractChannelBuffer.readBytes(AbstractChannelBuffer.java:344) ~[netty-3.6.6.Final.jar:na]
	at com.mogujie.ares.lib.net.DataBuffer.readByteArray(DataBuffer.java:174) ~[classes/:na]
	at com.mogujie.ares.extend.RequestParams.decode(RequestParams.java:100) ~[classes/:na]
	at com.mogujie.ares.extend.ActionContext.decode(ActionContext.java:111) ~[classes/:na]
	at com.mogujie.ares.extend.ActionContext.invoke(ActionContext.java:83) ~[classes/:na]
	at com.mogujie.ares.extend.dispatch.DefaultRequestDispatcher.dispatch(DefaultRequestDispatcher.java:61) ~[classes/:na]
	at com.mogujie.ares.lib.net.BinaryMessageHandler.messageReceived(BinaryMessageHandler.java:49) [classes/:na]
	at org.jboss.netty.channel.SimpleChannelHandler.handleUpstream(SimpleChannelHandler.java:88) [netty-3.6.6.Final.jar:na]
	at org.jboss.netty.channel.DefaultChannelPipeline.sendUpstream(DefaultChannelPipeline.java:564) [netty-3.6.6.Final.jar:na]
	at org.jboss.netty.channel.DefaultChannelPipeline$DefaultChannelHandlerContext.sendUpstream(DefaultChannelPipeline.java:791) [netty-3.6.6.Final.jar:na]
	at org.jboss.netty.handler.execution.ChannelUpstreamEventRunnable.doRun(ChannelUpstreamEventRunnable.java:43) [netty-3.6.6.Final.jar:na]
	at org.jboss.netty.handler.execution.ChannelEventRunnable.run(ChannelEventRunnable.java:67) [netty-3.6.6.Final.jar:na]
	at org.jboss.netty.handler.execution.OrderedMemoryAwareThreadPoolExecutor$ChildExecutor.run(OrderedMemoryAwareThreadPoolExecutor.java:314) [netty-3.6.6.Final.jar:na]
	at java.util.concurrent.ThreadPoolExecutor.runWorker(Unknown Source) [na:1.7.0_71]
	at java.util.concurrent.ThreadPoolExecutor$Worker.run(Unknown Source) [na:1.7.0_71]
	at java.lang.Thread.run(Unknown Source) [na:1.7.0_71]
14:03:23.564 [ERROR] [com.mogujie.ares.extend.dispatch.DefaultRequestDispatcher] - commandId: 140
java.lang.IndexOutOfBoundsException: Not enough readable bytes - Need 25601, maximum is 36
	at org.jboss.netty.buffer.AbstractChannelBuffer.checkReadableBytes(AbstractChannelBuffer.java:661) ~[netty-3.6.6.Final.jar:na]
	at org.jboss.netty.buffer.AbstractChannelBuffer.readBytes(AbstractChannelBuffer.java:338) ~[netty-3.6.6.Final.jar:na]
	at org.jboss.netty.buffer.AbstractChannelBuffer.readBytes(AbstractChannelBuffer.java:344) ~[netty-3.6.6.Final.jar:na]
	at com.mogujie.ares.lib.net.DataBuffer.readByteArray(DataBuffer.java:174) ~[classes/:na]
	at com.mogujie.ares.extend.RequestParams.decode(RequestParams.java:100) ~[classes/:na]
	at com.mogujie.ares.extend.ActionContext.decode(ActionContext.java:111) ~[classes/:na]
	at com.mogujie.ares.extend.ActionContext.invoke(ActionContext.java:83) ~[classes/:na]
	at com.mogujie.ares.extend.dispatch.DefaultRequestDispatcher.dispatch(DefaultRequestDispatcher.java:61) ~[classes/:na]
	at com.mogujie.ares.lib.net.BinaryMessageHandler.messageReceived(BinaryMessageHandler.java:49) [classes/:na]
	at org.jboss.netty.channel.SimpleChannelHandler.handleUpstream(SimpleChannelHandler.java:88) [netty-3.6.6.Final.jar:na]
	at org.jboss.netty.channel.DefaultChannelPipeline.sendUpstream(DefaultChannelPipeline.java:564) [netty-3.6.6.Final.jar:na]
	at org.jboss.netty.channel.DefaultChannelPipeline$DefaultChannelHandlerContext.sendUpstream(DefaultChannelPipeline.java:791) [netty-3.6.6.Final.jar:na]
	at org.jboss.netty.handler.execution.ChannelUpstreamEventRunnable.doRun(ChannelUpstreamEventRunnable.java:43) [netty-3.6.6.Final.jar:na]
	at org.jboss.netty.handler.execution.ChannelEventRunnable.run(ChannelEventRunnable.java:67) [netty-3.6.6.Final.jar:na]
	at org.jboss.netty.handler.execution.OrderedMemoryAwareThreadPoolExecutor$ChildExecutor.run(OrderedMemoryAwareThreadPoolExecutor.java:314) [netty-3.6.6.Final.jar:na]
	at java.util.concurrent.ThreadPoolExecutor.runWorker(Unknown Source) [na:1.7.0_71]
	at java.util.concurrent.ThreadPoolExecutor$Worker.run(Unknown Source) [na:1.7.0_71]
	at java.lang.Thread.run(Unknown Source) [na:1.7.0_71]
14:05:38.523 [ERROR] [com.mogujie.ares.extend.dispatch.DefaultRequestDispatcher] - commandId: 140
java.lang.IndexOutOfBoundsException: Not enough readable bytes - Need 25601, maximum is 36
	at org.jboss.netty.buffer.AbstractChannelBuffer.checkReadableBytes(AbstractChannelBuffer.java:661) ~[netty-3.6.6.Final.jar:na]
	at org.jboss.netty.buffer.AbstractChannelBuffer.readBytes(AbstractChannelBuffer.java:338) ~[netty-3.6.6.Final.jar:na]
	at org.jboss.netty.buffer.AbstractChannelBuffer.readBytes(AbstractChannelBuffer.java:344) ~[netty-3.6.6.Final.jar:na]
	at com.mogujie.ares.lib.net.DataBuffer.readByteArray(DataBuffer.java:174) ~[classes/:na]
	at com.mogujie.ares.extend.RequestParams.decode(RequestParams.java:100) ~[classes/:na]
	at com.mogujie.ares.extend.ActionContext.decode(ActionContext.java:111) ~[classes/:na]
	at com.mogujie.ares.extend.ActionContext.invoke(ActionContext.java:83) ~[classes/:na]
	at com.mogujie.ares.extend.dispatch.DefaultRequestDispatcher.dispatch(DefaultRequestDispatcher.java:61) ~[classes/:na]
	at com.mogujie.ares.lib.net.BinaryMessageHandler.messageReceived(BinaryMessageHandler.java:49) [classes/:na]
	at org.jboss.netty.channel.SimpleChannelHandler.handleUpstream(SimpleChannelHandler.java:88) [netty-3.6.6.Final.jar:na]
	at org.jboss.netty.channel.DefaultChannelPipeline.sendUpstream(DefaultChannelPipeline.java:564) [netty-3.6.6.Final.jar:na]
	at org.jboss.netty.channel.DefaultChannelPipeline$DefaultChannelHandlerContext.sendUpstream(DefaultChannelPipeline.java:791) [netty-3.6.6.Final.jar:na]
	at org.jboss.netty.handler.execution.ChannelUpstreamEventRunnable.doRun(ChannelUpstreamEventRunnable.java:43) [netty-3.6.6.Final.jar:na]
	at org.jboss.netty.handler.execution.ChannelEventRunnable.run(ChannelEventRunnable.java:67) [netty-3.6.6.Final.jar:na]
	at org.jboss.netty.handler.execution.OrderedMemoryAwareThreadPoolExecutor$ChildExecutor.run(OrderedMemoryAwareThreadPoolExecutor.java:314) [netty-3.6.6.Final.jar:na]
	at java.util.concurrent.ThreadPoolExecutor.runWorker(Unknown Source) [na:1.7.0_71]
	at java.util.concurrent.ThreadPoolExecutor$Worker.run(Unknown Source) [na:1.7.0_71]
	at java.lang.Thread.run(Unknown Source) [na:1.7.0_71]
14:05:45.342 [ERROR] [com.mogujie.ares.extend.dispatch.DefaultRequestDispatcher] - commandId: 140
java.lang.IndexOutOfBoundsException: Not enough readable bytes - Need 25601, maximum is 36
	at org.jboss.netty.buffer.AbstractChannelBuffer.checkReadableBytes(AbstractChannelBuffer.java:661) ~[netty-3.6.6.Final.jar:na]
	at org.jboss.netty.buffer.AbstractChannelBuffer.readBytes(AbstractChannelBuffer.java:338) ~[netty-3.6.6.Final.jar:na]
	at org.jboss.netty.buffer.AbstractChannelBuffer.readBytes(AbstractChannelBuffer.java:344) ~[netty-3.6.6.Final.jar:na]
	at com.mogujie.ares.lib.net.DataBuffer.readByteArray(DataBuffer.java:174) ~[classes/:na]
	at com.mogujie.ares.extend.RequestParams.decode(RequestParams.java:100) ~[classes/:na]
	at com.mogujie.ares.extend.ActionContext.decode(ActionContext.java:111) ~[classes/:na]
	at com.mogujie.ares.extend.ActionContext.invoke(ActionContext.java:83) ~[classes/:na]
	at com.mogujie.ares.extend.dispatch.DefaultRequestDispatcher.dispatch(DefaultRequestDispatcher.java:61) ~[classes/:na]
	at com.mogujie.ares.lib.net.BinaryMessageHandler.messageReceived(BinaryMessageHandler.java:49) [classes/:na]
	at org.jboss.netty.channel.SimpleChannelHandler.handleUpstream(SimpleChannelHandler.java:88) [netty-3.6.6.Final.jar:na]
	at org.jboss.netty.channel.DefaultChannelPipeline.sendUpstream(DefaultChannelPipeline.java:564) [netty-3.6.6.Final.jar:na]
	at org.jboss.netty.channel.DefaultChannelPipeline$DefaultChannelHandlerContext.sendUpstream(DefaultChannelPipeline.java:791) [netty-3.6.6.Final.jar:na]
	at org.jboss.netty.handler.execution.ChannelUpstreamEventRunnable.doRun(ChannelUpstreamEventRunnable.java:43) [netty-3.6.6.Final.jar:na]
	at org.jboss.netty.handler.execution.ChannelEventRunnable.run(ChannelEventRunnable.java:67) [netty-3.6.6.Final.jar:na]
	at org.jboss.netty.handler.execution.OrderedMemoryAwareThreadPoolExecutor$ChildExecutor.run(OrderedMemoryAwareThreadPoolExecutor.java:314) [netty-3.6.6.Final.jar:na]
	at java.util.concurrent.ThreadPoolExecutor.runWorker(Unknown Source) [na:1.7.0_71]
	at java.util.concurrent.ThreadPoolExecutor$Worker.run(Unknown Source) [na:1.7.0_71]
	at java.lang.Thread.run(Unknown Source) [na:1.7.0_71]
14:17:35.405 [ERROR] [com.mogujie.ares.extend.dispatch.DefaultRequestDispatcher] - commandId: 140
java.lang.IndexOutOfBoundsException: Not enough readable bytes - Need 25601, maximum is 36
	at org.jboss.netty.buffer.AbstractChannelBuffer.checkReadableBytes(AbstractChannelBuffer.java:661) ~[netty-3.6.6.Final.jar:na]
	at org.jboss.netty.buffer.AbstractChannelBuffer.readBytes(AbstractChannelBuffer.java:338) ~[netty-3.6.6.Final.jar:na]
	at org.jboss.netty.buffer.AbstractChannelBuffer.readBytes(AbstractChannelBuffer.java:344) ~[netty-3.6.6.Final.jar:na]
	at com.mogujie.ares.lib.net.DataBuffer.readByteArray(DataBuffer.java:174) ~[classes/:na]
	at com.mogujie.ares.extend.RequestParams.decode(RequestParams.java:100) ~[classes/:na]
	at com.mogujie.ares.extend.ActionContext.decode(ActionContext.java:111) ~[classes/:na]
	at com.mogujie.ares.extend.ActionContext.invoke(ActionContext.java:83) ~[classes/:na]
	at com.mogujie.ares.extend.dispatch.DefaultRequestDispatcher.dispatch(DefaultRequestDispatcher.java:61) ~[classes/:na]
	at com.mogujie.ares.lib.net.BinaryMessageHandler.messageReceived(BinaryMessageHandler.java:49) [classes/:na]
	at org.jboss.netty.channel.SimpleChannelHandler.handleUpstream(SimpleChannelHandler.java:88) [netty-3.6.6.Final.jar:na]
	at org.jboss.netty.channel.DefaultChannelPipeline.sendUpstream(DefaultChannelPipeline.java:564) [netty-3.6.6.Final.jar:na]
	at org.jboss.netty.channel.DefaultChannelPipeline$DefaultChannelHandlerContext.sendUpstream(DefaultChannelPipeline.java:791) [netty-3.6.6.Final.jar:na]
	at org.jboss.netty.handler.execution.ChannelUpstreamEventRunnable.doRun(ChannelUpstreamEventRunnable.java:43) [netty-3.6.6.Final.jar:na]
	at org.jboss.netty.handler.execution.ChannelEventRunnable.run(ChannelEventRunnable.java:67) [netty-3.6.6.Final.jar:na]
	at org.jboss.netty.handler.execution.OrderedMemoryAwareThreadPoolExecutor$ChildExecutor.run(OrderedMemoryAwareThreadPoolExecutor.java:314) [netty-3.6.6.Final.jar:na]
	at java.util.concurrent.ThreadPoolExecutor.runWorker(Unknown Source) [na:1.7.0_71]
	at java.util.concurrent.ThreadPoolExecutor$Worker.run(Unknown Source) [na:1.7.0_71]
	at java.lang.Thread.run(Unknown Source) [na:1.7.0_71]
14:17:37.831 [ERROR] [com.mogujie.ares.extend.dispatch.DefaultRequestDispatcher] - commandId: 140
java.lang.IndexOutOfBoundsException: Not enough readable bytes - Need 25601, maximum is 36
	at org.jboss.netty.buffer.AbstractChannelBuffer.checkReadableBytes(AbstractChannelBuffer.java:661) ~[netty-3.6.6.Final.jar:na]
	at org.jboss.netty.buffer.AbstractChannelBuffer.readBytes(AbstractChannelBuffer.java:338) ~[netty-3.6.6.Final.jar:na]
	at org.jboss.netty.buffer.AbstractChannelBuffer.readBytes(AbstractChannelBuffer.java:344) ~[netty-3.6.6.Final.jar:na]
	at com.mogujie.ares.lib.net.DataBuffer.readByteArray(DataBuffer.java:174) ~[classes/:na]
	at com.mogujie.ares.extend.RequestParams.decode(RequestParams.java:100) ~[classes/:na]
	at com.mogujie.ares.extend.ActionContext.decode(ActionContext.java:111) ~[classes/:na]
	at com.mogujie.ares.extend.ActionContext.invoke(ActionContext.java:83) ~[classes/:na]
	at com.mogujie.ares.extend.dispatch.DefaultRequestDispatcher.dispatch(DefaultRequestDispatcher.java:61) ~[classes/:na]
	at com.mogujie.ares.lib.net.BinaryMessageHandler.messageReceived(BinaryMessageHandler.java:49) [classes/:na]
	at org.jboss.netty.channel.SimpleChannelHandler.handleUpstream(SimpleChannelHandler.java:88) [netty-3.6.6.Final.jar:na]
	at org.jboss.netty.channel.DefaultChannelPipeline.sendUpstream(DefaultChannelPipeline.java:564) [netty-3.6.6.Final.jar:na]
	at org.jboss.netty.channel.DefaultChannelPipeline$DefaultChannelHandlerContext.sendUpstream(DefaultChannelPipeline.java:791) [netty-3.6.6.Final.jar:na]
	at org.jboss.netty.handler.execution.ChannelUpstreamEventRunnable.doRun(ChannelUpstreamEventRunnable.java:43) [netty-3.6.6.Final.jar:na]
	at org.jboss.netty.handler.execution.ChannelEventRunnable.run(ChannelEventRunnable.java:67) [netty-3.6.6.Final.jar:na]
	at org.jboss.netty.handler.execution.OrderedMemoryAwareThreadPoolExecutor$ChildExecutor.run(OrderedMemoryAwareThreadPoolExecutor.java:314) [netty-3.6.6.Final.jar:na]
	at java.util.concurrent.ThreadPoolExecutor.runWorker(Unknown Source) [na:1.7.0_71]
	at java.util.concurrent.ThreadPoolExecutor$Worker.run(Unknown Source) [na:1.7.0_71]
	at java.lang.Thread.run(Unknown Source) [na:1.7.0_71]
14:20:26.951 [ERROR] [com.mogujie.ares.extend.dispatch.DefaultRequestDispatcher] - commandId: 140
java.lang.IndexOutOfBoundsException: Not enough readable bytes - Need 25601, maximum is 36
	at org.jboss.netty.buffer.AbstractChannelBuffer.checkReadableBytes(AbstractChannelBuffer.java:661) ~[netty-3.6.6.Final.jar:na]
	at org.jboss.netty.buffer.AbstractChannelBuffer.readBytes(AbstractChannelBuffer.java:338) ~[netty-3.6.6.Final.jar:na]
	at org.jboss.netty.buffer.AbstractChannelBuffer.readBytes(AbstractChannelBuffer.java:344) ~[netty-3.6.6.Final.jar:na]
	at com.mogujie.ares.lib.net.DataBuffer.readByteArray(DataBuffer.java:174) ~[classes/:na]
	at com.mogujie.ares.extend.RequestParams.decode(RequestParams.java:100) ~[classes/:na]
	at com.mogujie.ares.extend.ActionContext.decode(ActionContext.java:111) ~[classes/:na]
	at com.mogujie.ares.extend.ActionContext.invoke(ActionContext.java:83) ~[classes/:na]
	at com.mogujie.ares.extend.dispatch.DefaultRequestDispatcher.dispatch(DefaultRequestDispatcher.java:61) ~[classes/:na]
	at com.mogujie.ares.lib.net.BinaryMessageHandler.messageReceived(BinaryMessageHandler.java:49) [classes/:na]
	at org.jboss.netty.channel.SimpleChannelHandler.handleUpstream(SimpleChannelHandler.java:88) [netty-3.6.6.Final.jar:na]
	at org.jboss.netty.channel.DefaultChannelPipeline.sendUpstream(DefaultChannelPipeline.java:564) [netty-3.6.6.Final.jar:na]
	at org.jboss.netty.channel.DefaultChannelPipeline$DefaultChannelHandlerContext.sendUpstream(DefaultChannelPipeline.java:791) [netty-3.6.6.Final.jar:na]
	at org.jboss.netty.handler.execution.ChannelUpstreamEventRunnable.doRun(ChannelUpstreamEventRunnable.java:43) [netty-3.6.6.Final.jar:na]
	at org.jboss.netty.handler.execution.ChannelEventRunnable.run(ChannelEventRunnable.java:67) [netty-3.6.6.Final.jar:na]
	at org.jboss.netty.handler.execution.OrderedMemoryAwareThreadPoolExecutor$ChildExecutor.run(OrderedMemoryAwareThreadPoolExecutor.java:314) [netty-3.6.6.Final.jar:na]
	at java.util.concurrent.ThreadPoolExecutor.runWorker(Unknown Source) [na:1.7.0_71]
	at java.util.concurrent.ThreadPoolExecutor$Worker.run(Unknown Source) [na:1.7.0_71]
	at java.lang.Thread.run(Unknown Source) [na:1.7.0_71]
17:44:39.169 [ERROR] [com.mogujie.ares.extend.dispatch.DefaultRequestDispatcher] - commandId: 140
java.lang.IndexOutOfBoundsException: Not enough readable bytes - Need 25601, maximum is 36
	at org.jboss.netty.buffer.AbstractChannelBuffer.checkReadableBytes(AbstractChannelBuffer.java:661) ~[netty-3.6.6.Final.jar:na]
	at org.jboss.netty.buffer.AbstractChannelBuffer.readBytes(AbstractChannelBuffer.java:338) ~[netty-3.6.6.Final.jar:na]
	at org.jboss.netty.buffer.AbstractChannelBuffer.readBytes(AbstractChannelBuffer.java:344) ~[netty-3.6.6.Final.jar:na]
	at com.mogujie.ares.lib.net.DataBuffer.readByteArray(DataBuffer.java:174) ~[classes/:na]
	at com.mogujie.ares.extend.RequestParams.decode(RequestParams.java:100) ~[classes/:na]
	at com.mogujie.ares.extend.ActionContext.decode(ActionContext.java:111) ~[classes/:na]
	at com.mogujie.ares.extend.ActionContext.invoke(ActionContext.java:83) ~[classes/:na]
	at com.mogujie.ares.extend.dispatch.DefaultRequestDispatcher.dispatch(DefaultRequestDispatcher.java:61) ~[classes/:na]
	at com.mogujie.ares.lib.net.BinaryMessageHandler.messageReceived(BinaryMessageHandler.java:49) [classes/:na]
	at org.jboss.netty.channel.SimpleChannelHandler.handleUpstream(SimpleChannelHandler.java:88) [netty-3.6.6.Final.jar:na]
	at org.jboss.netty.channel.DefaultChannelPipeline.sendUpstream(DefaultChannelPipeline.java:564) [netty-3.6.6.Final.jar:na]
	at org.jboss.netty.channel.DefaultChannelPipeline$DefaultChannelHandlerContext.sendUpstream(DefaultChannelPipeline.java:791) [netty-3.6.6.Final.jar:na]
	at org.jboss.netty.handler.execution.ChannelUpstreamEventRunnable.doRun(ChannelUpstreamEventRunnable.java:43) [netty-3.6.6.Final.jar:na]
	at org.jboss.netty.handler.execution.ChannelEventRunnable.run(ChannelEventRunnable.java:67) [netty-3.6.6.Final.jar:na]
	at org.jboss.netty.handler.execution.OrderedMemoryAwareThreadPoolExecutor$ChildExecutor.run(OrderedMemoryAwareThreadPoolExecutor.java:314) [netty-3.6.6.Final.jar:na]
	at java.util.concurrent.ThreadPoolExecutor.runWorker(Unknown Source) [na:1.7.0_71]
	at java.util.concurrent.ThreadPoolExecutor$Worker.run(Unknown Source) [na:1.7.0_71]
	at java.lang.Thread.run(Unknown Source) [na:1.7.0_71]
17:44:39.169 [ERROR] [com.mogujie.ares.extend.dispatch.DefaultRequestDispatcher] - commandId: 140
java.lang.IndexOutOfBoundsException: Not enough readable bytes - Need 25601, maximum is 36
	at org.jboss.netty.buffer.AbstractChannelBuffer.checkReadableBytes(AbstractChannelBuffer.java:661) ~[netty-3.6.6.Final.jar:na]
	at org.jboss.netty.buffer.AbstractChannelBuffer.readBytes(AbstractChannelBuffer.java:338) ~[netty-3.6.6.Final.jar:na]
	at org.jboss.netty.buffer.AbstractChannelBuffer.readBytes(AbstractChannelBuffer.java:344) ~[netty-3.6.6.Final.jar:na]
	at com.mogujie.ares.lib.net.DataBuffer.readByteArray(DataBuffer.java:174) ~[classes/:na]
	at com.mogujie.ares.extend.RequestParams.decode(RequestParams.java:100) ~[classes/:na]
	at com.mogujie.ares.extend.ActionContext.decode(ActionContext.java:111) ~[classes/:na]
	at com.mogujie.ares.extend.ActionContext.invoke(ActionContext.java:83) ~[classes/:na]
	at com.mogujie.ares.extend.dispatch.DefaultRequestDispatcher.dispatch(DefaultRequestDispatcher.java:61) ~[classes/:na]
	at com.mogujie.ares.lib.net.BinaryMessageHandler.messageReceived(BinaryMessageHandler.java:49) [classes/:na]
	at org.jboss.netty.channel.SimpleChannelHandler.handleUpstream(SimpleChannelHandler.java:88) [netty-3.6.6.Final.jar:na]
	at org.jboss.netty.channel.DefaultChannelPipeline.sendUpstream(DefaultChannelPipeline.java:564) [netty-3.6.6.Final.jar:na]
	at org.jboss.netty.channel.DefaultChannelPipeline$DefaultChannelHandlerContext.sendUpstream(DefaultChannelPipeline.java:791) [netty-3.6.6.Final.jar:na]
	at org.jboss.netty.handler.execution.ChannelUpstreamEventRunnable.doRun(ChannelUpstreamEventRunnable.java:43) [netty-3.6.6.Final.jar:na]
	at org.jboss.netty.handler.execution.ChannelEventRunnable.run(ChannelEventRunnable.java:67) [netty-3.6.6.Final.jar:na]
	at org.jboss.netty.handler.execution.OrderedMemoryAwareThreadPoolExecutor$ChildExecutor.run(OrderedMemoryAwareThreadPoolExecutor.java:314) [netty-3.6.6.Final.jar:na]
	at java.util.concurrent.ThreadPoolExecutor.runWorker(Unknown Source) [na:1.7.0_71]
	at java.util.concurrent.ThreadPoolExecutor$Worker.run(Unknown Source) [na:1.7.0_71]
	at java.lang.Thread.run(Unknown Source) [na:1.7.0_71]
17:58:32.448 [ERROR] [com.mogujie.ares.extend.dispatch.DefaultRequestDispatcher] - commandId: 140
java.lang.IndexOutOfBoundsException: Not enough readable bytes - Need 25601, maximum is 36
	at org.jboss.netty.buffer.AbstractChannelBuffer.checkReadableBytes(AbstractChannelBuffer.java:661) ~[netty-3.6.6.Final.jar:na]
	at org.jboss.netty.buffer.AbstractChannelBuffer.readBytes(AbstractChannelBuffer.java:338) ~[netty-3.6.6.Final.jar:na]
	at org.jboss.netty.buffer.AbstractChannelBuffer.readBytes(AbstractChannelBuffer.java:344) ~[netty-3.6.6.Final.jar:na]
	at com.mogujie.ares.lib.net.DataBuffer.readByteArray(DataBuffer.java:174) ~[classes/:na]
	at com.mogujie.ares.extend.RequestParams.decode(RequestParams.java:100) ~[classes/:na]
	at com.mogujie.ares.extend.ActionContext.decode(ActionContext.java:111) ~[classes/:na]
	at com.mogujie.ares.extend.ActionContext.invoke(ActionContext.java:83) ~[classes/:na]
	at com.mogujie.ares.extend.dispatch.DefaultRequestDispatcher.dispatch(DefaultRequestDispatcher.java:61) ~[classes/:na]
	at com.mogujie.ares.lib.net.BinaryMessageHandler.messageReceived(BinaryMessageHandler.java:49) [classes/:na]
	at org.jboss.netty.channel.SimpleChannelHandler.handleUpstream(SimpleChannelHandler.java:88) [netty-3.6.6.Final.jar:na]
	at org.jboss.netty.channel.DefaultChannelPipeline.sendUpstream(DefaultChannelPipeline.java:564) [netty-3.6.6.Final.jar:na]
	at org.jboss.netty.channel.DefaultChannelPipeline$DefaultChannelHandlerContext.sendUpstream(DefaultChannelPipeline.java:791) [netty-3.6.6.Final.jar:na]
	at org.jboss.netty.handler.execution.ChannelUpstreamEventRunnable.doRun(ChannelUpstreamEventRunnable.java:43) [netty-3.6.6.Final.jar:na]
	at org.jboss.netty.handler.execution.ChannelEventRunnable.run(ChannelEventRunnable.java:67) [netty-3.6.6.Final.jar:na]
	at org.jboss.netty.handler.execution.OrderedMemoryAwareThreadPoolExecutor$ChildExecutor.run(OrderedMemoryAwareThreadPoolExecutor.java:314) [netty-3.6.6.Final.jar:na]
	at java.util.concurrent.ThreadPoolExecutor.runWorker(Unknown Source) [na:1.7.0_71]
	at java.util.concurrent.ThreadPoolExecutor$Worker.run(Unknown Source) [na:1.7.0_71]
	at java.lang.Thread.run(Unknown Source) [na:1.7.0_71]
17:59:07.860 [ERROR] [com.mogujie.ares.extend.dispatch.DefaultRequestDispatcher] - commandId: 140
java.lang.IndexOutOfBoundsException: Not enough readable bytes - Need 25601, maximum is 36
	at org.jboss.netty.buffer.AbstractChannelBuffer.checkReadableBytes(AbstractChannelBuffer.java:661) ~[netty-3.6.6.Final.jar:na]
	at org.jboss.netty.buffer.AbstractChannelBuffer.readBytes(AbstractChannelBuffer.java:338) ~[netty-3.6.6.Final.jar:na]
	at org.jboss.netty.buffer.AbstractChannelBuffer.readBytes(AbstractChannelBuffer.java:344) ~[netty-3.6.6.Final.jar:na]
	at com.mogujie.ares.lib.net.DataBuffer.readByteArray(DataBuffer.java:174) ~[classes/:na]
	at com.mogujie.ares.extend.RequestParams.decode(RequestParams.java:100) ~[classes/:na]
	at com.mogujie.ares.extend.ActionContext.decode(ActionContext.java:111) ~[classes/:na]
	at com.mogujie.ares.extend.ActionContext.invoke(ActionContext.java:83) ~[classes/:na]
	at com.mogujie.ares.extend.dispatch.DefaultRequestDispatcher.dispatch(DefaultRequestDispatcher.java:61) ~[classes/:na]
	at com.mogujie.ares.lib.net.BinaryMessageHandler.messageReceived(BinaryMessageHandler.java:49) [classes/:na]
	at org.jboss.netty.channel.SimpleChannelHandler.handleUpstream(SimpleChannelHandler.java:88) [netty-3.6.6.Final.jar:na]
	at org.jboss.netty.channel.DefaultChannelPipeline.sendUpstream(DefaultChannelPipeline.java:564) [netty-3.6.6.Final.jar:na]
	at org.jboss.netty.channel.DefaultChannelPipeline$DefaultChannelHandlerContext.sendUpstream(DefaultChannelPipeline.java:791) [netty-3.6.6.Final.jar:na]
	at org.jboss.netty.handler.execution.ChannelUpstreamEventRunnable.doRun(ChannelUpstreamEventRunnable.java:43) [netty-3.6.6.Final.jar:na]
	at org.jboss.netty.handler.execution.ChannelEventRunnable.run(ChannelEventRunnable.java:67) [netty-3.6.6.Final.jar:na]
	at org.jboss.netty.handler.execution.OrderedMemoryAwareThreadPoolExecutor$ChildExecutor.run(OrderedMemoryAwareThreadPoolExecutor.java:314) [netty-3.6.6.Final.jar:na]
	at java.util.concurrent.ThreadPoolExecutor.runWorker(Unknown Source) [na:1.7.0_71]
	at java.util.concurrent.ThreadPoolExecutor$Worker.run(Unknown Source) [na:1.7.0_71]
	at java.lang.Thread.run(Unknown Source) [na:1.7.0_71]
17:59:19.834 [ERROR] [com.mogujie.ares.extend.dispatch.DefaultRequestDispatcher] - commandId: 140
java.lang.IndexOutOfBoundsException: Not enough readable bytes - Need 25601, maximum is 36
	at org.jboss.netty.buffer.AbstractChannelBuffer.checkReadableBytes(AbstractChannelBuffer.java:661) ~[netty-3.6.6.Final.jar:na]
	at org.jboss.netty.buffer.AbstractChannelBuffer.readBytes(AbstractChannelBuffer.java:338) ~[netty-3.6.6.Final.jar:na]
	at org.jboss.netty.buffer.AbstractChannelBuffer.readBytes(AbstractChannelBuffer.java:344) ~[netty-3.6.6.Final.jar:na]
	at com.mogujie.ares.lib.net.DataBuffer.readByteArray(DataBuffer.java:174) ~[classes/:na]
	at com.mogujie.ares.extend.RequestParams.decode(RequestParams.java:100) ~[classes/:na]
	at com.mogujie.ares.extend.ActionContext.decode(ActionContext.java:111) ~[classes/:na]
	at com.mogujie.ares.extend.ActionContext.invoke(ActionContext.java:83) ~[classes/:na]
	at com.mogujie.ares.extend.dispatch.DefaultRequestDispatcher.dispatch(DefaultRequestDispatcher.java:61) ~[classes/:na]
	at com.mogujie.ares.lib.net.BinaryMessageHandler.messageReceived(BinaryMessageHandler.java:49) [classes/:na]
	at org.jboss.netty.channel.SimpleChannelHandler.handleUpstream(SimpleChannelHandler.java:88) [netty-3.6.6.Final.jar:na]
	at org.jboss.netty.channel.DefaultChannelPipeline.sendUpstream(DefaultChannelPipeline.java:564) [netty-3.6.6.Final.jar:na]
	at org.jboss.netty.channel.DefaultChannelPipeline$DefaultChannelHandlerContext.sendUpstream(DefaultChannelPipeline.java:791) [netty-3.6.6.Final.jar:na]
	at org.jboss.netty.handler.execution.ChannelUpstreamEventRunnable.doRun(ChannelUpstreamEventRunnable.java:43) [netty-3.6.6.Final.jar:na]
	at org.jboss.netty.handler.execution.ChannelEventRunnable.run(ChannelEventRunnable.java:67) [netty-3.6.6.Final.jar:na]
	at org.jboss.netty.handler.execution.OrderedMemoryAwareThreadPoolExecutor$ChildExecutor.run(OrderedMemoryAwareThreadPoolExecutor.java:314) [netty-3.6.6.Final.jar:na]
	at java.util.concurrent.ThreadPoolExecutor.runWorker(Unknown Source) [na:1.7.0_71]
	at java.util.concurrent.ThreadPoolExecutor$Worker.run(Unknown Source) [na:1.7.0_71]
	at java.lang.Thread.run(Unknown Source) [na:1.7.0_71]
18:01:22.414 [ERROR] [com.mogujie.ares.extend.dispatch.DefaultRequestDispatcher] - commandId: 140
java.lang.IndexOutOfBoundsException: Not enough readable bytes - Need 25601, maximum is 36
	at org.jboss.netty.buffer.AbstractChannelBuffer.checkReadableBytes(AbstractChannelBuffer.java:661) ~[netty-3.6.6.Final.jar:na]
	at org.jboss.netty.buffer.AbstractChannelBuffer.readBytes(AbstractChannelBuffer.java:338) ~[netty-3.6.6.Final.jar:na]
	at org.jboss.netty.buffer.AbstractChannelBuffer.readBytes(AbstractChannelBuffer.java:344) ~[netty-3.6.6.Final.jar:na]
	at com.mogujie.ares.lib.net.DataBuffer.readByteArray(DataBuffer.java:174) ~[classes/:na]
	at com.mogujie.ares.extend.RequestParams.decode(RequestParams.java:100) ~[classes/:na]
	at com.mogujie.ares.extend.ActionContext.decode(ActionContext.java:111) ~[classes/:na]
	at com.mogujie.ares.extend.ActionContext.invoke(ActionContext.java:83) ~[classes/:na]
	at com.mogujie.ares.extend.dispatch.DefaultRequestDispatcher.dispatch(DefaultRequestDispatcher.java:61) ~[classes/:na]
	at com.mogujie.ares.lib.net.BinaryMessageHandler.messageReceived(BinaryMessageHandler.java:49) [classes/:na]
	at org.jboss.netty.channel.SimpleChannelHandler.handleUpstream(SimpleChannelHandler.java:88) [netty-3.6.6.Final.jar:na]
	at org.jboss.netty.channel.DefaultChannelPipeline.sendUpstream(DefaultChannelPipeline.java:564) [netty-3.6.6.Final.jar:na]
	at org.jboss.netty.channel.DefaultChannelPipeline$DefaultChannelHandlerContext.sendUpstream(DefaultChannelPipeline.java:791) [netty-3.6.6.Final.jar:na]
	at org.jboss.netty.handler.execution.ChannelUpstreamEventRunnable.doRun(ChannelUpstreamEventRunnable.java:43) [netty-3.6.6.Final.jar:na]
	at org.jboss.netty.handler.execution.ChannelEventRunnable.run(ChannelEventRunnable.java:67) [netty-3.6.6.Final.jar:na]
	at org.jboss.netty.handler.execution.OrderedMemoryAwareThreadPoolExecutor$ChildExecutor.run(OrderedMemoryAwareThreadPoolExecutor.java:314) [netty-3.6.6.Final.jar:na]
	at java.util.concurrent.ThreadPoolExecutor.runWorker(Unknown Source) [na:1.7.0_71]
	at java.util.concurrent.ThreadPoolExecutor$Worker.run(Unknown Source) [na:1.7.0_71]
	at java.lang.Thread.run(Unknown Source) [na:1.7.0_71]
18:01:22.414 [ERROR] [com.mogujie.ares.extend.dispatch.DefaultRequestDispatcher] - commandId: 140
java.lang.IndexOutOfBoundsException: Not enough readable bytes - Need 25601, maximum is 36
	at org.jboss.netty.buffer.AbstractChannelBuffer.checkReadableBytes(AbstractChannelBuffer.java:661) ~[netty-3.6.6.Final.jar:na]
	at org.jboss.netty.buffer.AbstractChannelBuffer.readBytes(AbstractChannelBuffer.java:338) ~[netty-3.6.6.Final.jar:na]
	at org.jboss.netty.buffer.AbstractChannelBuffer.readBytes(AbstractChannelBuffer.java:344) ~[netty-3.6.6.Final.jar:na]
	at com.mogujie.ares.lib.net.DataBuffer.readByteArray(DataBuffer.java:174) ~[classes/:na]
	at com.mogujie.ares.extend.RequestParams.decode(RequestParams.java:100) ~[classes/:na]
	at com.mogujie.ares.extend.ActionContext.decode(ActionContext.java:111) ~[classes/:na]
	at com.mogujie.ares.extend.ActionContext.invoke(ActionContext.java:83) ~[classes/:na]
	at com.mogujie.ares.extend.dispatch.DefaultRequestDispatcher.dispatch(DefaultRequestDispatcher.java:61) ~[classes/:na]
	at com.mogujie.ares.lib.net.BinaryMessageHandler.messageReceived(BinaryMessageHandler.java:49) [classes/:na]
	at org.jboss.netty.channel.SimpleChannelHandler.handleUpstream(SimpleChannelHandler.java:88) [netty-3.6.6.Final.jar:na]
	at org.jboss.netty.channel.DefaultChannelPipeline.sendUpstream(DefaultChannelPipeline.java:564) [netty-3.6.6.Final.jar:na]
	at org.jboss.netty.channel.DefaultChannelPipeline$DefaultChannelHandlerContext.sendUpstream(DefaultChannelPipeline.java:791) [netty-3.6.6.Final.jar:na]
	at org.jboss.netty.handler.execution.ChannelUpstreamEventRunnable.doRun(ChannelUpstreamEventRunnable.java:43) [netty-3.6.6.Final.jar:na]
	at org.jboss.netty.handler.execution.ChannelEventRunnable.run(ChannelEventRunnable.java:67) [netty-3.6.6.Final.jar:na]
	at org.jboss.netty.handler.execution.OrderedMemoryAwareThreadPoolExecutor$ChildExecutor.run(OrderedMemoryAwareThreadPoolExecutor.java:314) [netty-3.6.6.Final.jar:na]
	at java.util.concurrent.ThreadPoolExecutor.runWorker(Unknown Source) [na:1.7.0_71]
	at java.util.concurrent.ThreadPoolExecutor$Worker.run(Unknown Source) [na:1.7.0_71]
	at java.lang.Thread.run(Unknown Source) [na:1.7.0_71]
