15:53:05.891 [ERROR] [com.mogujie.ares.model.UserModel] - add friend error with reason :java.sql.SQLException: Parameter index out of range (2 > number of parameters, which is 1).
15:53:05.891 [ERROR] [com.mogujie.ares.model.UserModel] - add friend error with reason :java.sql.SQLException: Parameter index out of range (2 > number of parameters, which is 1).
15:53:05.923 [ERROR] [com.mogujie.ares.extend.dispatch.DefaultRequestDispatcher] - commandId: 14
java.lang.reflect.InvocationTargetException: null
	at sun.reflect.NativeMethodAccessorImpl.invoke0(Native Method) ~[na:1.7.0_71]
	at sun.reflect.NativeMethodAccessorImpl.invoke(Unknown Source) ~[na:1.7.0_71]
	at sun.reflect.DelegatingMethodAccessorImpl.invoke(Unknown Source) ~[na:1.7.0_71]
	at java.lang.reflect.Method.invoke(Unknown Source) ~[na:1.7.0_71]
	at com.mogujie.ares.extend.ActionContext.invoke(ActionContext.java:99) ~[classes/:na]
	at com.mogujie.ares.extend.dispatch.DefaultRequestDispatcher.dispatch(DefaultRequestDispatcher.java:62) ~[classes/:na]
	at com.mogujie.ares.lib.net.BinaryMessageHandler.messageReceived(BinaryMessageHandler.java:49) [classes/:na]
	at org.jboss.netty.channel.SimpleChannelHandler.handleUpstream(SimpleChannelHandler.java:88) [netty-3.6.6.Final.jar:na]
	at org.jboss.netty.channel.DefaultChannelPipeline.sendUpstream(DefaultChannelPipeline.java:564) [netty-3.6.6.Final.jar:na]
	at org.jboss.netty.channel.DefaultChannelPipeline$DefaultChannelHandlerContext.sendUpstream(DefaultChannelPipeline.java:791) [netty-3.6.6.Final.jar:na]
	at org.jboss.netty.handler.execution.ChannelUpstreamEventRunnable.doRun(ChannelUpstreamEventRunnable.java:43) [netty-3.6.6.Final.jar:na]
	at org.jboss.netty.handler.execution.ChannelEventRunnable.run(ChannelEventRunnable.java:67) [netty-3.6.6.Final.jar:na]
	at org.jboss.netty.handler.execution.OrderedMemoryAwareThreadPoolExecutor$ChildExecutor.run(OrderedMemoryAwareThreadPoolExecutor.java:314) [netty-3.6.6.Final.jar:na]
	at java.util.concurrent.ThreadPoolExecutor.runWorker(Unknown Source) [na:1.7.0_71]
	at java.util.concurrent.ThreadPoolExecutor$Worker.run(Unknown Source) [na:1.7.0_71]
	at java.lang.Thread.run(Unknown Source) [na:1.7.0_71]
Caused by: java.lang.NullPointerException: null
	at com.mogujie.ares.extend.action.UserAction.bulidBuffer(UserAction.java:237) ~[classes/:na]
	at com.mogujie.ares.extend.action.UserAction.addAndDelFriend(UserAction.java:166) ~[classes/:na]
	... 16 common frames omitted
15:53:05.923 [ERROR] [com.mogujie.ares.extend.dispatch.DefaultRequestDispatcher] - commandId: 14
java.lang.reflect.InvocationTargetException: null
	at sun.reflect.NativeMethodAccessorImpl.invoke0(Native Method) ~[na:1.7.0_71]
	at sun.reflect.NativeMethodAccessorImpl.invoke(Unknown Source) ~[na:1.7.0_71]
	at sun.reflect.DelegatingMethodAccessorImpl.invoke(Unknown Source) ~[na:1.7.0_71]
	at java.lang.reflect.Method.invoke(Unknown Source) ~[na:1.7.0_71]
	at com.mogujie.ares.extend.ActionContext.invoke(ActionContext.java:99) ~[classes/:na]
	at com.mogujie.ares.extend.dispatch.DefaultRequestDispatcher.dispatch(DefaultRequestDispatcher.java:62) ~[classes/:na]
	at com.mogujie.ares.lib.net.BinaryMessageHandler.messageReceived(BinaryMessageHandler.java:49) [classes/:na]
	at org.jboss.netty.channel.SimpleChannelHandler.handleUpstream(SimpleChannelHandler.java:88) [netty-3.6.6.Final.jar:na]
	at org.jboss.netty.channel.DefaultChannelPipeline.sendUpstream(DefaultChannelPipeline.java:564) [netty-3.6.6.Final.jar:na]
	at org.jboss.netty.channel.DefaultChannelPipeline$DefaultChannelHandlerContext.sendUpstream(DefaultChannelPipeline.java:791) [netty-3.6.6.Final.jar:na]
	at org.jboss.netty.handler.execution.ChannelUpstreamEventRunnable.doRun(ChannelUpstreamEventRunnable.java:43) [netty-3.6.6.Final.jar:na]
	at org.jboss.netty.handler.execution.ChannelEventRunnable.run(ChannelEventRunnable.java:67) [netty-3.6.6.Final.jar:na]
	at org.jboss.netty.handler.execution.OrderedMemoryAwareThreadPoolExecutor$ChildExecutor.run(OrderedMemoryAwareThreadPoolExecutor.java:314) [netty-3.6.6.Final.jar:na]
	at java.util.concurrent.ThreadPoolExecutor.runWorker(Unknown Source) [na:1.7.0_71]
	at java.util.concurrent.ThreadPoolExecutor$Worker.run(Unknown Source) [na:1.7.0_71]
	at java.lang.Thread.run(Unknown Source) [na:1.7.0_71]
Caused by: java.lang.NullPointerException: null
	at com.mogujie.ares.extend.action.UserAction.bulidBuffer(UserAction.java:237) ~[classes/:na]
	at com.mogujie.ares.extend.action.UserAction.addAndDelFriend(UserAction.java:166) ~[classes/:na]
	... 16 common frames omitted
16:11:00.034 [ERROR] [com.mogujie.ares.model.UserModel] - add friend error with reason :com.mysql.jdbc.exceptions.jdbc4.MySQLSyntaxErrorException: You have an error in your SQL syntax; check the manual that corresponds to your MySQL server version for the right syntax to use near '+values ('906A236B190144FCBC58D7D557633DD7','1','2',0,1420359059987,142035905998' at line 1
16:11:00.034 [ERROR] [com.mogujie.ares.extend.dispatch.DefaultRequestDispatcher] - commandId: 14
java.lang.reflect.InvocationTargetException: null
	at sun.reflect.NativeMethodAccessorImpl.invoke0(Native Method) ~[na:1.7.0_71]
	at sun.reflect.NativeMethodAccessorImpl.invoke(Unknown Source) ~[na:1.7.0_71]
	at sun.reflect.DelegatingMethodAccessorImpl.invoke(Unknown Source) ~[na:1.7.0_71]
	at java.lang.reflect.Method.invoke(Unknown Source) ~[na:1.7.0_71]
	at com.mogujie.ares.extend.ActionContext.invoke(ActionContext.java:99) ~[classes/:na]
	at com.mogujie.ares.extend.dispatch.DefaultRequestDispatcher.dispatch(DefaultRequestDispatcher.java:62) ~[classes/:na]
	at com.mogujie.ares.lib.net.BinaryMessageHandler.messageReceived(BinaryMessageHandler.java:49) [classes/:na]
	at org.jboss.netty.channel.SimpleChannelHandler.handleUpstream(SimpleChannelHandler.java:88) [netty-3.6.6.Final.jar:na]
	at org.jboss.netty.channel.DefaultChannelPipeline.sendUpstream(DefaultChannelPipeline.java:564) [netty-3.6.6.Final.jar:na]
	at org.jboss.netty.channel.DefaultChannelPipeline$DefaultChannelHandlerContext.sendUpstream(DefaultChannelPipeline.java:791) [netty-3.6.6.Final.jar:na]
	at org.jboss.netty.handler.execution.ChannelUpstreamEventRunnable.doRun(ChannelUpstreamEventRunnable.java:43) [netty-3.6.6.Final.jar:na]
	at org.jboss.netty.handler.execution.ChannelEventRunnable.run(ChannelEventRunnable.java:67) [netty-3.6.6.Final.jar:na]
	at org.jboss.netty.handler.execution.OrderedMemoryAwareThreadPoolExecutor$ChildExecutor.run(OrderedMemoryAwareThreadPoolExecutor.java:314) [netty-3.6.6.Final.jar:na]
	at java.util.concurrent.ThreadPoolExecutor.runWorker(Unknown Source) [na:1.7.0_71]
	at java.util.concurrent.ThreadPoolExecutor$Worker.run(Unknown Source) [na:1.7.0_71]
	at java.lang.Thread.run(Unknown Source) [na:1.7.0_71]
Caused by: java.lang.NullPointerException: null
	at com.mogujie.ares.extend.action.UserAction.bulidBuffer(UserAction.java:237) ~[classes/:na]
	at com.mogujie.ares.extend.action.UserAction.addAndDelFriend(UserAction.java:166) ~[classes/:na]
	... 16 common frames omitted
16:15:51.186 [ERROR] [com.mogujie.ares.model.UserModel] - add friend error with reason :com.mysql.jdbc.MysqlDataTruncation: Data truncation: Out of range value for column 'created' at row 1
16:15:51.186 [ERROR] [com.mogujie.ares.model.UserModel] - add friend error with reason :com.mysql.jdbc.MysqlDataTruncation: Data truncation: Out of range value for column 'created' at row 1
16:15:51.186 [ERROR] [com.mogujie.ares.extend.dispatch.DefaultRequestDispatcher] - commandId: 14
java.lang.reflect.InvocationTargetException: null
	at sun.reflect.NativeMethodAccessorImpl.invoke0(Native Method) ~[na:1.7.0_71]
	at sun.reflect.NativeMethodAccessorImpl.invoke(Unknown Source) ~[na:1.7.0_71]
	at sun.reflect.DelegatingMethodAccessorImpl.invoke(Unknown Source) ~[na:1.7.0_71]
	at java.lang.reflect.Method.invoke(Unknown Source) ~[na:1.7.0_71]
	at com.mogujie.ares.extend.ActionContext.invoke(ActionContext.java:99) ~[classes/:na]
	at com.mogujie.ares.extend.dispatch.DefaultRequestDispatcher.dispatch(DefaultRequestDispatcher.java:62) ~[classes/:na]
	at com.mogujie.ares.lib.net.BinaryMessageHandler.messageReceived(BinaryMessageHandler.java:49) [classes/:na]
	at org.jboss.netty.channel.SimpleChannelHandler.handleUpstream(SimpleChannelHandler.java:88) [netty-3.6.6.Final.jar:na]
	at org.jboss.netty.channel.DefaultChannelPipeline.sendUpstream(DefaultChannelPipeline.java:564) [netty-3.6.6.Final.jar:na]
	at org.jboss.netty.channel.DefaultChannelPipeline$DefaultChannelHandlerContext.sendUpstream(DefaultChannelPipeline.java:791) [netty-3.6.6.Final.jar:na]
	at org.jboss.netty.handler.execution.ChannelUpstreamEventRunnable.doRun(ChannelUpstreamEventRunnable.java:43) [netty-3.6.6.Final.jar:na]
	at org.jboss.netty.handler.execution.ChannelEventRunnable.run(ChannelEventRunnable.java:67) [netty-3.6.6.Final.jar:na]
	at org.jboss.netty.handler.execution.OrderedMemoryAwareThreadPoolExecutor$ChildExecutor.run(OrderedMemoryAwareThreadPoolExecutor.java:314) [netty-3.6.6.Final.jar:na]
	at java.util.concurrent.ThreadPoolExecutor.runWorker(Unknown Source) [na:1.7.0_71]
	at java.util.concurrent.ThreadPoolExecutor$Worker.run(Unknown Source) [na:1.7.0_71]
	at java.lang.Thread.run(Unknown Source) [na:1.7.0_71]
Caused by: java.lang.NullPointerException: null
	at com.mogujie.ares.extend.action.UserAction.bulidBuffer(UserAction.java:237) ~[classes/:na]
	at com.mogujie.ares.extend.action.UserAction.addAndDelFriend(UserAction.java:166) ~[classes/:na]
	... 16 common frames omitted
16:15:51.202 [ERROR] [com.mogujie.ares.extend.dispatch.DefaultRequestDispatcher] - commandId: 14
java.lang.reflect.InvocationTargetException: null
	at sun.reflect.NativeMethodAccessorImpl.invoke0(Native Method) ~[na:1.7.0_71]
	at sun.reflect.NativeMethodAccessorImpl.invoke(Unknown Source) ~[na:1.7.0_71]
	at sun.reflect.DelegatingMethodAccessorImpl.invoke(Unknown Source) ~[na:1.7.0_71]
	at java.lang.reflect.Method.invoke(Unknown Source) ~[na:1.7.0_71]
	at com.mogujie.ares.extend.ActionContext.invoke(ActionContext.java:99) ~[classes/:na]
	at com.mogujie.ares.extend.dispatch.DefaultRequestDispatcher.dispatch(DefaultRequestDispatcher.java:62) ~[classes/:na]
	at com.mogujie.ares.lib.net.BinaryMessageHandler.messageReceived(BinaryMessageHandler.java:49) [classes/:na]
	at org.jboss.netty.channel.SimpleChannelHandler.handleUpstream(SimpleChannelHandler.java:88) [netty-3.6.6.Final.jar:na]
	at org.jboss.netty.channel.DefaultChannelPipeline.sendUpstream(DefaultChannelPipeline.java:564) [netty-3.6.6.Final.jar:na]
	at org.jboss.netty.channel.DefaultChannelPipeline$DefaultChannelHandlerContext.sendUpstream(DefaultChannelPipeline.java:791) [netty-3.6.6.Final.jar:na]
	at org.jboss.netty.handler.execution.ChannelUpstreamEventRunnable.doRun(ChannelUpstreamEventRunnable.java:43) [netty-3.6.6.Final.jar:na]
	at org.jboss.netty.handler.execution.ChannelEventRunnable.run(ChannelEventRunnable.java:67) [netty-3.6.6.Final.jar:na]
	at org.jboss.netty.handler.execution.OrderedMemoryAwareThreadPoolExecutor$ChildExecutor.run(OrderedMemoryAwareThreadPoolExecutor.java:314) [netty-3.6.6.Final.jar:na]
	at java.util.concurrent.ThreadPoolExecutor.runWorker(Unknown Source) [na:1.7.0_71]
	at java.util.concurrent.ThreadPoolExecutor$Worker.run(Unknown Source) [na:1.7.0_71]
	at java.lang.Thread.run(Unknown Source) [na:1.7.0_71]
Caused by: java.lang.NullPointerException: null
	at com.mogujie.ares.extend.action.UserAction.bulidBuffer(UserAction.java:237) ~[classes/:na]
	at com.mogujie.ares.extend.action.UserAction.addAndDelFriend(UserAction.java:166) ~[classes/:na]
	... 16 common frames omitted
16:20:33.591 [ERROR] [com.mogujie.ares.extend.dispatch.DefaultRequestDispatcher] - commandId: 14
java.lang.reflect.InvocationTargetException: null
	at sun.reflect.NativeMethodAccessorImpl.invoke0(Native Method) ~[na:1.7.0_71]
	at sun.reflect.NativeMethodAccessorImpl.invoke(Unknown Source) ~[na:1.7.0_71]
	at sun.reflect.DelegatingMethodAccessorImpl.invoke(Unknown Source) ~[na:1.7.0_71]
	at java.lang.reflect.Method.invoke(Unknown Source) ~[na:1.7.0_71]
	at com.mogujie.ares.extend.ActionContext.invoke(ActionContext.java:99) ~[classes/:na]
	at com.mogujie.ares.extend.dispatch.DefaultRequestDispatcher.dispatch(DefaultRequestDispatcher.java:62) ~[classes/:na]
	at com.mogujie.ares.lib.net.BinaryMessageHandler.messageReceived(BinaryMessageHandler.java:49) [classes/:na]
	at org.jboss.netty.channel.SimpleChannelHandler.handleUpstream(SimpleChannelHandler.java:88) [netty-3.6.6.Final.jar:na]
	at org.jboss.netty.channel.DefaultChannelPipeline.sendUpstream(DefaultChannelPipeline.java:564) [netty-3.6.6.Final.jar:na]
	at org.jboss.netty.channel.DefaultChannelPipeline$DefaultChannelHandlerContext.sendUpstream(DefaultChannelPipeline.java:791) [netty-3.6.6.Final.jar:na]
	at org.jboss.netty.handler.execution.ChannelUpstreamEventRunnable.doRun(ChannelUpstreamEventRunnable.java:43) [netty-3.6.6.Final.jar:na]
	at org.jboss.netty.handler.execution.ChannelEventRunnable.run(ChannelEventRunnable.java:67) [netty-3.6.6.Final.jar:na]
	at org.jboss.netty.handler.execution.OrderedMemoryAwareThreadPoolExecutor$ChildExecutor.run(OrderedMemoryAwareThreadPoolExecutor.java:314) [netty-3.6.6.Final.jar:na]
	at java.util.concurrent.ThreadPoolExecutor.runWorker(Unknown Source) [na:1.7.0_71]
	at java.util.concurrent.ThreadPoolExecutor$Worker.run(Unknown Source) [na:1.7.0_71]
	at java.lang.Thread.run(Unknown Source) [na:1.7.0_71]
Caused by: java.lang.NullPointerException: null
	at com.mogujie.ares.extend.action.UserAction.bulidBuffer(UserAction.java:237) ~[classes/:na]
	at com.mogujie.ares.extend.action.UserAction.addAndDelFriend(UserAction.java:166) ~[classes/:na]
	... 16 common frames omitted
16:20:33.607 [ERROR] [com.mogujie.ares.extend.dispatch.DefaultRequestDispatcher] - commandId: 14
java.lang.reflect.InvocationTargetException: null
	at sun.reflect.NativeMethodAccessorImpl.invoke0(Native Method) ~[na:1.7.0_71]
	at sun.reflect.NativeMethodAccessorImpl.invoke(Unknown Source) ~[na:1.7.0_71]
	at sun.reflect.DelegatingMethodAccessorImpl.invoke(Unknown Source) ~[na:1.7.0_71]
	at java.lang.reflect.Method.invoke(Unknown Source) ~[na:1.7.0_71]
	at com.mogujie.ares.extend.ActionContext.invoke(ActionContext.java:99) ~[classes/:na]
	at com.mogujie.ares.extend.dispatch.DefaultRequestDispatcher.dispatch(DefaultRequestDispatcher.java:62) ~[classes/:na]
	at com.mogujie.ares.lib.net.BinaryMessageHandler.messageReceived(BinaryMessageHandler.java:49) [classes/:na]
	at org.jboss.netty.channel.SimpleChannelHandler.handleUpstream(SimpleChannelHandler.java:88) [netty-3.6.6.Final.jar:na]
	at org.jboss.netty.channel.DefaultChannelPipeline.sendUpstream(DefaultChannelPipeline.java:564) [netty-3.6.6.Final.jar:na]
	at org.jboss.netty.channel.DefaultChannelPipeline$DefaultChannelHandlerContext.sendUpstream(DefaultChannelPipeline.java:791) [netty-3.6.6.Final.jar:na]
	at org.jboss.netty.handler.execution.ChannelUpstreamEventRunnable.doRun(ChannelUpstreamEventRunnable.java:43) [netty-3.6.6.Final.jar:na]
	at org.jboss.netty.handler.execution.ChannelEventRunnable.run(ChannelEventRunnable.java:67) [netty-3.6.6.Final.jar:na]
	at org.jboss.netty.handler.execution.OrderedMemoryAwareThreadPoolExecutor$ChildExecutor.run(OrderedMemoryAwareThreadPoolExecutor.java:314) [netty-3.6.6.Final.jar:na]
	at java.util.concurrent.ThreadPoolExecutor.runWorker(Unknown Source) [na:1.7.0_71]
	at java.util.concurrent.ThreadPoolExecutor$Worker.run(Unknown Source) [na:1.7.0_71]
	at java.lang.Thread.run(Unknown Source) [na:1.7.0_71]
Caused by: java.lang.NullPointerException: null
	at com.mogujie.ares.extend.action.UserAction.bulidBuffer(UserAction.java:237) ~[classes/:na]
	at com.mogujie.ares.extend.action.UserAction.addAndDelFriend(UserAction.java:166) ~[classes/:na]
	... 16 common frames omitted
16:26:33.634 [ERROR] [com.mogujie.ares.extend.dispatch.DefaultRequestDispatcher] - commandId: 14
java.lang.reflect.InvocationTargetException: null
	at sun.reflect.NativeMethodAccessorImpl.invoke0(Native Method) ~[na:1.7.0_71]
	at sun.reflect.NativeMethodAccessorImpl.invoke(Unknown Source) ~[na:1.7.0_71]
	at sun.reflect.DelegatingMethodAccessorImpl.invoke(Unknown Source) ~[na:1.7.0_71]
	at java.lang.reflect.Method.invoke(Unknown Source) ~[na:1.7.0_71]
	at com.mogujie.ares.extend.ActionContext.invoke(ActionContext.java:99) ~[classes/:na]
	at com.mogujie.ares.extend.dispatch.DefaultRequestDispatcher.dispatch(DefaultRequestDispatcher.java:62) ~[classes/:na]
	at com.mogujie.ares.lib.net.BinaryMessageHandler.messageReceived(BinaryMessageHandler.java:49) [classes/:na]
	at org.jboss.netty.channel.SimpleChannelHandler.handleUpstream(SimpleChannelHandler.java:88) [netty-3.6.6.Final.jar:na]
	at org.jboss.netty.channel.DefaultChannelPipeline.sendUpstream(DefaultChannelPipeline.java:564) [netty-3.6.6.Final.jar:na]
	at org.jboss.netty.channel.DefaultChannelPipeline$DefaultChannelHandlerContext.sendUpstream(DefaultChannelPipeline.java:791) [netty-3.6.6.Final.jar:na]
	at org.jboss.netty.handler.execution.ChannelUpstreamEventRunnable.doRun(ChannelUpstreamEventRunnable.java:43) [netty-3.6.6.Final.jar:na]
	at org.jboss.netty.handler.execution.ChannelEventRunnable.run(ChannelEventRunnable.java:67) [netty-3.6.6.Final.jar:na]
	at org.jboss.netty.handler.execution.OrderedMemoryAwareThreadPoolExecutor$ChildExecutor.run(OrderedMemoryAwareThreadPoolExecutor.java:314) [netty-3.6.6.Final.jar:na]
	at java.util.concurrent.ThreadPoolExecutor.runWorker(Unknown Source) [na:1.7.0_71]
	at java.util.concurrent.ThreadPoolExecutor$Worker.run(Unknown Source) [na:1.7.0_71]
	at java.lang.Thread.run(Unknown Source) [na:1.7.0_71]
Caused by: java.lang.NullPointerException: null
	at com.mogujie.ares.extend.action.UserAction.bulidBuffer(UserAction.java:237) ~[classes/:na]
	at com.mogujie.ares.extend.action.UserAction.addAndDelFriend(UserAction.java:166) ~[classes/:na]
	... 16 common frames omitted
16:26:46.522 [ERROR] [com.mogujie.ares.extend.dispatch.DefaultRequestDispatcher] - commandId: 14
java.lang.reflect.InvocationTargetException: null
	at sun.reflect.NativeMethodAccessorImpl.invoke0(Native Method) ~[na:1.7.0_71]
	at sun.reflect.NativeMethodAccessorImpl.invoke(Unknown Source) ~[na:1.7.0_71]
	at sun.reflect.DelegatingMethodAccessorImpl.invoke(Unknown Source) ~[na:1.7.0_71]
	at java.lang.reflect.Method.invoke(Unknown Source) ~[na:1.7.0_71]
	at com.mogujie.ares.extend.ActionContext.invoke(ActionContext.java:99) ~[classes/:na]
	at com.mogujie.ares.extend.dispatch.DefaultRequestDispatcher.dispatch(DefaultRequestDispatcher.java:62) ~[classes/:na]
	at com.mogujie.ares.lib.net.BinaryMessageHandler.messageReceived(BinaryMessageHandler.java:49) [classes/:na]
	at org.jboss.netty.channel.SimpleChannelHandler.handleUpstream(SimpleChannelHandler.java:88) [netty-3.6.6.Final.jar:na]
	at org.jboss.netty.channel.DefaultChannelPipeline.sendUpstream(DefaultChannelPipeline.java:564) [netty-3.6.6.Final.jar:na]
	at org.jboss.netty.channel.DefaultChannelPipeline$DefaultChannelHandlerContext.sendUpstream(DefaultChannelPipeline.java:791) [netty-3.6.6.Final.jar:na]
	at org.jboss.netty.handler.execution.ChannelUpstreamEventRunnable.doRun(ChannelUpstreamEventRunnable.java:43) [netty-3.6.6.Final.jar:na]
	at org.jboss.netty.handler.execution.ChannelEventRunnable.run(ChannelEventRunnable.java:67) [netty-3.6.6.Final.jar:na]
	at org.jboss.netty.handler.execution.OrderedMemoryAwareThreadPoolExecutor$ChildExecutor.run(OrderedMemoryAwareThreadPoolExecutor.java:314) [netty-3.6.6.Final.jar:na]
	at java.util.concurrent.ThreadPoolExecutor.runWorker(Unknown Source) [na:1.7.0_71]
	at java.util.concurrent.ThreadPoolExecutor$Worker.run(Unknown Source) [na:1.7.0_71]
	at java.lang.Thread.run(Unknown Source) [na:1.7.0_71]
Caused by: java.lang.NullPointerException: null
	at com.mogujie.ares.extend.action.UserAction.bulidBuffer(UserAction.java:237) ~[classes/:na]
	at com.mogujie.ares.extend.action.UserAction.addAndDelFriend(UserAction.java:166) ~[classes/:na]
	... 16 common frames omitted
16:30:05.528 [ERROR] [com.mogujie.ares.extend.dispatch.DefaultRequestDispatcher] - commandId: 14
java.lang.reflect.InvocationTargetException: null
	at sun.reflect.NativeMethodAccessorImpl.invoke0(Native Method) ~[na:1.7.0_71]
	at sun.reflect.NativeMethodAccessorImpl.invoke(Unknown Source) ~[na:1.7.0_71]
	at sun.reflect.DelegatingMethodAccessorImpl.invoke(Unknown Source) ~[na:1.7.0_71]
	at java.lang.reflect.Method.invoke(Unknown Source) ~[na:1.7.0_71]
	at com.mogujie.ares.extend.ActionContext.invoke(ActionContext.java:99) ~[classes/:na]
	at com.mogujie.ares.extend.dispatch.DefaultRequestDispatcher.dispatch(DefaultRequestDispatcher.java:62) ~[classes/:na]
	at com.mogujie.ares.lib.net.BinaryMessageHandler.messageReceived(BinaryMessageHandler.java:49) [classes/:na]
	at org.jboss.netty.channel.SimpleChannelHandler.handleUpstream(SimpleChannelHandler.java:88) [netty-3.6.6.Final.jar:na]
	at org.jboss.netty.channel.DefaultChannelPipeline.sendUpstream(DefaultChannelPipeline.java:564) [netty-3.6.6.Final.jar:na]
	at org.jboss.netty.channel.DefaultChannelPipeline$DefaultChannelHandlerContext.sendUpstream(DefaultChannelPipeline.java:791) [netty-3.6.6.Final.jar:na]
	at org.jboss.netty.handler.execution.ChannelUpstreamEventRunnable.doRun(ChannelUpstreamEventRunnable.java:43) [netty-3.6.6.Final.jar:na]
	at org.jboss.netty.handler.execution.ChannelEventRunnable.run(ChannelEventRunnable.java:67) [netty-3.6.6.Final.jar:na]
	at org.jboss.netty.handler.execution.OrderedMemoryAwareThreadPoolExecutor$ChildExecutor.run(OrderedMemoryAwareThreadPoolExecutor.java:314) [netty-3.6.6.Final.jar:na]
	at java.util.concurrent.ThreadPoolExecutor.runWorker(Unknown Source) [na:1.7.0_71]
	at java.util.concurrent.ThreadPoolExecutor$Worker.run(Unknown Source) [na:1.7.0_71]
	at java.lang.Thread.run(Unknown Source) [na:1.7.0_71]
Caused by: java.lang.NullPointerException: null
	at com.mogujie.ares.extend.action.UserAction.bulidBuffer(UserAction.java:237) ~[classes/:na]
	at com.mogujie.ares.extend.action.UserAction.addAndDelFriend(UserAction.java:166) ~[classes/:na]
	... 16 common frames omitted
16:31:29.949 [ERROR] [com.mogujie.ares.extend.dispatch.DefaultRequestDispatcher] - commandId: 14
java.lang.reflect.InvocationTargetException: null
	at sun.reflect.NativeMethodAccessorImpl.invoke0(Native Method) ~[na:1.7.0_71]
	at sun.reflect.NativeMethodAccessorImpl.invoke(Unknown Source) ~[na:1.7.0_71]
	at sun.reflect.DelegatingMethodAccessorImpl.invoke(Unknown Source) ~[na:1.7.0_71]
	at java.lang.reflect.Method.invoke(Unknown Source) ~[na:1.7.0_71]
	at com.mogujie.ares.extend.ActionContext.invoke(ActionContext.java:99) ~[classes/:na]
	at com.mogujie.ares.extend.dispatch.DefaultRequestDispatcher.dispatch(DefaultRequestDispatcher.java:62) ~[classes/:na]
	at com.mogujie.ares.lib.net.BinaryMessageHandler.messageReceived(BinaryMessageHandler.java:49) [classes/:na]
	at org.jboss.netty.channel.SimpleChannelHandler.handleUpstream(SimpleChannelHandler.java:88) [netty-3.6.6.Final.jar:na]
	at org.jboss.netty.channel.DefaultChannelPipeline.sendUpstream(DefaultChannelPipeline.java:564) [netty-3.6.6.Final.jar:na]
	at org.jboss.netty.channel.DefaultChannelPipeline$DefaultChannelHandlerContext.sendUpstream(DefaultChannelPipeline.java:791) [netty-3.6.6.Final.jar:na]
	at org.jboss.netty.handler.execution.ChannelUpstreamEventRunnable.doRun(ChannelUpstreamEventRunnable.java:43) [netty-3.6.6.Final.jar:na]
	at org.jboss.netty.handler.execution.ChannelEventRunnable.run(ChannelEventRunnable.java:67) [netty-3.6.6.Final.jar:na]
	at org.jboss.netty.handler.execution.OrderedMemoryAwareThreadPoolExecutor$ChildExecutor.run(OrderedMemoryAwareThreadPoolExecutor.java:314) [netty-3.6.6.Final.jar:na]
	at java.util.concurrent.ThreadPoolExecutor.runWorker(Unknown Source) [na:1.7.0_71]
	at java.util.concurrent.ThreadPoolExecutor$Worker.run(Unknown Source) [na:1.7.0_71]
	at java.lang.Thread.run(Unknown Source) [na:1.7.0_71]
Caused by: java.lang.NullPointerException: null
	at com.mogujie.ares.extend.action.UserAction.bulidBuffer(UserAction.java:237) ~[classes/:na]
	at com.mogujie.ares.extend.action.UserAction.addAndDelFriend(UserAction.java:166) ~[classes/:na]
	... 16 common frames omitted
16:45:30.133 [ERROR] [com.mogujie.ares.model.UserModel] - add friend error with reason :java.sql.SQLException: No value specified for parameter 1
16:45:30.133 [ERROR] [com.mogujie.ares.extend.dispatch.DefaultRequestDispatcher] - commandId: 14
java.lang.reflect.InvocationTargetException: null
	at sun.reflect.NativeMethodAccessorImpl.invoke0(Native Method) ~[na:1.7.0_71]
	at sun.reflect.NativeMethodAccessorImpl.invoke(Unknown Source) ~[na:1.7.0_71]
	at sun.reflect.DelegatingMethodAccessorImpl.invoke(Unknown Source) ~[na:1.7.0_71]
	at java.lang.reflect.Method.invoke(Unknown Source) ~[na:1.7.0_71]
	at com.mogujie.ares.extend.ActionContext.invoke(ActionContext.java:99) ~[classes/:na]
	at com.mogujie.ares.extend.dispatch.DefaultRequestDispatcher.dispatch(DefaultRequestDispatcher.java:62) ~[classes/:na]
	at com.mogujie.ares.lib.net.BinaryMessageHandler.messageReceived(BinaryMessageHandler.java:49) [classes/:na]
	at org.jboss.netty.channel.SimpleChannelHandler.handleUpstream(SimpleChannelHandler.java:88) [netty-3.6.6.Final.jar:na]
	at org.jboss.netty.channel.DefaultChannelPipeline.sendUpstream(DefaultChannelPipeline.java:564) [netty-3.6.6.Final.jar:na]
	at org.jboss.netty.channel.DefaultChannelPipeline$DefaultChannelHandlerContext.sendUpstream(DefaultChannelPipeline.java:791) [netty-3.6.6.Final.jar:na]
	at org.jboss.netty.handler.execution.ChannelUpstreamEventRunnable.doRun(ChannelUpstreamEventRunnable.java:43) [netty-3.6.6.Final.jar:na]
	at org.jboss.netty.handler.execution.ChannelEventRunnable.run(ChannelEventRunnable.java:67) [netty-3.6.6.Final.jar:na]
	at org.jboss.netty.handler.execution.OrderedMemoryAwareThreadPoolExecutor$ChildExecutor.run(OrderedMemoryAwareThreadPoolExecutor.java:314) [netty-3.6.6.Final.jar:na]
	at java.util.concurrent.ThreadPoolExecutor.runWorker(Unknown Source) [na:1.7.0_71]
	at java.util.concurrent.ThreadPoolExecutor$Worker.run(Unknown Source) [na:1.7.0_71]
	at java.lang.Thread.run(Unknown Source) [na:1.7.0_71]
Caused by: java.lang.NullPointerException: null
	at com.mogujie.ares.extend.action.UserAction.bulidBuffer(UserAction.java:237) ~[classes/:na]
	at com.mogujie.ares.extend.action.UserAction.addAndDelFriend(UserAction.java:166) ~[classes/:na]
	... 16 common frames omitted
16:45:30.149 [ERROR] [com.mogujie.ares.model.UserModel] - add friend error with reason :java.sql.SQLException: No value specified for parameter 1
16:45:30.149 [ERROR] [com.mogujie.ares.extend.dispatch.DefaultRequestDispatcher] - commandId: 14
java.lang.reflect.InvocationTargetException: null
	at sun.reflect.NativeMethodAccessorImpl.invoke0(Native Method) ~[na:1.7.0_71]
	at sun.reflect.NativeMethodAccessorImpl.invoke(Unknown Source) ~[na:1.7.0_71]
	at sun.reflect.DelegatingMethodAccessorImpl.invoke(Unknown Source) ~[na:1.7.0_71]
	at java.lang.reflect.Method.invoke(Unknown Source) ~[na:1.7.0_71]
	at com.mogujie.ares.extend.ActionContext.invoke(ActionContext.java:99) ~[classes/:na]
	at com.mogujie.ares.extend.dispatch.DefaultRequestDispatcher.dispatch(DefaultRequestDispatcher.java:62) ~[classes/:na]
	at com.mogujie.ares.lib.net.BinaryMessageHandler.messageReceived(BinaryMessageHandler.java:49) [classes/:na]
	at org.jboss.netty.channel.SimpleChannelHandler.handleUpstream(SimpleChannelHandler.java:88) [netty-3.6.6.Final.jar:na]
	at org.jboss.netty.channel.DefaultChannelPipeline.sendUpstream(DefaultChannelPipeline.java:564) [netty-3.6.6.Final.jar:na]
	at org.jboss.netty.channel.DefaultChannelPipeline$DefaultChannelHandlerContext.sendUpstream(DefaultChannelPipeline.java:791) [netty-3.6.6.Final.jar:na]
	at org.jboss.netty.handler.execution.ChannelUpstreamEventRunnable.doRun(ChannelUpstreamEventRunnable.java:43) [netty-3.6.6.Final.jar:na]
	at org.jboss.netty.handler.execution.ChannelEventRunnable.run(ChannelEventRunnable.java:67) [netty-3.6.6.Final.jar:na]
	at org.jboss.netty.handler.execution.OrderedMemoryAwareThreadPoolExecutor$ChildExecutor.run(OrderedMemoryAwareThreadPoolExecutor.java:314) [netty-3.6.6.Final.jar:na]
	at java.util.concurrent.ThreadPoolExecutor.runWorker(Unknown Source) [na:1.7.0_71]
	at java.util.concurrent.ThreadPoolExecutor$Worker.run(Unknown Source) [na:1.7.0_71]
	at java.lang.Thread.run(Unknown Source) [na:1.7.0_71]
Caused by: java.lang.NullPointerException: null
	at com.mogujie.ares.extend.action.UserAction.bulidBuffer(UserAction.java:237) ~[classes/:na]
	at com.mogujie.ares.extend.action.UserAction.addAndDelFriend(UserAction.java:166) ~[classes/:na]
	... 16 common frames omitted
