09:44:34.798 [INFO] [com.mogujie.ares.configure.Configure] - load /system.properties
09:44:34.798 [INFO] [com.mogujie.ares.configure.Configure] - E:\resource\TT\download\TTServer\TTServer\trunk\java/db-dev.properties
09:44:34.798 [INFO] [com.mogujie.ares.configure.Configure] - E:\resource\TT\download\TTServer\TTServer\trunk\java/cache-dev.properties
09:44:34.923 [INFO] [com.mogujie.ares.manager.DBManager] - jdbc: jdbc:mysql://127.0.0.1/ttim ,jdbcUsername: root ,jdbcPassword: root
09:44:35.377 [INFO] [com.mogujie.ares.manager.DBManager] - jdbc: jdbc:mysql://127.0.0.1/ttim ,jdbcUsername: root ,jdbcPassword: root
09:44:35.560 [INFO] [com.mogujie.ares.manager.NetworkManager] - server started on port 11000
09:47:49.629 [INFO] [com.mogujie.ares.lib.net.FrameBinaryDecoder] - 数据包长度:12
09:47:49.630 [INFO] [com.mogujie.ares.extend.dispatch.DefaultRequestDispatcher] - 请求访问的模块commandID:1
10:11:25.756 [INFO] [com.mogujie.ares.configure.Configure] - load /system.properties
10:11:25.756 [INFO] [com.mogujie.ares.configure.Configure] - E:\resource\TT\download\TTServer\TTServer\trunk\java/db-dev.properties
10:11:25.756 [INFO] [com.mogujie.ares.configure.Configure] - E:\resource\TT\download\TTServer\TTServer\trunk\java/cache-dev.properties
10:11:25.866 [INFO] [com.mogujie.ares.manager.DBManager] - jdbc: jdbc:mysql://127.0.0.1/ttim ,jdbcUsername: root ,jdbcPassword: root
10:11:26.149 [INFO] [com.mogujie.ares.manager.DBManager] - jdbc: jdbc:mysql://127.0.0.1/ttim ,jdbcUsername: root ,jdbcPassword: root
10:11:26.290 [INFO] [com.mogujie.ares.manager.NetworkManager] - server started on port 11000
10:14:59.739 [INFO] [com.mogujie.ares.lib.net.FrameBinaryDecoder] - 数据包长度:12
10:14:59.740 [INFO] [com.mogujie.ares.extend.dispatch.DefaultRequestDispatcher] - 请求访问的模块commandID:1
10:17:14.171 [INFO] [com.mogujie.ares.lib.net.FrameBinaryDecoder] - 数据包长度:12
10:17:14.171 [INFO] [com.mogujie.ares.extend.dispatch.DefaultRequestDispatcher] - 请求访问的模块commandID:1
10:19:50.215 [INFO] [com.mogujie.ares.lib.net.FrameBinaryDecoder] - 数据包长度:12
10:19:50.216 [INFO] [com.mogujie.ares.extend.dispatch.DefaultRequestDispatcher] - 请求访问的模块commandID:1
10:21:10.869 [INFO] [com.mogujie.ares.lib.net.FrameBinaryDecoder] - 数据包长度:12
10:21:10.870 [INFO] [com.mogujie.ares.extend.dispatch.DefaultRequestDispatcher] - 请求访问的模块commandID:1
10:23:41.079 [INFO] [com.mogujie.ares.lib.net.FrameBinaryDecoder] - 数据包长度:12
10:23:41.079 [INFO] [com.mogujie.ares.extend.dispatch.DefaultRequestDispatcher] - 请求访问的模块commandID:1
10:25:28.626 [INFO] [com.mogujie.ares.lib.net.FrameBinaryDecoder] - 数据包长度:12
10:25:28.626 [INFO] [com.mogujie.ares.extend.dispatch.DefaultRequestDispatcher] - 请求访问的模块commandID:1
10:30:13.268 [INFO] [com.mogujie.ares.lib.net.FrameBinaryDecoder] - 数据包长度:12
10:30:13.268 [INFO] [com.mogujie.ares.extend.dispatch.DefaultRequestDispatcher] - 请求访问的模块commandID:3
10:30:13.307 [INFO] [com.mogujie.ares.extend.action.Login] - isAuthed:false
10:30:13.308 [INFO] [com.mogujie.ares.extend.action.Login] - login failed with error password!
10:30:13.308 [INFO] [com.mogujie.ares.extend.action.Login] - login error: , 1
10:32:57.625 [INFO] [com.mogujie.ares.configure.Configure] - load /system.properties
10:32:57.627 [INFO] [com.mogujie.ares.configure.Configure] - E:\resource\TT\download\TTServer\TTServer\trunk\java/db-dev.properties
10:32:57.628 [INFO] [com.mogujie.ares.configure.Configure] - E:\resource\TT\download\TTServer\TTServer\trunk\java/cache-dev.properties
10:32:57.737 [INFO] [com.mogujie.ares.manager.DBManager] - jdbc: jdbc:mysql://127.0.0.1/ttim ,jdbcUsername: root ,jdbcPassword: root
10:32:58.036 [INFO] [com.mogujie.ares.manager.DBManager] - jdbc: jdbc:mysql://127.0.0.1/ttim ,jdbcUsername: root ,jdbcPassword: root
10:32:58.180 [INFO] [com.mogujie.ares.manager.NetworkManager] - server started on port 11000
10:33:09.917 [INFO] [com.mogujie.ares.lib.net.FrameBinaryDecoder] - 数据包长度:12
10:33:09.918 [INFO] [com.mogujie.ares.extend.dispatch.DefaultRequestDispatcher] - 请求访问的模块commandID:3
10:33:09.918 [INFO] [com.mogujie.ares.extend.action.Login] - username:--password:
10:33:09.948 [INFO] [com.mogujie.ares.extend.action.Login] - isAuthed:false
10:33:09.948 [INFO] [com.mogujie.ares.extend.action.Login] - login failed with error password!
10:33:09.950 [INFO] [com.mogujie.ares.extend.action.Login] - login error: , 1
10:34:08.545 [INFO] [com.mogujie.ares.configure.Configure] - load /system.properties
10:34:08.547 [INFO] [com.mogujie.ares.configure.Configure] - E:\resource\TT\download\TTServer\TTServer\trunk\java/db-dev.properties
10:34:08.548 [INFO] [com.mogujie.ares.configure.Configure] - E:\resource\TT\download\TTServer\TTServer\trunk\java/cache-dev.properties
10:34:08.665 [INFO] [com.mogujie.ares.manager.DBManager] - jdbc: jdbc:mysql://127.0.0.1/ttim ,jdbcUsername: root ,jdbcPassword: root
10:34:08.979 [INFO] [com.mogujie.ares.manager.DBManager] - jdbc: jdbc:mysql://127.0.0.1/ttim ,jdbcUsername: root ,jdbcPassword: root
10:34:09.146 [INFO] [com.mogujie.ares.manager.NetworkManager] - server started on port 11000
10:35:43.577 [INFO] [com.mogujie.ares.lib.net.FrameBinaryDecoder] - 数据包长度:12
10:35:43.578 [INFO] [com.mogujie.ares.extend.dispatch.DefaultRequestDispatcher] - 请求访问的模块commandID:3
10:35:59.961 [INFO] [com.mogujie.ares.extend.action.Login] - username:--password:
10:35:59.993 [INFO] [com.mogujie.ares.extend.action.Login] - isAuthed:false
10:35:59.994 [INFO] [com.mogujie.ares.extend.action.Login] - login failed with error password!
10:35:59.995 [INFO] [com.mogujie.ares.extend.action.Login] - login error: , 1
10:38:27.669 [INFO] [com.mogujie.ares.lib.net.FrameBinaryDecoder] - 数据包长度:12
10:38:27.670 [INFO] [com.mogujie.ares.extend.dispatch.DefaultRequestDispatcher] - 请求访问的模块commandID:3
10:38:27.670 [INFO] [com.mogujie.ares.extend.action.Login] - username:--password:
10:38:27.671 [INFO] [com.mogujie.ares.extend.action.Login] - isAuthed:false
10:38:27.671 [INFO] [com.mogujie.ares.extend.action.Login] - login failed with error password!
10:38:27.672 [INFO] [com.mogujie.ares.extend.action.Login] - login error: , 1
10:46:05.139 [INFO] [com.mogujie.ares.lib.net.FrameBinaryDecoder] - 数据包长度:12
10:46:05.140 [INFO] [com.mogujie.ares.extend.dispatch.DefaultRequestDispatcher] - 请求访问的模块commandID:3
10:46:05.140 [INFO] [com.mogujie.ares.extend.action.Login] - username:--password:
10:46:05.142 [INFO] [com.mogujie.ares.extend.action.Login] - isAuthed:false
10:46:05.142 [INFO] [com.mogujie.ares.extend.action.Login] - login failed with error password!
10:46:05.142 [INFO] [com.mogujie.ares.extend.action.Login] - login error: , 1
10:46:05.958 [INFO] [com.mogujie.ares.lib.net.FrameBinaryDecoder] - 数据包长度:12
10:46:05.959 [INFO] [com.mogujie.ares.extend.dispatch.DefaultRequestDispatcher] - 请求访问的模块commandID:3
10:46:05.959 [INFO] [com.mogujie.ares.extend.action.Login] - username:--password:
10:46:05.961 [INFO] [com.mogujie.ares.extend.action.Login] - isAuthed:false
10:46:05.961 [INFO] [com.mogujie.ares.extend.action.Login] - login failed with error password!
10:46:05.961 [INFO] [com.mogujie.ares.extend.action.Login] - login error: , 1
10:47:54.981 [INFO] [com.mogujie.ares.lib.net.FrameBinaryDecoder] - 数据包长度:12
10:47:54.982 [INFO] [com.mogujie.ares.extend.dispatch.DefaultRequestDispatcher] - 请求访问的模块commandID:3
10:47:54.982 [INFO] [com.mogujie.ares.extend.action.Login] - username:--password:
10:47:54.984 [INFO] [com.mogujie.ares.extend.action.Login] - isAuthed:false
10:47:54.984 [INFO] [com.mogujie.ares.extend.action.Login] - login failed with error password!
10:47:54.984 [INFO] [com.mogujie.ares.extend.action.Login] - login error: , 1
10:49:52.348 [INFO] [com.mogujie.ares.lib.net.FrameBinaryDecoder] - 数据包长度:12
10:49:52.349 [INFO] [com.mogujie.ares.extend.dispatch.DefaultRequestDispatcher] - 请求访问的模块commandID:3
10:49:52.349 [INFO] [com.mogujie.ares.extend.action.Login] - username:--password:
10:49:52.352 [INFO] [com.mogujie.ares.extend.action.Login] - isAuthed:false
10:49:52.353 [INFO] [com.mogujie.ares.extend.action.Login] - login failed with error password!
10:49:52.353 [INFO] [com.mogujie.ares.extend.action.Login] - login error: , 1
10:53:15.584 [INFO] [com.mogujie.ares.lib.net.FrameBinaryDecoder] - 数据包长度:12
10:53:15.584 [INFO] [com.mogujie.ares.extend.dispatch.DefaultRequestDispatcher] - 请求访问的模块commandID:3
10:53:15.584 [INFO] [com.mogujie.ares.extend.action.Login] - username:--password:
10:53:15.586 [INFO] [com.mogujie.ares.extend.action.Login] - isAuthed:false
10:53:15.586 [INFO] [com.mogujie.ares.extend.action.Login] - login failed with error password!
10:53:15.586 [INFO] [com.mogujie.ares.extend.action.Login] - login error: , 1
10:53:44.915 [INFO] [com.mogujie.ares.lib.net.FrameBinaryDecoder] - 数据包长度:12
10:53:44.915 [INFO] [com.mogujie.ares.extend.dispatch.DefaultRequestDispatcher] - 请求访问的模块commandID:3
10:53:44.916 [INFO] [com.mogujie.ares.extend.action.Login] - username:--password:
10:53:44.917 [INFO] [com.mogujie.ares.extend.action.Login] - isAuthed:false
10:53:44.917 [INFO] [com.mogujie.ares.extend.action.Login] - login failed with error password!
10:53:44.917 [INFO] [com.mogujie.ares.extend.action.Login] - login error: , 1
10:53:46.115 [INFO] [com.mogujie.ares.lib.net.FrameBinaryDecoder] - 数据包长度:12
10:53:46.116 [INFO] [com.mogujie.ares.extend.dispatch.DefaultRequestDispatcher] - 请求访问的模块commandID:3
10:53:46.117 [INFO] [com.mogujie.ares.extend.action.Login] - username:--password:
10:53:46.118 [INFO] [com.mogujie.ares.extend.action.Login] - isAuthed:false
10:53:46.118 [INFO] [com.mogujie.ares.extend.action.Login] - login failed with error password!
10:53:46.118 [INFO] [com.mogujie.ares.extend.action.Login] - login error: , 1
10:57:34.556 [INFO] [com.mogujie.ares.lib.net.FrameBinaryDecoder] - 数据包长度:12
10:57:34.559 [INFO] [com.mogujie.ares.extend.dispatch.DefaultRequestDispatcher] - 请求访问的模块commandID:3
10:57:34.559 [INFO] [com.mogujie.ares.extend.action.Login] - username:--password:
10:57:34.560 [INFO] [com.mogujie.ares.extend.action.Login] - isAuthed:false
10:57:34.561 [INFO] [com.mogujie.ares.extend.action.Login] - login failed with error password!
10:57:34.561 [INFO] [com.mogujie.ares.extend.action.Login] - login error: , 1
11:02:27.685 [INFO] [com.mogujie.ares.lib.net.FrameBinaryDecoder] - 数据包长度:12
11:02:27.685 [INFO] [com.mogujie.ares.extend.dispatch.DefaultRequestDispatcher] - 请求访问的模块commandID:3
11:02:27.686 [INFO] [com.mogujie.ares.extend.action.Login] - username:--password:
11:02:27.687 [INFO] [com.mogujie.ares.extend.action.Login] - isAuthed:false
11:02:27.687 [INFO] [com.mogujie.ares.extend.action.Login] - login failed with error password!
11:02:27.688 [INFO] [com.mogujie.ares.extend.action.Login] - login error: , 1
11:05:52.664 [INFO] [com.mogujie.ares.lib.net.FrameBinaryDecoder] - 数据包长度:12
11:05:52.665 [INFO] [com.mogujie.ares.extend.dispatch.DefaultRequestDispatcher] - 请求访问的模块commandID:1
11:06:36.939 [INFO] [com.mogujie.ares.lib.net.FrameBinaryDecoder] - 数据包长度:12
11:06:36.939 [INFO] [com.mogujie.ares.extend.dispatch.DefaultRequestDispatcher] - 请求访问的模块commandID:1
11:10:45.132 [INFO] [com.mogujie.ares.lib.net.FrameBinaryDecoder] - 数据包长度:12
11:10:45.133 [INFO] [com.mogujie.ares.extend.dispatch.DefaultRequestDispatcher] - 请求访问的模块commandID:1
11:11:10.181 [INFO] [com.mogujie.ares.lib.net.FrameBinaryDecoder] - 数据包长度:12
11:11:10.182 [INFO] [com.mogujie.ares.extend.dispatch.DefaultRequestDispatcher] - 请求访问的模块commandID:1
11:13:12.340 [INFO] [com.mogujie.ares.lib.net.FrameBinaryDecoder] - 数据包长度:12
11:13:12.340 [INFO] [com.mogujie.ares.extend.dispatch.DefaultRequestDispatcher] - 请求访问的模块commandID:1
11:15:27.479 [INFO] [com.mogujie.ares.lib.net.FrameBinaryDecoder] - 数据包长度:12
11:15:27.479 [INFO] [com.mogujie.ares.extend.dispatch.DefaultRequestDispatcher] - 请求访问的模块commandID:1
11:16:11.032 [INFO] [com.mogujie.ares.lib.net.FrameBinaryDecoder] - 数据包长度:12
11:16:11.033 [INFO] [com.mogujie.ares.extend.dispatch.DefaultRequestDispatcher] - 请求访问的模块commandID:1
11:24:49.259 [INFO] [com.mogujie.ares.configure.Configure] - load /system.properties
11:24:49.261 [INFO] [com.mogujie.ares.configure.Configure] - E:\resource\TT\download\TTServer\TTServer\trunk\java/db-dev.properties
11:24:49.262 [INFO] [com.mogujie.ares.configure.Configure] - E:\resource\TT\download\TTServer\TTServer\trunk\java/cache-dev.properties
11:24:49.363 [INFO] [com.mogujie.ares.manager.DBManager] - jdbc: jdbc:mysql://127.0.0.1/ttim ,jdbcUsername: root ,jdbcPassword: root
11:24:49.667 [INFO] [com.mogujie.ares.manager.DBManager] - jdbc: jdbc:mysql://127.0.0.1/ttim ,jdbcUsername: root ,jdbcPassword: root
11:24:49.813 [INFO] [com.mogujie.ares.manager.NetworkManager] - server started on port 11000
11:26:26.395 [INFO] [com.mogujie.ares.lib.net.FrameBinaryDecoder] - 数据包长度:12
11:26:26.397 [INFO] [com.mogujie.ares.extend.dispatch.DefaultRequestDispatcher] - 请求访问的模块commandID:1
11:27:41.045 [INFO] [com.mogujie.ares.lib.net.FrameBinaryDecoder] - 数据包长度:12
11:27:41.045 [INFO] [com.mogujie.ares.extend.dispatch.DefaultRequestDispatcher] - 请求访问的模块commandID:1
11:28:37.722 [INFO] [com.mogujie.ares.lib.net.FrameBinaryDecoder] - 数据包长度:12
11:28:37.722 [INFO] [com.mogujie.ares.extend.dispatch.DefaultRequestDispatcher] - 请求访问的模块commandID:1
11:30:46.890 [INFO] [com.mogujie.ares.lib.net.FrameBinaryDecoder] - 数据包长度:12
11:30:46.891 [INFO] [com.mogujie.ares.extend.dispatch.DefaultRequestDispatcher] - 请求访问的模块commandID:1
11:31:30.306 [INFO] [com.mogujie.ares.configure.Configure] - load /system.properties
11:31:30.309 [INFO] [com.mogujie.ares.configure.Configure] - E:\resource\TT\download\TTServer\TTServer\trunk\java/db-dev.properties
11:31:30.310 [INFO] [com.mogujie.ares.configure.Configure] - E:\resource\TT\download\TTServer\TTServer\trunk\java/cache-dev.properties
11:31:30.503 [INFO] [com.mogujie.ares.manager.DBManager] - jdbc: jdbc:mysql://127.0.0.1/ttim ,jdbcUsername: root ,jdbcPassword: root
11:31:30.912 [INFO] [com.mogujie.ares.manager.DBManager] - jdbc: jdbc:mysql://127.0.0.1/ttim ,jdbcUsername: root ,jdbcPassword: root
11:31:31.088 [INFO] [com.mogujie.ares.manager.NetworkManager] - server started on port 11000
11:39:41.820 [INFO] [com.mogujie.ares.lib.net.FrameBinaryDecoder] - 数据包长度:12
11:39:41.821 [INFO] [com.mogujie.ares.extend.dispatch.DefaultRequestDispatcher] - 请求访问的模块commandID:1
11:47:25.132 [INFO] [com.mogujie.ares.lib.net.FrameBinaryDecoder] - 数据包长度:12
11:47:25.132 [INFO] [com.mogujie.ares.extend.dispatch.DefaultRequestDispatcher] - 请求访问的模块commandID:1
11:52:34.485 [INFO] [com.mogujie.ares.lib.net.FrameBinaryDecoder] - 数据包长度:12
11:52:34.485 [INFO] [com.mogujie.ares.extend.dispatch.DefaultRequestDispatcher] - 请求访问的模块commandID:1
13:05:36.998 [INFO] [com.mogujie.ares.configure.Configure] - load /system.properties
13:05:37.000 [INFO] [com.mogujie.ares.configure.Configure] - E:\resource\TT\download\TTServer\TTServer\trunk\java/db-dev.properties
13:05:37.001 [INFO] [com.mogujie.ares.configure.Configure] - E:\resource\TT\download\TTServer\TTServer\trunk\java/cache-dev.properties
13:05:37.122 [INFO] [com.mogujie.ares.manager.DBManager] - jdbc: jdbc:mysql://127.0.0.1/ttim ,jdbcUsername: root ,jdbcPassword: root
13:05:37.448 [INFO] [com.mogujie.ares.manager.DBManager] - jdbc: jdbc:mysql://127.0.0.1/ttim ,jdbcUsername: root ,jdbcPassword: root
13:05:37.623 [INFO] [com.mogujie.ares.manager.NetworkManager] - server started on port 11000
13:06:57.683 [INFO] [com.mogujie.ares.lib.net.FrameBinaryDecoder] - 数据包长度:12
13:06:57.684 [INFO] [com.mogujie.ares.extend.dispatch.DefaultRequestDispatcher] - 请求访问的模块commandID:1
13:09:55.043 [INFO] [com.mogujie.ares.lib.net.FrameBinaryDecoder] - 数据包长度:12
13:09:55.043 [INFO] [com.mogujie.ares.extend.dispatch.DefaultRequestDispatcher] - 请求访问的模块commandID:1
13:15:17.147 [INFO] [com.mogujie.ares.lib.net.FrameBinaryDecoder] - 数据包长度:12
13:15:17.148 [INFO] [com.mogujie.ares.extend.dispatch.DefaultRequestDispatcher] - 请求访问的模块commandID:1
13:15:17.547 [INFO] [com.mogujie.ares.lib.net.FrameBinaryDecoder] - 数据包长度:92
13:15:17.548 [INFO] [com.mogujie.ares.extend.dispatch.DefaultRequestDispatcher] - 请求访问的模块commandID:3
13:15:17.548 [INFO] [com.mogujie.ares.extend.action.Login] - username:admin--password:e10adc3949ba59abbe56e057f20f883e
13:15:17.584 [INFO] [com.mogujie.ares.extend.action.Login] - isAuthed:false
13:15:17.585 [INFO] [com.mogujie.ares.extend.action.Login] - login failed with error password!
13:15:17.585 [INFO] [com.mogujie.ares.extend.action.Login] - login error: admin, 1
13:15:47.854 [INFO] [com.mogujie.ares.lib.net.FrameBinaryDecoder] - 数据包长度:12
13:15:47.854 [INFO] [com.mogujie.ares.extend.dispatch.DefaultRequestDispatcher] - 请求访问的模块commandID:1
13:18:57.280 [INFO] [com.mogujie.ares.lib.net.FrameBinaryDecoder] - 数据包长度:12
13:18:57.281 [INFO] [com.mogujie.ares.extend.dispatch.DefaultRequestDispatcher] - 请求访问的模块commandID:1
13:18:57.508 [INFO] [com.mogujie.ares.lib.net.FrameBinaryDecoder] - 数据包长度:92
13:18:57.509 [INFO] [com.mogujie.ares.extend.dispatch.DefaultRequestDispatcher] - 请求访问的模块commandID:3
13:18:57.509 [INFO] [com.mogujie.ares.extend.action.Login] - username:admin--password:e10adc3949ba59abbe56e057f20f883e
13:18:57.511 [INFO] [com.mogujie.ares.extend.action.Login] - isAuthed:true
13:18:57.514 [INFO] [com.mogujie.ares.model.UserModel] - user:1
13:18:57.514 [INFO] [com.mogujie.ares.extend.action.Login] - login success: admin, 0
13:19:07.764 [INFO] [com.mogujie.ares.lib.net.FrameBinaryDecoder] - 数据包长度:12
13:19:07.764 [INFO] [com.mogujie.ares.extend.dispatch.DefaultRequestDispatcher] - 请求访问的模块commandID:1
13:21:32.946 [INFO] [com.mogujie.ares.lib.net.FrameBinaryDecoder] - 数据包长度:12
13:21:32.947 [INFO] [com.mogujie.ares.extend.dispatch.DefaultRequestDispatcher] - 请求访问的模块commandID:1
13:21:58.286 [INFO] [com.mogujie.ares.lib.net.FrameBinaryDecoder] - 数据包长度:92
13:21:58.287 [INFO] [com.mogujie.ares.extend.dispatch.DefaultRequestDispatcher] - 请求访问的模块commandID:3
13:21:58.287 [INFO] [com.mogujie.ares.extend.action.Login] - username:admin--password:e10adc3949ba59abbe56e057f20f883e
13:21:58.288 [INFO] [com.mogujie.ares.extend.action.Login] - isAuthed:true
13:21:58.290 [INFO] [com.mogujie.ares.model.UserModel] - user:1
13:21:58.290 [INFO] [com.mogujie.ares.extend.action.Login] - login success: admin, 0
13:25:36.923 [INFO] [com.mogujie.ares.lib.net.FrameBinaryDecoder] - 数据包长度:12
13:25:36.924 [INFO] [com.mogujie.ares.extend.dispatch.DefaultRequestDispatcher] - 请求访问的模块commandID:1
13:25:37.159 [INFO] [com.mogujie.ares.lib.net.FrameBinaryDecoder] - 数据包长度:92
13:25:37.159 [INFO] [com.mogujie.ares.extend.dispatch.DefaultRequestDispatcher] - 请求访问的模块commandID:3
13:25:37.160 [INFO] [com.mogujie.ares.extend.action.Login] - username:admin--password:e10adc3949ba59abbe56e057f20f883e
13:25:37.162 [INFO] [com.mogujie.ares.extend.action.Login] - isAuthed:true
13:25:37.164 [INFO] [com.mogujie.ares.model.UserModel] - user:1
13:25:37.164 [INFO] [com.mogujie.ares.extend.action.Login] - login success: admin, 0
13:25:37.268 [INFO] [com.mogujie.ares.lib.net.FrameBinaryDecoder] - 数据包长度:12
13:25:37.269 [INFO] [com.mogujie.ares.extend.dispatch.DefaultRequestDispatcher] - 请求访问的模块commandID:18
13:25:37.269 [ERROR] [com.mogujie.ares.extend.dispatch.DefaultRequestDispatcher] - 找不到指定的Action, type: 18
13:25:37.271 [INFO] [com.mogujie.ares.lib.net.FrameBinaryDecoder] - 数据包长度:12
13:25:37.272 [INFO] [com.mogujie.ares.extend.dispatch.DefaultRequestDispatcher] - 请求访问的模块commandID:14
13:25:37.272 [ERROR] [com.mogujie.ares.extend.dispatch.DefaultRequestDispatcher] - 找不到指定的Action, type: 14
13:25:37.322 [INFO] [com.mogujie.ares.lib.net.FrameBinaryDecoder] - 数据包长度:12
13:25:37.322 [INFO] [com.mogujie.ares.extend.dispatch.DefaultRequestDispatcher] - 请求访问的模块commandID:1
13:25:37.324 [INFO] [com.mogujie.ares.lib.net.FrameBinaryDecoder] - 数据包长度:12
13:25:37.324 [INFO] [com.mogujie.ares.extend.dispatch.DefaultRequestDispatcher] - 请求访问的模块commandID:7
13:25:37.324 [ERROR] [com.mogujie.ares.extend.dispatch.DefaultRequestDispatcher] - 找不到指定的Action, type: 7
13:25:37.326 [INFO] [com.mogujie.ares.lib.net.FrameBinaryDecoder] - 数据包长度:12
13:25:37.326 [INFO] [com.mogujie.ares.extend.dispatch.DefaultRequestDispatcher] - 请求访问的模块commandID:1
13:25:37.327 [INFO] [com.mogujie.ares.lib.net.FrameBinaryDecoder] - 数据包长度:12
13:25:37.327 [INFO] [com.mogujie.ares.extend.dispatch.DefaultRequestDispatcher] - 请求访问的模块commandID:16
13:25:37.327 [ERROR] [com.mogujie.ares.extend.dispatch.DefaultRequestDispatcher] - 找不到指定的Action, type: 16
13:25:37.329 [INFO] [com.mogujie.ares.lib.net.FrameBinaryDecoder] - 数据包长度:12
13:25:37.329 [INFO] [com.mogujie.ares.extend.dispatch.DefaultRequestDispatcher] - 请求访问的模块commandID:5
13:25:37.329 [ERROR] [com.mogujie.ares.extend.dispatch.DefaultRequestDispatcher] - 找不到指定的Action, type: 5
13:25:47.240 [INFO] [com.mogujie.ares.lib.net.FrameBinaryDecoder] - 数据包长度:12
13:25:47.241 [INFO] [com.mogujie.ares.extend.dispatch.DefaultRequestDispatcher] - 请求访问的模块commandID:1
13:25:57.241 [INFO] [com.mogujie.ares.lib.net.FrameBinaryDecoder] - 数据包长度:12
13:25:57.241 [INFO] [com.mogujie.ares.extend.dispatch.DefaultRequestDispatcher] - 请求访问的模块commandID:1
13:26:07.239 [INFO] [com.mogujie.ares.lib.net.FrameBinaryDecoder] - 数据包长度:12
13:26:07.247 [INFO] [com.mogujie.ares.extend.dispatch.DefaultRequestDispatcher] - 请求访问的模块commandID:1
13:26:17.252 [INFO] [com.mogujie.ares.lib.net.FrameBinaryDecoder] - 数据包长度:12
13:26:17.252 [INFO] [com.mogujie.ares.extend.dispatch.DefaultRequestDispatcher] - 请求访问的模块commandID:1
13:26:27.256 [INFO] [com.mogujie.ares.lib.net.FrameBinaryDecoder] - 数据包长度:12
13:26:27.256 [INFO] [com.mogujie.ares.extend.dispatch.DefaultRequestDispatcher] - 请求访问的模块commandID:1
13:26:37.239 [INFO] [com.mogujie.ares.lib.net.FrameBinaryDecoder] - 数据包长度:12
13:26:37.239 [INFO] [com.mogujie.ares.extend.dispatch.DefaultRequestDispatcher] - 请求访问的模块commandID:1
13:26:47.247 [INFO] [com.mogujie.ares.lib.net.FrameBinaryDecoder] - 数据包长度:12
13:26:47.248 [INFO] [com.mogujie.ares.extend.dispatch.DefaultRequestDispatcher] - 请求访问的模块commandID:1
13:26:57.267 [INFO] [com.mogujie.ares.lib.net.FrameBinaryDecoder] - 数据包长度:12
13:26:57.268 [INFO] [com.mogujie.ares.extend.dispatch.DefaultRequestDispatcher] - 请求访问的模块commandID:1
13:27:07.245 [INFO] [com.mogujie.ares.lib.net.FrameBinaryDecoder] - 数据包长度:12
13:27:07.245 [INFO] [com.mogujie.ares.extend.dispatch.DefaultRequestDispatcher] - 请求访问的模块commandID:1
13:27:17.239 [INFO] [com.mogujie.ares.lib.net.FrameBinaryDecoder] - 数据包长度:12
13:27:17.240 [INFO] [com.mogujie.ares.extend.dispatch.DefaultRequestDispatcher] - 请求访问的模块commandID:1
13:27:27.250 [INFO] [com.mogujie.ares.lib.net.FrameBinaryDecoder] - 数据包长度:12
13:27:27.251 [INFO] [com.mogujie.ares.extend.dispatch.DefaultRequestDispatcher] - 请求访问的模块commandID:1
13:27:37.241 [INFO] [com.mogujie.ares.lib.net.FrameBinaryDecoder] - 数据包长度:12
13:27:37.242 [INFO] [com.mogujie.ares.extend.dispatch.DefaultRequestDispatcher] - 请求访问的模块commandID:1
13:27:47.251 [INFO] [com.mogujie.ares.lib.net.FrameBinaryDecoder] - 数据包长度:12
13:27:47.251 [INFO] [com.mogujie.ares.extend.dispatch.DefaultRequestDispatcher] - 请求访问的模块commandID:1
13:27:57.274 [INFO] [com.mogujie.ares.lib.net.FrameBinaryDecoder] - 数据包长度:12
13:27:57.275 [INFO] [com.mogujie.ares.extend.dispatch.DefaultRequestDispatcher] - 请求访问的模块commandID:1
13:28:07.242 [INFO] [com.mogujie.ares.lib.net.FrameBinaryDecoder] - 数据包长度:12
13:28:07.242 [INFO] [com.mogujie.ares.extend.dispatch.DefaultRequestDispatcher] - 请求访问的模块commandID:1
13:28:17.275 [INFO] [com.mogujie.ares.lib.net.FrameBinaryDecoder] - 数据包长度:12
13:28:17.276 [INFO] [com.mogujie.ares.extend.dispatch.DefaultRequestDispatcher] - 请求访问的模块commandID:1
13:28:27.245 [INFO] [com.mogujie.ares.lib.net.FrameBinaryDecoder] - 数据包长度:12
13:28:27.246 [INFO] [com.mogujie.ares.extend.dispatch.DefaultRequestDispatcher] - 请求访问的模块commandID:1
13:28:37.269 [INFO] [com.mogujie.ares.lib.net.FrameBinaryDecoder] - 数据包长度:12
13:28:37.270 [INFO] [com.mogujie.ares.extend.dispatch.DefaultRequestDispatcher] - 请求访问的模块commandID:1
13:28:47.242 [INFO] [com.mogujie.ares.lib.net.FrameBinaryDecoder] - 数据包长度:12
13:28:47.243 [INFO] [com.mogujie.ares.extend.dispatch.DefaultRequestDispatcher] - 请求访问的模块commandID:1
13:28:57.244 [INFO] [com.mogujie.ares.lib.net.FrameBinaryDecoder] - 数据包长度:12
13:28:57.245 [INFO] [com.mogujie.ares.extend.dispatch.DefaultRequestDispatcher] - 请求访问的模块commandID:1
13:29:07.251 [INFO] [com.mogujie.ares.lib.net.FrameBinaryDecoder] - 数据包长度:12
13:29:07.252 [INFO] [com.mogujie.ares.extend.dispatch.DefaultRequestDispatcher] - 请求访问的模块commandID:1
13:29:17.239 [INFO] [com.mogujie.ares.lib.net.FrameBinaryDecoder] - 数据包长度:12
13:29:17.240 [INFO] [com.mogujie.ares.extend.dispatch.DefaultRequestDispatcher] - 请求访问的模块commandID:1
13:29:27.249 [INFO] [com.mogujie.ares.lib.net.FrameBinaryDecoder] - 数据包长度:12
13:29:27.249 [INFO] [com.mogujie.ares.extend.dispatch.DefaultRequestDispatcher] - 请求访问的模块commandID:1
13:29:37.241 [INFO] [com.mogujie.ares.lib.net.FrameBinaryDecoder] - 数据包长度:12
13:29:37.241 [INFO] [com.mogujie.ares.extend.dispatch.DefaultRequestDispatcher] - 请求访问的模块commandID:1
13:29:47.262 [INFO] [com.mogujie.ares.lib.net.FrameBinaryDecoder] - 数据包长度:12
13:29:47.263 [INFO] [com.mogujie.ares.extend.dispatch.DefaultRequestDispatcher] - 请求访问的模块commandID:1
13:29:57.246 [INFO] [com.mogujie.ares.lib.net.FrameBinaryDecoder] - 数据包长度:12
13:29:57.246 [INFO] [com.mogujie.ares.extend.dispatch.DefaultRequestDispatcher] - 请求访问的模块commandID:1
13:30:07.246 [INFO] [com.mogujie.ares.lib.net.FrameBinaryDecoder] - 数据包长度:12
13:30:07.246 [INFO] [com.mogujie.ares.extend.dispatch.DefaultRequestDispatcher] - 请求访问的模块commandID:1
13:30:17.262 [INFO] [com.mogujie.ares.lib.net.FrameBinaryDecoder] - 数据包长度:12
13:30:17.263 [INFO] [com.mogujie.ares.extend.dispatch.DefaultRequestDispatcher] - 请求访问的模块commandID:1
13:30:27.296 [INFO] [com.mogujie.ares.lib.net.FrameBinaryDecoder] - 数据包长度:12
13:30:27.296 [INFO] [com.mogujie.ares.extend.dispatch.DefaultRequestDispatcher] - 请求访问的模块commandID:1
13:30:37.241 [INFO] [com.mogujie.ares.lib.net.FrameBinaryDecoder] - 数据包长度:12
13:30:37.242 [INFO] [com.mogujie.ares.extend.dispatch.DefaultRequestDispatcher] - 请求访问的模块commandID:1
13:30:47.243 [INFO] [com.mogujie.ares.lib.net.FrameBinaryDecoder] - 数据包长度:12
13:30:47.244 [INFO] [com.mogujie.ares.extend.dispatch.DefaultRequestDispatcher] - 请求访问的模块commandID:1
13:30:57.249 [INFO] [com.mogujie.ares.lib.net.FrameBinaryDecoder] - 数据包长度:12
13:30:57.249 [INFO] [com.mogujie.ares.extend.dispatch.DefaultRequestDispatcher] - 请求访问的模块commandID:1
13:31:07.244 [INFO] [com.mogujie.ares.lib.net.FrameBinaryDecoder] - 数据包长度:12
13:31:07.245 [INFO] [com.mogujie.ares.extend.dispatch.DefaultRequestDispatcher] - 请求访问的模块commandID:1
13:31:17.243 [INFO] [com.mogujie.ares.lib.net.FrameBinaryDecoder] - 数据包长度:12
13:31:17.243 [INFO] [com.mogujie.ares.extend.dispatch.DefaultRequestDispatcher] - 请求访问的模块commandID:1
13:31:27.244 [INFO] [com.mogujie.ares.lib.net.FrameBinaryDecoder] - 数据包长度:12
13:31:27.244 [INFO] [com.mogujie.ares.extend.dispatch.DefaultRequestDispatcher] - 请求访问的模块commandID:1
13:31:37.242 [INFO] [com.mogujie.ares.lib.net.FrameBinaryDecoder] - 数据包长度:12
13:31:37.243 [INFO] [com.mogujie.ares.extend.dispatch.DefaultRequestDispatcher] - 请求访问的模块commandID:1
13:31:47.246 [INFO] [com.mogujie.ares.lib.net.FrameBinaryDecoder] - 数据包长度:12
13:31:47.247 [INFO] [com.mogujie.ares.extend.dispatch.DefaultRequestDispatcher] - 请求访问的模块commandID:1
13:31:57.241 [INFO] [com.mogujie.ares.lib.net.FrameBinaryDecoder] - 数据包长度:12
13:31:57.242 [INFO] [com.mogujie.ares.extend.dispatch.DefaultRequestDispatcher] - 请求访问的模块commandID:1
13:32:07.244 [INFO] [com.mogujie.ares.lib.net.FrameBinaryDecoder] - 数据包长度:12
13:32:07.245 [INFO] [com.mogujie.ares.extend.dispatch.DefaultRequestDispatcher] - 请求访问的模块commandID:1
13:32:17.270 [INFO] [com.mogujie.ares.lib.net.FrameBinaryDecoder] - 数据包长度:12
13:32:17.270 [INFO] [com.mogujie.ares.extend.dispatch.DefaultRequestDispatcher] - 请求访问的模块commandID:1
13:32:27.242 [INFO] [com.mogujie.ares.lib.net.FrameBinaryDecoder] - 数据包长度:12
13:32:27.242 [INFO] [com.mogujie.ares.extend.dispatch.DefaultRequestDispatcher] - 请求访问的模块commandID:1
13:32:37.244 [INFO] [com.mogujie.ares.lib.net.FrameBinaryDecoder] - 数据包长度:12
13:32:37.244 [INFO] [com.mogujie.ares.extend.dispatch.DefaultRequestDispatcher] - 请求访问的模块commandID:1
13:32:47.241 [INFO] [com.mogujie.ares.lib.net.FrameBinaryDecoder] - 数据包长度:12
13:32:47.242 [INFO] [com.mogujie.ares.extend.dispatch.DefaultRequestDispatcher] - 请求访问的模块commandID:1
13:32:57.242 [INFO] [com.mogujie.ares.lib.net.FrameBinaryDecoder] - 数据包长度:12
13:32:57.242 [INFO] [com.mogujie.ares.extend.dispatch.DefaultRequestDispatcher] - 请求访问的模块commandID:1
13:33:07.242 [INFO] [com.mogujie.ares.lib.net.FrameBinaryDecoder] - 数据包长度:12
13:33:07.243 [INFO] [com.mogujie.ares.extend.dispatch.DefaultRequestDispatcher] - 请求访问的模块commandID:1
13:33:17.241 [INFO] [com.mogujie.ares.lib.net.FrameBinaryDecoder] - 数据包长度:12
13:33:17.242 [INFO] [com.mogujie.ares.extend.dispatch.DefaultRequestDispatcher] - 请求访问的模块commandID:1
13:33:27.264 [INFO] [com.mogujie.ares.lib.net.FrameBinaryDecoder] - 数据包长度:12
13:33:27.265 [INFO] [com.mogujie.ares.extend.dispatch.DefaultRequestDispatcher] - 请求访问的模块commandID:1
13:33:37.248 [INFO] [com.mogujie.ares.lib.net.FrameBinaryDecoder] - 数据包长度:12
13:33:37.249 [INFO] [com.mogujie.ares.extend.dispatch.DefaultRequestDispatcher] - 请求访问的模块commandID:1
13:33:47.253 [INFO] [com.mogujie.ares.lib.net.FrameBinaryDecoder] - 数据包长度:12
13:33:47.254 [INFO] [com.mogujie.ares.extend.dispatch.DefaultRequestDispatcher] - 请求访问的模块commandID:1
13:33:57.246 [INFO] [com.mogujie.ares.lib.net.FrameBinaryDecoder] - 数据包长度:12
13:33:57.246 [INFO] [com.mogujie.ares.extend.dispatch.DefaultRequestDispatcher] - 请求访问的模块commandID:1
13:34:07.244 [INFO] [com.mogujie.ares.lib.net.FrameBinaryDecoder] - 数据包长度:12
13:34:07.245 [INFO] [com.mogujie.ares.extend.dispatch.DefaultRequestDispatcher] - 请求访问的模块commandID:1
13:34:17.251 [INFO] [com.mogujie.ares.lib.net.FrameBinaryDecoder] - 数据包长度:12
13:34:17.251 [INFO] [com.mogujie.ares.extend.dispatch.DefaultRequestDispatcher] - 请求访问的模块commandID:1
13:34:27.255 [INFO] [com.mogujie.ares.lib.net.FrameBinaryDecoder] - 数据包长度:12
13:34:27.256 [INFO] [com.mogujie.ares.extend.dispatch.DefaultRequestDispatcher] - 请求访问的模块commandID:1
13:34:37.239 [INFO] [com.mogujie.ares.lib.net.FrameBinaryDecoder] - 数据包长度:12
13:34:37.239 [INFO] [com.mogujie.ares.extend.dispatch.DefaultRequestDispatcher] - 请求访问的模块commandID:1
13:34:47.254 [INFO] [com.mogujie.ares.lib.net.FrameBinaryDecoder] - 数据包长度:12
13:34:47.255 [INFO] [com.mogujie.ares.extend.dispatch.DefaultRequestDispatcher] - 请求访问的模块commandID:1
13:34:57.241 [INFO] [com.mogujie.ares.lib.net.FrameBinaryDecoder] - 数据包长度:12
13:34:57.241 [INFO] [com.mogujie.ares.extend.dispatch.DefaultRequestDispatcher] - 请求访问的模块commandID:1
13:35:07.247 [INFO] [com.mogujie.ares.lib.net.FrameBinaryDecoder] - 数据包长度:12
13:35:07.247 [INFO] [com.mogujie.ares.extend.dispatch.DefaultRequestDispatcher] - 请求访问的模块commandID:1
13:35:17.243 [INFO] [com.mogujie.ares.lib.net.FrameBinaryDecoder] - 数据包长度:12
13:35:17.243 [INFO] [com.mogujie.ares.extend.dispatch.DefaultRequestDispatcher] - 请求访问的模块commandID:1
13:35:27.290 [INFO] [com.mogujie.ares.lib.net.FrameBinaryDecoder] - 数据包长度:12
13:35:27.290 [INFO] [com.mogujie.ares.extend.dispatch.DefaultRequestDispatcher] - 请求访问的模块commandID:1
13:35:37.245 [INFO] [com.mogujie.ares.lib.net.FrameBinaryDecoder] - 数据包长度:12
13:35:37.246 [INFO] [com.mogujie.ares.extend.dispatch.DefaultRequestDispatcher] - 请求访问的模块commandID:1
13:35:47.256 [INFO] [com.mogujie.ares.lib.net.FrameBinaryDecoder] - 数据包长度:12
13:35:47.256 [INFO] [com.mogujie.ares.extend.dispatch.DefaultRequestDispatcher] - 请求访问的模块commandID:1
13:35:57.249 [INFO] [com.mogujie.ares.lib.net.FrameBinaryDecoder] - 数据包长度:12
13:35:57.249 [INFO] [com.mogujie.ares.extend.dispatch.DefaultRequestDispatcher] - 请求访问的模块commandID:1
13:36:07.242 [INFO] [com.mogujie.ares.lib.net.FrameBinaryDecoder] - 数据包长度:12
13:36:07.243 [INFO] [com.mogujie.ares.extend.dispatch.DefaultRequestDispatcher] - 请求访问的模块commandID:1
13:36:17.238 [INFO] [com.mogujie.ares.lib.net.FrameBinaryDecoder] - 数据包长度:12
13:36:17.238 [INFO] [com.mogujie.ares.extend.dispatch.DefaultRequestDispatcher] - 请求访问的模块commandID:1
13:36:27.261 [INFO] [com.mogujie.ares.lib.net.FrameBinaryDecoder] - 数据包长度:12
13:36:27.284 [INFO] [com.mogujie.ares.extend.dispatch.DefaultRequestDispatcher] - 请求访问的模块commandID:1
13:36:37.263 [INFO] [com.mogujie.ares.lib.net.FrameBinaryDecoder] - 数据包长度:12
13:36:37.263 [INFO] [com.mogujie.ares.extend.dispatch.DefaultRequestDispatcher] - 请求访问的模块commandID:1
13:36:47.245 [INFO] [com.mogujie.ares.lib.net.FrameBinaryDecoder] - 数据包长度:12
13:36:47.246 [INFO] [com.mogujie.ares.extend.dispatch.DefaultRequestDispatcher] - 请求访问的模块commandID:1
13:36:57.243 [INFO] [com.mogujie.ares.lib.net.FrameBinaryDecoder] - 数据包长度:12
13:36:57.244 [INFO] [com.mogujie.ares.extend.dispatch.DefaultRequestDispatcher] - 请求访问的模块commandID:1
13:37:07.256 [INFO] [com.mogujie.ares.lib.net.FrameBinaryDecoder] - 数据包长度:12
13:37:07.256 [INFO] [com.mogujie.ares.extend.dispatch.DefaultRequestDispatcher] - 请求访问的模块commandID:1
13:37:17.286 [INFO] [com.mogujie.ares.lib.net.FrameBinaryDecoder] - 数据包长度:12
13:37:17.286 [INFO] [com.mogujie.ares.extend.dispatch.DefaultRequestDispatcher] - 请求访问的模块commandID:1
13:37:27.299 [INFO] [com.mogujie.ares.lib.net.FrameBinaryDecoder] - 数据包长度:12
13:37:27.299 [INFO] [com.mogujie.ares.extend.dispatch.DefaultRequestDispatcher] - 请求访问的模块commandID:1
13:37:37.241 [INFO] [com.mogujie.ares.lib.net.FrameBinaryDecoder] - 数据包长度:12
13:37:37.241 [INFO] [com.mogujie.ares.extend.dispatch.DefaultRequestDispatcher] - 请求访问的模块commandID:1
13:37:47.243 [INFO] [com.mogujie.ares.lib.net.FrameBinaryDecoder] - 数据包长度:12
13:37:47.243 [INFO] [com.mogujie.ares.extend.dispatch.DefaultRequestDispatcher] - 请求访问的模块commandID:1
13:37:57.237 [INFO] [com.mogujie.ares.lib.net.FrameBinaryDecoder] - 数据包长度:12
13:37:57.237 [INFO] [com.mogujie.ares.extend.dispatch.DefaultRequestDispatcher] - 请求访问的模块commandID:1
13:38:07.240 [INFO] [com.mogujie.ares.lib.net.FrameBinaryDecoder] - 数据包长度:12
13:38:07.240 [INFO] [com.mogujie.ares.extend.dispatch.DefaultRequestDispatcher] - 请求访问的模块commandID:1
13:38:17.243 [INFO] [com.mogujie.ares.lib.net.FrameBinaryDecoder] - 数据包长度:12
13:38:17.244 [INFO] [com.mogujie.ares.extend.dispatch.DefaultRequestDispatcher] - 请求访问的模块commandID:1
13:38:27.242 [INFO] [com.mogujie.ares.lib.net.FrameBinaryDecoder] - 数据包长度:12
13:38:27.242 [INFO] [com.mogujie.ares.extend.dispatch.DefaultRequestDispatcher] - 请求访问的模块commandID:1
13:38:37.242 [INFO] [com.mogujie.ares.lib.net.FrameBinaryDecoder] - 数据包长度:12
13:38:37.243 [INFO] [com.mogujie.ares.extend.dispatch.DefaultRequestDispatcher] - 请求访问的模块commandID:1
13:38:47.238 [INFO] [com.mogujie.ares.lib.net.FrameBinaryDecoder] - 数据包长度:12
13:38:47.239 [INFO] [com.mogujie.ares.extend.dispatch.DefaultRequestDispatcher] - 请求访问的模块commandID:1
13:38:57.249 [INFO] [com.mogujie.ares.lib.net.FrameBinaryDecoder] - 数据包长度:12
13:38:57.250 [INFO] [com.mogujie.ares.extend.dispatch.DefaultRequestDispatcher] - 请求访问的模块commandID:1
13:39:07.243 [INFO] [com.mogujie.ares.lib.net.FrameBinaryDecoder] - 数据包长度:12
13:39:07.243 [INFO] [com.mogujie.ares.extend.dispatch.DefaultRequestDispatcher] - 请求访问的模块commandID:1
13:39:17.239 [INFO] [com.mogujie.ares.lib.net.FrameBinaryDecoder] - 数据包长度:12
13:39:17.240 [INFO] [com.mogujie.ares.extend.dispatch.DefaultRequestDispatcher] - 请求访问的模块commandID:1
13:39:27.241 [INFO] [com.mogujie.ares.lib.net.FrameBinaryDecoder] - 数据包长度:12
13:39:27.241 [INFO] [com.mogujie.ares.extend.dispatch.DefaultRequestDispatcher] - 请求访问的模块commandID:1
13:39:37.241 [INFO] [com.mogujie.ares.lib.net.FrameBinaryDecoder] - 数据包长度:12
13:39:37.242 [INFO] [com.mogujie.ares.extend.dispatch.DefaultRequestDispatcher] - 请求访问的模块commandID:1
13:39:47.257 [INFO] [com.mogujie.ares.lib.net.FrameBinaryDecoder] - 数据包长度:12
13:39:47.258 [INFO] [com.mogujie.ares.extend.dispatch.DefaultRequestDispatcher] - 请求访问的模块commandID:1
13:39:57.252 [INFO] [com.mogujie.ares.lib.net.FrameBinaryDecoder] - 数据包长度:12
13:39:57.252 [INFO] [com.mogujie.ares.extend.dispatch.DefaultRequestDispatcher] - 请求访问的模块commandID:1
13:40:07.240 [INFO] [com.mogujie.ares.lib.net.FrameBinaryDecoder] - 数据包长度:12
13:40:07.241 [INFO] [com.mogujie.ares.extend.dispatch.DefaultRequestDispatcher] - 请求访问的模块commandID:1
13:40:17.238 [INFO] [com.mogujie.ares.lib.net.FrameBinaryDecoder] - 数据包长度:12
13:40:17.238 [INFO] [com.mogujie.ares.extend.dispatch.DefaultRequestDispatcher] - 请求访问的模块commandID:1
13:40:27.238 [INFO] [com.mogujie.ares.lib.net.FrameBinaryDecoder] - 数据包长度:12
13:40:27.239 [INFO] [com.mogujie.ares.extend.dispatch.DefaultRequestDispatcher] - 请求访问的模块commandID:1
13:40:37.239 [INFO] [com.mogujie.ares.lib.net.FrameBinaryDecoder] - 数据包长度:12
13:40:37.240 [INFO] [com.mogujie.ares.extend.dispatch.DefaultRequestDispatcher] - 请求访问的模块commandID:1
13:40:47.239 [INFO] [com.mogujie.ares.lib.net.FrameBinaryDecoder] - 数据包长度:12
13:40:47.239 [INFO] [com.mogujie.ares.extend.dispatch.DefaultRequestDispatcher] - 请求访问的模块commandID:1
13:40:57.238 [INFO] [com.mogujie.ares.lib.net.FrameBinaryDecoder] - 数据包长度:12
13:40:57.239 [INFO] [com.mogujie.ares.extend.dispatch.DefaultRequestDispatcher] - 请求访问的模块commandID:1
13:41:07.241 [INFO] [com.mogujie.ares.lib.net.FrameBinaryDecoder] - 数据包长度:12
13:41:07.241 [INFO] [com.mogujie.ares.extend.dispatch.DefaultRequestDispatcher] - 请求访问的模块commandID:1
13:41:17.258 [INFO] [com.mogujie.ares.lib.net.FrameBinaryDecoder] - 数据包长度:12
13:41:17.259 [INFO] [com.mogujie.ares.extend.dispatch.DefaultRequestDispatcher] - 请求访问的模块commandID:1
13:41:27.241 [INFO] [com.mogujie.ares.lib.net.FrameBinaryDecoder] - 数据包长度:12
13:41:27.241 [INFO] [com.mogujie.ares.extend.dispatch.DefaultRequestDispatcher] - 请求访问的模块commandID:1
13:41:37.247 [INFO] [com.mogujie.ares.lib.net.FrameBinaryDecoder] - 数据包长度:12
13:41:37.248 [INFO] [com.mogujie.ares.extend.dispatch.DefaultRequestDispatcher] - 请求访问的模块commandID:1
13:41:47.239 [INFO] [com.mogujie.ares.lib.net.FrameBinaryDecoder] - 数据包长度:12
13:41:47.240 [INFO] [com.mogujie.ares.extend.dispatch.DefaultRequestDispatcher] - 请求访问的模块commandID:1
13:41:57.237 [INFO] [com.mogujie.ares.lib.net.FrameBinaryDecoder] - 数据包长度:12
13:41:57.238 [INFO] [com.mogujie.ares.extend.dispatch.DefaultRequestDispatcher] - 请求访问的模块commandID:1
13:42:07.238 [INFO] [com.mogujie.ares.lib.net.FrameBinaryDecoder] - 数据包长度:12
13:42:07.239 [INFO] [com.mogujie.ares.extend.dispatch.DefaultRequestDispatcher] - 请求访问的模块commandID:1
13:42:17.240 [INFO] [com.mogujie.ares.lib.net.FrameBinaryDecoder] - 数据包长度:12
13:42:17.241 [INFO] [com.mogujie.ares.extend.dispatch.DefaultRequestDispatcher] - 请求访问的模块commandID:1
13:42:27.238 [INFO] [com.mogujie.ares.lib.net.FrameBinaryDecoder] - 数据包长度:12
13:42:27.239 [INFO] [com.mogujie.ares.extend.dispatch.DefaultRequestDispatcher] - 请求访问的模块commandID:1
13:42:37.239 [INFO] [com.mogujie.ares.lib.net.FrameBinaryDecoder] - 数据包长度:12
13:42:37.240 [INFO] [com.mogujie.ares.extend.dispatch.DefaultRequestDispatcher] - 请求访问的模块commandID:1
13:42:47.239 [INFO] [com.mogujie.ares.lib.net.FrameBinaryDecoder] - 数据包长度:12
13:42:47.239 [INFO] [com.mogujie.ares.extend.dispatch.DefaultRequestDispatcher] - 请求访问的模块commandID:1
13:42:57.238 [INFO] [com.mogujie.ares.lib.net.FrameBinaryDecoder] - 数据包长度:12
13:42:57.239 [INFO] [com.mogujie.ares.extend.dispatch.DefaultRequestDispatcher] - 请求访问的模块commandID:1
13:43:07.239 [INFO] [com.mogujie.ares.lib.net.FrameBinaryDecoder] - 数据包长度:12
13:43:07.240 [INFO] [com.mogujie.ares.extend.dispatch.DefaultRequestDispatcher] - 请求访问的模块commandID:1
13:43:17.239 [INFO] [com.mogujie.ares.lib.net.FrameBinaryDecoder] - 数据包长度:12
13:43:17.240 [INFO] [com.mogujie.ares.extend.dispatch.DefaultRequestDispatcher] - 请求访问的模块commandID:1
13:43:27.239 [INFO] [com.mogujie.ares.lib.net.FrameBinaryDecoder] - 数据包长度:12
13:43:27.239 [INFO] [com.mogujie.ares.extend.dispatch.DefaultRequestDispatcher] - 请求访问的模块commandID:1
13:43:37.258 [INFO] [com.mogujie.ares.lib.net.FrameBinaryDecoder] - 数据包长度:12
13:43:37.258 [INFO] [com.mogujie.ares.extend.dispatch.DefaultRequestDispatcher] - 请求访问的模块commandID:1
13:43:47.241 [INFO] [com.mogujie.ares.lib.net.FrameBinaryDecoder] - 数据包长度:12
13:43:47.242 [INFO] [com.mogujie.ares.extend.dispatch.DefaultRequestDispatcher] - 请求访问的模块commandID:1
13:43:57.266 [INFO] [com.mogujie.ares.lib.net.FrameBinaryDecoder] - 数据包长度:12
13:43:57.267 [INFO] [com.mogujie.ares.extend.dispatch.DefaultRequestDispatcher] - 请求访问的模块commandID:1
13:44:07.242 [INFO] [com.mogujie.ares.lib.net.FrameBinaryDecoder] - 数据包长度:12
13:44:07.242 [INFO] [com.mogujie.ares.extend.dispatch.DefaultRequestDispatcher] - 请求访问的模块commandID:1
13:44:17.241 [INFO] [com.mogujie.ares.lib.net.FrameBinaryDecoder] - 数据包长度:12
13:44:17.242 [INFO] [com.mogujie.ares.extend.dispatch.DefaultRequestDispatcher] - 请求访问的模块commandID:1
13:44:27.252 [INFO] [com.mogujie.ares.lib.net.FrameBinaryDecoder] - 数据包长度:12
13:44:27.253 [INFO] [com.mogujie.ares.extend.dispatch.DefaultRequestDispatcher] - 请求访问的模块commandID:1
13:44:37.242 [INFO] [com.mogujie.ares.lib.net.FrameBinaryDecoder] - 数据包长度:12
13:44:37.243 [INFO] [com.mogujie.ares.extend.dispatch.DefaultRequestDispatcher] - 请求访问的模块commandID:1
13:44:47.349 [INFO] [com.mogujie.ares.lib.net.FrameBinaryDecoder] - 数据包长度:12
13:44:47.349 [INFO] [com.mogujie.ares.extend.dispatch.DefaultRequestDispatcher] - 请求访问的模块commandID:1
13:44:57.239 [INFO] [com.mogujie.ares.lib.net.FrameBinaryDecoder] - 数据包长度:12
13:44:57.240 [INFO] [com.mogujie.ares.extend.dispatch.DefaultRequestDispatcher] - 请求访问的模块commandID:1
13:45:07.246 [INFO] [com.mogujie.ares.lib.net.FrameBinaryDecoder] - 数据包长度:12
13:45:07.246 [INFO] [com.mogujie.ares.extend.dispatch.DefaultRequestDispatcher] - 请求访问的模块commandID:1
13:45:17.240 [INFO] [com.mogujie.ares.lib.net.FrameBinaryDecoder] - 数据包长度:12
13:45:17.241 [INFO] [com.mogujie.ares.extend.dispatch.DefaultRequestDispatcher] - 请求访问的模块commandID:1
13:45:27.237 [INFO] [com.mogujie.ares.lib.net.FrameBinaryDecoder] - 数据包长度:12
13:45:27.237 [INFO] [com.mogujie.ares.extend.dispatch.DefaultRequestDispatcher] - 请求访问的模块commandID:1
13:45:37.238 [INFO] [com.mogujie.ares.lib.net.FrameBinaryDecoder] - 数据包长度:12
13:45:37.239 [INFO] [com.mogujie.ares.extend.dispatch.DefaultRequestDispatcher] - 请求访问的模块commandID:1
13:45:47.238 [INFO] [com.mogujie.ares.lib.net.FrameBinaryDecoder] - 数据包长度:12
13:45:47.238 [INFO] [com.mogujie.ares.extend.dispatch.DefaultRequestDispatcher] - 请求访问的模块commandID:1
13:45:57.237 [INFO] [com.mogujie.ares.lib.net.FrameBinaryDecoder] - 数据包长度:12
13:45:57.237 [INFO] [com.mogujie.ares.extend.dispatch.DefaultRequestDispatcher] - 请求访问的模块commandID:1
13:46:07.236 [INFO] [com.mogujie.ares.lib.net.FrameBinaryDecoder] - 数据包长度:12
13:46:07.237 [INFO] [com.mogujie.ares.extend.dispatch.DefaultRequestDispatcher] - 请求访问的模块commandID:1
13:46:17.242 [INFO] [com.mogujie.ares.lib.net.FrameBinaryDecoder] - 数据包长度:12
13:46:17.242 [INFO] [com.mogujie.ares.extend.dispatch.DefaultRequestDispatcher] - 请求访问的模块commandID:1
13:46:27.242 [INFO] [com.mogujie.ares.lib.net.FrameBinaryDecoder] - 数据包长度:12
13:46:27.242 [INFO] [com.mogujie.ares.extend.dispatch.DefaultRequestDispatcher] - 请求访问的模块commandID:1
13:46:37.240 [INFO] [com.mogujie.ares.lib.net.FrameBinaryDecoder] - 数据包长度:12
13:46:37.240 [INFO] [com.mogujie.ares.extend.dispatch.DefaultRequestDispatcher] - 请求访问的模块commandID:1
13:46:47.266 [INFO] [com.mogujie.ares.lib.net.FrameBinaryDecoder] - 数据包长度:12
13:46:47.267 [INFO] [com.mogujie.ares.extend.dispatch.DefaultRequestDispatcher] - 请求访问的模块commandID:1
13:46:57.266 [INFO] [com.mogujie.ares.lib.net.FrameBinaryDecoder] - 数据包长度:12
13:46:57.267 [INFO] [com.mogujie.ares.extend.dispatch.DefaultRequestDispatcher] - 请求访问的模块commandID:1
13:47:07.238 [INFO] [com.mogujie.ares.lib.net.FrameBinaryDecoder] - 数据包长度:12
13:47:07.239 [INFO] [com.mogujie.ares.extend.dispatch.DefaultRequestDispatcher] - 请求访问的模块commandID:1
13:47:17.264 [INFO] [com.mogujie.ares.lib.net.FrameBinaryDecoder] - 数据包长度:12
13:47:17.265 [INFO] [com.mogujie.ares.extend.dispatch.DefaultRequestDispatcher] - 请求访问的模块commandID:1
13:47:27.246 [INFO] [com.mogujie.ares.lib.net.FrameBinaryDecoder] - 数据包长度:12
13:47:27.247 [INFO] [com.mogujie.ares.extend.dispatch.DefaultRequestDispatcher] - 请求访问的模块commandID:1
13:47:37.240 [INFO] [com.mogujie.ares.lib.net.FrameBinaryDecoder] - 数据包长度:12
13:47:37.241 [INFO] [com.mogujie.ares.extend.dispatch.DefaultRequestDispatcher] - 请求访问的模块commandID:1
13:47:47.256 [INFO] [com.mogujie.ares.lib.net.FrameBinaryDecoder] - 数据包长度:12
13:47:47.256 [INFO] [com.mogujie.ares.extend.dispatch.DefaultRequestDispatcher] - 请求访问的模块commandID:1
13:47:57.240 [INFO] [com.mogujie.ares.lib.net.FrameBinaryDecoder] - 数据包长度:12
13:47:57.241 [INFO] [com.mogujie.ares.extend.dispatch.DefaultRequestDispatcher] - 请求访问的模块commandID:1
13:48:07.337 [INFO] [com.mogujie.ares.lib.net.FrameBinaryDecoder] - 数据包长度:12
13:48:07.337 [INFO] [com.mogujie.ares.extend.dispatch.DefaultRequestDispatcher] - 请求访问的模块commandID:1
13:48:17.237 [INFO] [com.mogujie.ares.lib.net.FrameBinaryDecoder] - 数据包长度:12
13:48:17.237 [INFO] [com.mogujie.ares.extend.dispatch.DefaultRequestDispatcher] - 请求访问的模块commandID:1
13:48:27.238 [INFO] [com.mogujie.ares.lib.net.FrameBinaryDecoder] - 数据包长度:12
13:48:27.239 [INFO] [com.mogujie.ares.extend.dispatch.DefaultRequestDispatcher] - 请求访问的模块commandID:1
13:48:37.239 [INFO] [com.mogujie.ares.lib.net.FrameBinaryDecoder] - 数据包长度:12
13:48:37.240 [INFO] [com.mogujie.ares.extend.dispatch.DefaultRequestDispatcher] - 请求访问的模块commandID:1
13:48:47.238 [INFO] [com.mogujie.ares.lib.net.FrameBinaryDecoder] - 数据包长度:12
13:48:47.238 [INFO] [com.mogujie.ares.extend.dispatch.DefaultRequestDispatcher] - 请求访问的模块commandID:1
13:48:57.239 [INFO] [com.mogujie.ares.lib.net.FrameBinaryDecoder] - 数据包长度:12
13:48:57.240 [INFO] [com.mogujie.ares.extend.dispatch.DefaultRequestDispatcher] - 请求访问的模块commandID:1
13:49:07.238 [INFO] [com.mogujie.ares.lib.net.FrameBinaryDecoder] - 数据包长度:12
13:49:07.238 [INFO] [com.mogujie.ares.extend.dispatch.DefaultRequestDispatcher] - 请求访问的模块commandID:1
13:49:17.237 [INFO] [com.mogujie.ares.lib.net.FrameBinaryDecoder] - 数据包长度:12
13:49:17.238 [INFO] [com.mogujie.ares.extend.dispatch.DefaultRequestDispatcher] - 请求访问的模块commandID:1
13:49:27.240 [INFO] [com.mogujie.ares.lib.net.FrameBinaryDecoder] - 数据包长度:12
13:49:27.241 [INFO] [com.mogujie.ares.extend.dispatch.DefaultRequestDispatcher] - 请求访问的模块commandID:1
13:49:37.239 [INFO] [com.mogujie.ares.lib.net.FrameBinaryDecoder] - 数据包长度:12
13:49:37.240 [INFO] [com.mogujie.ares.extend.dispatch.DefaultRequestDispatcher] - 请求访问的模块commandID:1
13:49:47.239 [INFO] [com.mogujie.ares.lib.net.FrameBinaryDecoder] - 数据包长度:12
13:49:47.239 [INFO] [com.mogujie.ares.extend.dispatch.DefaultRequestDispatcher] - 请求访问的模块commandID:1
13:49:57.329 [INFO] [com.mogujie.ares.lib.net.FrameBinaryDecoder] - 数据包长度:12
13:49:57.329 [INFO] [com.mogujie.ares.extend.dispatch.DefaultRequestDispatcher] - 请求访问的模块commandID:1
13:50:07.238 [INFO] [com.mogujie.ares.lib.net.FrameBinaryDecoder] - 数据包长度:12
13:50:07.239 [INFO] [com.mogujie.ares.extend.dispatch.DefaultRequestDispatcher] - 请求访问的模块commandID:1
13:50:17.245 [INFO] [com.mogujie.ares.lib.net.FrameBinaryDecoder] - 数据包长度:12
13:50:17.245 [INFO] [com.mogujie.ares.extend.dispatch.DefaultRequestDispatcher] - 请求访问的模块commandID:1
13:50:27.241 [INFO] [com.mogujie.ares.lib.net.FrameBinaryDecoder] - 数据包长度:12
13:50:27.241 [INFO] [com.mogujie.ares.extend.dispatch.DefaultRequestDispatcher] - 请求访问的模块commandID:1
13:50:37.239 [INFO] [com.mogujie.ares.lib.net.FrameBinaryDecoder] - 数据包长度:12
13:50:37.239 [INFO] [com.mogujie.ares.extend.dispatch.DefaultRequestDispatcher] - 请求访问的模块commandID:1
13:50:47.239 [INFO] [com.mogujie.ares.lib.net.FrameBinaryDecoder] - 数据包长度:12
13:50:47.239 [INFO] [com.mogujie.ares.extend.dispatch.DefaultRequestDispatcher] - 请求访问的模块commandID:1
13:50:57.240 [INFO] [com.mogujie.ares.lib.net.FrameBinaryDecoder] - 数据包长度:12
13:50:57.241 [INFO] [com.mogujie.ares.extend.dispatch.DefaultRequestDispatcher] - 请求访问的模块commandID:1
13:51:07.238 [INFO] [com.mogujie.ares.lib.net.FrameBinaryDecoder] - 数据包长度:12
13:51:07.238 [INFO] [com.mogujie.ares.extend.dispatch.DefaultRequestDispatcher] - 请求访问的模块commandID:1
13:51:17.247 [INFO] [com.mogujie.ares.lib.net.FrameBinaryDecoder] - 数据包长度:12
13:51:17.248 [INFO] [com.mogujie.ares.extend.dispatch.DefaultRequestDispatcher] - 请求访问的模块commandID:1
13:51:27.239 [INFO] [com.mogujie.ares.lib.net.FrameBinaryDecoder] - 数据包长度:12
13:51:27.240 [INFO] [com.mogujie.ares.extend.dispatch.DefaultRequestDispatcher] - 请求访问的模块commandID:1
13:51:37.348 [INFO] [com.mogujie.ares.lib.net.FrameBinaryDecoder] - 数据包长度:12
13:51:37.348 [INFO] [com.mogujie.ares.extend.dispatch.DefaultRequestDispatcher] - 请求访问的模块commandID:1
13:51:47.258 [INFO] [com.mogujie.ares.lib.net.FrameBinaryDecoder] - 数据包长度:12
13:51:47.258 [INFO] [com.mogujie.ares.extend.dispatch.DefaultRequestDispatcher] - 请求访问的模块commandID:1
13:51:57.238 [INFO] [com.mogujie.ares.lib.net.FrameBinaryDecoder] - 数据包长度:12
13:51:57.239 [INFO] [com.mogujie.ares.extend.dispatch.DefaultRequestDispatcher] - 请求访问的模块commandID:1
13:52:07.238 [INFO] [com.mogujie.ares.lib.net.FrameBinaryDecoder] - 数据包长度:12
13:52:07.238 [INFO] [com.mogujie.ares.extend.dispatch.DefaultRequestDispatcher] - 请求访问的模块commandID:1
13:52:17.239 [INFO] [com.mogujie.ares.lib.net.FrameBinaryDecoder] - 数据包长度:12
13:52:17.240 [INFO] [com.mogujie.ares.extend.dispatch.DefaultRequestDispatcher] - 请求访问的模块commandID:1
13:52:27.238 [INFO] [com.mogujie.ares.lib.net.FrameBinaryDecoder] - 数据包长度:12
13:52:27.239 [INFO] [com.mogujie.ares.extend.dispatch.DefaultRequestDispatcher] - 请求访问的模块commandID:1
13:52:37.239 [INFO] [com.mogujie.ares.lib.net.FrameBinaryDecoder] - 数据包长度:12
13:52:37.240 [INFO] [com.mogujie.ares.extend.dispatch.DefaultRequestDispatcher] - 请求访问的模块commandID:1
13:52:47.243 [INFO] [com.mogujie.ares.lib.net.FrameBinaryDecoder] - 数据包长度:12
13:52:47.243 [INFO] [com.mogujie.ares.extend.dispatch.DefaultRequestDispatcher] - 请求访问的模块commandID:1
13:52:57.242 [INFO] [com.mogujie.ares.lib.net.FrameBinaryDecoder] - 数据包长度:12
13:52:57.243 [INFO] [com.mogujie.ares.extend.dispatch.DefaultRequestDispatcher] - 请求访问的模块commandID:1
13:53:07.278 [INFO] [com.mogujie.ares.lib.net.FrameBinaryDecoder] - 数据包长度:12
13:53:07.278 [INFO] [com.mogujie.ares.extend.dispatch.DefaultRequestDispatcher] - 请求访问的模块commandID:1
13:53:17.241 [INFO] [com.mogujie.ares.lib.net.FrameBinaryDecoder] - 数据包长度:12
13:53:17.242 [INFO] [com.mogujie.ares.extend.dispatch.DefaultRequestDispatcher] - 请求访问的模块commandID:1
13:53:27.240 [INFO] [com.mogujie.ares.lib.net.FrameBinaryDecoder] - 数据包长度:12
13:53:27.241 [INFO] [com.mogujie.ares.extend.dispatch.DefaultRequestDispatcher] - 请求访问的模块commandID:1
13:53:37.243 [INFO] [com.mogujie.ares.lib.net.FrameBinaryDecoder] - 数据包长度:12
13:53:37.243 [INFO] [com.mogujie.ares.extend.dispatch.DefaultRequestDispatcher] - 请求访问的模块commandID:1
13:53:47.242 [INFO] [com.mogujie.ares.lib.net.FrameBinaryDecoder] - 数据包长度:12
13:53:47.243 [INFO] [com.mogujie.ares.extend.dispatch.DefaultRequestDispatcher] - 请求访问的模块commandID:1
13:53:57.244 [INFO] [com.mogujie.ares.lib.net.FrameBinaryDecoder] - 数据包长度:12
13:53:57.245 [INFO] [com.mogujie.ares.extend.dispatch.DefaultRequestDispatcher] - 请求访问的模块commandID:1
13:54:07.241 [INFO] [com.mogujie.ares.lib.net.FrameBinaryDecoder] - 数据包长度:12
13:54:07.242 [INFO] [com.mogujie.ares.extend.dispatch.DefaultRequestDispatcher] - 请求访问的模块commandID:1
13:54:17.239 [INFO] [com.mogujie.ares.lib.net.FrameBinaryDecoder] - 数据包长度:12
13:54:17.240 [INFO] [com.mogujie.ares.extend.dispatch.DefaultRequestDispatcher] - 请求访问的模块commandID:1
13:54:27.259 [INFO] [com.mogujie.ares.lib.net.FrameBinaryDecoder] - 数据包长度:12
13:54:27.259 [INFO] [com.mogujie.ares.extend.dispatch.DefaultRequestDispatcher] - 请求访问的模块commandID:1
13:54:37.238 [INFO] [com.mogujie.ares.lib.net.FrameBinaryDecoder] - 数据包长度:12
13:54:37.239 [INFO] [com.mogujie.ares.extend.dispatch.DefaultRequestDispatcher] - 请求访问的模块commandID:1
13:54:47.239 [INFO] [com.mogujie.ares.lib.net.FrameBinaryDecoder] - 数据包长度:12
13:54:47.239 [INFO] [com.mogujie.ares.extend.dispatch.DefaultRequestDispatcher] - 请求访问的模块commandID:1
13:54:57.241 [INFO] [com.mogujie.ares.lib.net.FrameBinaryDecoder] - 数据包长度:12
13:54:57.241 [INFO] [com.mogujie.ares.extend.dispatch.DefaultRequestDispatcher] - 请求访问的模块commandID:1
13:55:07.243 [INFO] [com.mogujie.ares.lib.net.FrameBinaryDecoder] - 数据包长度:12
13:55:07.244 [INFO] [com.mogujie.ares.extend.dispatch.DefaultRequestDispatcher] - 请求访问的模块commandID:1
13:55:17.238 [INFO] [com.mogujie.ares.lib.net.FrameBinaryDecoder] - 数据包长度:12
13:55:17.239 [INFO] [com.mogujie.ares.extend.dispatch.DefaultRequestDispatcher] - 请求访问的模块commandID:1
13:55:27.278 [INFO] [com.mogujie.ares.lib.net.FrameBinaryDecoder] - 数据包长度:12
13:55:27.278 [INFO] [com.mogujie.ares.extend.dispatch.DefaultRequestDispatcher] - 请求访问的模块commandID:1
13:55:37.241 [INFO] [com.mogujie.ares.lib.net.FrameBinaryDecoder] - 数据包长度:12
13:55:37.242 [INFO] [com.mogujie.ares.extend.dispatch.DefaultRequestDispatcher] - 请求访问的模块commandID:1
13:55:47.265 [INFO] [com.mogujie.ares.lib.net.FrameBinaryDecoder] - 数据包长度:12
13:55:47.265 [INFO] [com.mogujie.ares.extend.dispatch.DefaultRequestDispatcher] - 请求访问的模块commandID:1
13:55:57.245 [INFO] [com.mogujie.ares.lib.net.FrameBinaryDecoder] - 数据包长度:12
13:55:57.246 [INFO] [com.mogujie.ares.extend.dispatch.DefaultRequestDispatcher] - 请求访问的模块commandID:1
13:56:07.239 [INFO] [com.mogujie.ares.lib.net.FrameBinaryDecoder] - 数据包长度:12
13:56:07.240 [INFO] [com.mogujie.ares.extend.dispatch.DefaultRequestDispatcher] - 请求访问的模块commandID:1
13:56:17.276 [INFO] [com.mogujie.ares.lib.net.FrameBinaryDecoder] - 数据包长度:12
13:56:17.277 [INFO] [com.mogujie.ares.extend.dispatch.DefaultRequestDispatcher] - 请求访问的模块commandID:1
13:56:27.240 [INFO] [com.mogujie.ares.lib.net.FrameBinaryDecoder] - 数据包长度:12
13:56:27.241 [INFO] [com.mogujie.ares.extend.dispatch.DefaultRequestDispatcher] - 请求访问的模块commandID:1
13:56:37.258 [INFO] [com.mogujie.ares.lib.net.FrameBinaryDecoder] - 数据包长度:12
13:56:37.259 [INFO] [com.mogujie.ares.extend.dispatch.DefaultRequestDispatcher] - 请求访问的模块commandID:1
13:56:47.241 [INFO] [com.mogujie.ares.lib.net.FrameBinaryDecoder] - 数据包长度:12
13:56:47.241 [INFO] [com.mogujie.ares.extend.dispatch.DefaultRequestDispatcher] - 请求访问的模块commandID:1
13:56:57.238 [INFO] [com.mogujie.ares.lib.net.FrameBinaryDecoder] - 数据包长度:12
13:56:57.238 [INFO] [com.mogujie.ares.extend.dispatch.DefaultRequestDispatcher] - 请求访问的模块commandID:1
13:57:07.248 [INFO] [com.mogujie.ares.lib.net.FrameBinaryDecoder] - 数据包长度:12
13:57:07.248 [INFO] [com.mogujie.ares.extend.dispatch.DefaultRequestDispatcher] - 请求访问的模块commandID:1
13:57:17.239 [INFO] [com.mogujie.ares.lib.net.FrameBinaryDecoder] - 数据包长度:12
13:57:17.239 [INFO] [com.mogujie.ares.extend.dispatch.DefaultRequestDispatcher] - 请求访问的模块commandID:1
13:57:27.241 [INFO] [com.mogujie.ares.lib.net.FrameBinaryDecoder] - 数据包长度:12
13:57:27.242 [INFO] [com.mogujie.ares.extend.dispatch.DefaultRequestDispatcher] - 请求访问的模块commandID:1
13:57:37.237 [INFO] [com.mogujie.ares.lib.net.FrameBinaryDecoder] - 数据包长度:12
13:57:37.237 [INFO] [com.mogujie.ares.extend.dispatch.DefaultRequestDispatcher] - 请求访问的模块commandID:1
13:57:47.238 [INFO] [com.mogujie.ares.lib.net.FrameBinaryDecoder] - 数据包长度:12
13:57:47.238 [INFO] [com.mogujie.ares.extend.dispatch.DefaultRequestDispatcher] - 请求访问的模块commandID:1
13:57:57.239 [INFO] [com.mogujie.ares.lib.net.FrameBinaryDecoder] - 数据包长度:12
13:57:57.239 [INFO] [com.mogujie.ares.extend.dispatch.DefaultRequestDispatcher] - 请求访问的模块commandID:1
13:58:07.261 [INFO] [com.mogujie.ares.lib.net.FrameBinaryDecoder] - 数据包长度:12
13:58:07.261 [INFO] [com.mogujie.ares.extend.dispatch.DefaultRequestDispatcher] - 请求访问的模块commandID:1
13:58:17.238 [INFO] [com.mogujie.ares.lib.net.FrameBinaryDecoder] - 数据包长度:12
13:58:17.238 [INFO] [com.mogujie.ares.extend.dispatch.DefaultRequestDispatcher] - 请求访问的模块commandID:1
13:58:27.238 [INFO] [com.mogujie.ares.lib.net.FrameBinaryDecoder] - 数据包长度:12
13:58:27.238 [INFO] [com.mogujie.ares.extend.dispatch.DefaultRequestDispatcher] - 请求访问的模块commandID:1
13:58:37.261 [INFO] [com.mogujie.ares.lib.net.FrameBinaryDecoder] - 数据包长度:12
13:58:37.261 [INFO] [com.mogujie.ares.extend.dispatch.DefaultRequestDispatcher] - 请求访问的模块commandID:1
13:58:47.243 [INFO] [com.mogujie.ares.lib.net.FrameBinaryDecoder] - 数据包长度:12
13:58:47.244 [INFO] [com.mogujie.ares.extend.dispatch.DefaultRequestDispatcher] - 请求访问的模块commandID:1
13:58:57.253 [INFO] [com.mogujie.ares.lib.net.FrameBinaryDecoder] - 数据包长度:12
13:58:57.254 [INFO] [com.mogujie.ares.extend.dispatch.DefaultRequestDispatcher] - 请求访问的模块commandID:1
13:59:07.288 [INFO] [com.mogujie.ares.lib.net.FrameBinaryDecoder] - 数据包长度:12
13:59:07.289 [INFO] [com.mogujie.ares.extend.dispatch.DefaultRequestDispatcher] - 请求访问的模块commandID:1
13:59:17.239 [INFO] [com.mogujie.ares.lib.net.FrameBinaryDecoder] - 数据包长度:12
13:59:17.239 [INFO] [com.mogujie.ares.extend.dispatch.DefaultRequestDispatcher] - 请求访问的模块commandID:1
13:59:27.239 [INFO] [com.mogujie.ares.lib.net.FrameBinaryDecoder] - 数据包长度:12
13:59:27.239 [INFO] [com.mogujie.ares.extend.dispatch.DefaultRequestDispatcher] - 请求访问的模块commandID:1
13:59:37.240 [INFO] [com.mogujie.ares.lib.net.FrameBinaryDecoder] - 数据包长度:12
13:59:37.241 [INFO] [com.mogujie.ares.extend.dispatch.DefaultRequestDispatcher] - 请求访问的模块commandID:1
13:59:47.238 [INFO] [com.mogujie.ares.lib.net.FrameBinaryDecoder] - 数据包长度:12
13:59:47.238 [INFO] [com.mogujie.ares.extend.dispatch.DefaultRequestDispatcher] - 请求访问的模块commandID:1
13:59:57.238 [INFO] [com.mogujie.ares.lib.net.FrameBinaryDecoder] - 数据包长度:12
13:59:57.238 [INFO] [com.mogujie.ares.extend.dispatch.DefaultRequestDispatcher] - 请求访问的模块commandID:1
14:00:07.238 [INFO] [com.mogujie.ares.lib.net.FrameBinaryDecoder] - 数据包长度:12
14:00:07.239 [INFO] [com.mogujie.ares.extend.dispatch.DefaultRequestDispatcher] - 请求访问的模块commandID:1
14:00:17.236 [INFO] [com.mogujie.ares.lib.net.FrameBinaryDecoder] - 数据包长度:12
14:00:17.236 [INFO] [com.mogujie.ares.extend.dispatch.DefaultRequestDispatcher] - 请求访问的模块commandID:1
14:00:27.260 [INFO] [com.mogujie.ares.lib.net.FrameBinaryDecoder] - 数据包长度:12
14:00:27.261 [INFO] [com.mogujie.ares.extend.dispatch.DefaultRequestDispatcher] - 请求访问的模块commandID:1
14:00:37.238 [INFO] [com.mogujie.ares.lib.net.FrameBinaryDecoder] - 数据包长度:12
14:00:37.239 [INFO] [com.mogujie.ares.extend.dispatch.DefaultRequestDispatcher] - 请求访问的模块commandID:1
14:00:47.237 [INFO] [com.mogujie.ares.lib.net.FrameBinaryDecoder] - 数据包长度:12
14:00:47.237 [INFO] [com.mogujie.ares.extend.dispatch.DefaultRequestDispatcher] - 请求访问的模块commandID:1
14:00:57.241 [INFO] [com.mogujie.ares.lib.net.FrameBinaryDecoder] - 数据包长度:12
14:00:57.241 [INFO] [com.mogujie.ares.extend.dispatch.DefaultRequestDispatcher] - 请求访问的模块commandID:1
14:01:07.238 [INFO] [com.mogujie.ares.lib.net.FrameBinaryDecoder] - 数据包长度:12
14:01:07.238 [INFO] [com.mogujie.ares.extend.dispatch.DefaultRequestDispatcher] - 请求访问的模块commandID:1
14:01:17.259 [INFO] [com.mogujie.ares.lib.net.FrameBinaryDecoder] - 数据包长度:12
14:01:17.259 [INFO] [com.mogujie.ares.extend.dispatch.DefaultRequestDispatcher] - 请求访问的模块commandID:1
14:01:27.238 [INFO] [com.mogujie.ares.lib.net.FrameBinaryDecoder] - 数据包长度:12
14:01:27.239 [INFO] [com.mogujie.ares.extend.dispatch.DefaultRequestDispatcher] - 请求访问的模块commandID:1
14:01:37.238 [INFO] [com.mogujie.ares.lib.net.FrameBinaryDecoder] - 数据包长度:12
14:01:37.239 [INFO] [com.mogujie.ares.extend.dispatch.DefaultRequestDispatcher] - 请求访问的模块commandID:1
14:01:47.257 [INFO] [com.mogujie.ares.lib.net.FrameBinaryDecoder] - 数据包长度:12
14:01:47.258 [INFO] [com.mogujie.ares.extend.dispatch.DefaultRequestDispatcher] - 请求访问的模块commandID:1
14:01:57.242 [INFO] [com.mogujie.ares.lib.net.FrameBinaryDecoder] - 数据包长度:12
14:01:57.242 [INFO] [com.mogujie.ares.extend.dispatch.DefaultRequestDispatcher] - 请求访问的模块commandID:1
14:02:07.237 [INFO] [com.mogujie.ares.lib.net.FrameBinaryDecoder] - 数据包长度:12
14:02:07.237 [INFO] [com.mogujie.ares.extend.dispatch.DefaultRequestDispatcher] - 请求访问的模块commandID:1
14:02:17.237 [INFO] [com.mogujie.ares.lib.net.FrameBinaryDecoder] - 数据包长度:12
14:02:17.238 [INFO] [com.mogujie.ares.extend.dispatch.DefaultRequestDispatcher] - 请求访问的模块commandID:1
14:02:27.240 [INFO] [com.mogujie.ares.lib.net.FrameBinaryDecoder] - 数据包长度:12
14:02:27.241 [INFO] [com.mogujie.ares.extend.dispatch.DefaultRequestDispatcher] - 请求访问的模块commandID:1
14:02:37.241 [INFO] [com.mogujie.ares.lib.net.FrameBinaryDecoder] - 数据包长度:12
14:02:37.242 [INFO] [com.mogujie.ares.extend.dispatch.DefaultRequestDispatcher] - 请求访问的模块commandID:1
14:02:47.242 [INFO] [com.mogujie.ares.lib.net.FrameBinaryDecoder] - 数据包长度:12
14:02:47.243 [INFO] [com.mogujie.ares.extend.dispatch.DefaultRequestDispatcher] - 请求访问的模块commandID:1
14:02:57.239 [INFO] [com.mogujie.ares.lib.net.FrameBinaryDecoder] - 数据包长度:12
14:02:57.239 [INFO] [com.mogujie.ares.extend.dispatch.DefaultRequestDispatcher] - 请求访问的模块commandID:1
14:03:07.238 [INFO] [com.mogujie.ares.lib.net.FrameBinaryDecoder] - 数据包长度:12
14:03:07.239 [INFO] [com.mogujie.ares.extend.dispatch.DefaultRequestDispatcher] - 请求访问的模块commandID:1
14:03:17.248 [INFO] [com.mogujie.ares.lib.net.FrameBinaryDecoder] - 数据包长度:12
14:03:17.249 [INFO] [com.mogujie.ares.extend.dispatch.DefaultRequestDispatcher] - 请求访问的模块commandID:1
14:03:27.240 [INFO] [com.mogujie.ares.lib.net.FrameBinaryDecoder] - 数据包长度:12
14:03:27.241 [INFO] [com.mogujie.ares.extend.dispatch.DefaultRequestDispatcher] - 请求访问的模块commandID:1
14:03:37.238 [INFO] [com.mogujie.ares.lib.net.FrameBinaryDecoder] - 数据包长度:12
14:03:37.238 [INFO] [com.mogujie.ares.extend.dispatch.DefaultRequestDispatcher] - 请求访问的模块commandID:1
14:03:47.267 [INFO] [com.mogujie.ares.lib.net.FrameBinaryDecoder] - 数据包长度:12
14:03:47.267 [INFO] [com.mogujie.ares.extend.dispatch.DefaultRequestDispatcher] - 请求访问的模块commandID:1
14:03:57.242 [INFO] [com.mogujie.ares.lib.net.FrameBinaryDecoder] - 数据包长度:12
14:03:57.243 [INFO] [com.mogujie.ares.extend.dispatch.DefaultRequestDispatcher] - 请求访问的模块commandID:1
14:04:07.240 [INFO] [com.mogujie.ares.lib.net.FrameBinaryDecoder] - 数据包长度:12
14:04:07.240 [INFO] [com.mogujie.ares.extend.dispatch.DefaultRequestDispatcher] - 请求访问的模块commandID:1
14:04:17.241 [INFO] [com.mogujie.ares.lib.net.FrameBinaryDecoder] - 数据包长度:12
14:04:17.241 [INFO] [com.mogujie.ares.extend.dispatch.DefaultRequestDispatcher] - 请求访问的模块commandID:1
14:04:27.237 [INFO] [com.mogujie.ares.lib.net.FrameBinaryDecoder] - 数据包长度:12
14:04:27.238 [INFO] [com.mogujie.ares.extend.dispatch.DefaultRequestDispatcher] - 请求访问的模块commandID:1
14:04:37.240 [INFO] [com.mogujie.ares.lib.net.FrameBinaryDecoder] - 数据包长度:12
14:04:37.240 [INFO] [com.mogujie.ares.extend.dispatch.DefaultRequestDispatcher] - 请求访问的模块commandID:1
14:04:47.239 [INFO] [com.mogujie.ares.lib.net.FrameBinaryDecoder] - 数据包长度:12
14:04:47.240 [INFO] [com.mogujie.ares.extend.dispatch.DefaultRequestDispatcher] - 请求访问的模块commandID:1
14:04:57.241 [INFO] [com.mogujie.ares.lib.net.FrameBinaryDecoder] - 数据包长度:12
14:04:57.242 [INFO] [com.mogujie.ares.extend.dispatch.DefaultRequestDispatcher] - 请求访问的模块commandID:1
14:05:07.257 [INFO] [com.mogujie.ares.lib.net.FrameBinaryDecoder] - 数据包长度:12
14:05:07.257 [INFO] [com.mogujie.ares.extend.dispatch.DefaultRequestDispatcher] - 请求访问的模块commandID:1
14:05:17.237 [INFO] [com.mogujie.ares.lib.net.FrameBinaryDecoder] - 数据包长度:12
14:05:17.237 [INFO] [com.mogujie.ares.extend.dispatch.DefaultRequestDispatcher] - 请求访问的模块commandID:1
14:05:27.238 [INFO] [com.mogujie.ares.lib.net.FrameBinaryDecoder] - 数据包长度:12
14:05:27.238 [INFO] [com.mogujie.ares.extend.dispatch.DefaultRequestDispatcher] - 请求访问的模块commandID:1
14:05:37.241 [INFO] [com.mogujie.ares.lib.net.FrameBinaryDecoder] - 数据包长度:12
14:05:37.241 [INFO] [com.mogujie.ares.extend.dispatch.DefaultRequestDispatcher] - 请求访问的模块commandID:1
14:05:47.258 [INFO] [com.mogujie.ares.lib.net.FrameBinaryDecoder] - 数据包长度:12
14:05:47.259 [INFO] [com.mogujie.ares.extend.dispatch.DefaultRequestDispatcher] - 请求访问的模块commandID:1
14:05:57.237 [INFO] [com.mogujie.ares.lib.net.FrameBinaryDecoder] - 数据包长度:12
14:05:57.237 [INFO] [com.mogujie.ares.extend.dispatch.DefaultRequestDispatcher] - 请求访问的模块commandID:1
14:06:07.238 [INFO] [com.mogujie.ares.lib.net.FrameBinaryDecoder] - 数据包长度:12
14:06:07.239 [INFO] [com.mogujie.ares.extend.dispatch.DefaultRequestDispatcher] - 请求访问的模块commandID:1
14:06:17.239 [INFO] [com.mogujie.ares.lib.net.FrameBinaryDecoder] - 数据包长度:12
14:06:17.239 [INFO] [com.mogujie.ares.extend.dispatch.DefaultRequestDispatcher] - 请求访问的模块commandID:1
14:06:27.238 [INFO] [com.mogujie.ares.lib.net.FrameBinaryDecoder] - 数据包长度:12
14:06:27.238 [INFO] [com.mogujie.ares.extend.dispatch.DefaultRequestDispatcher] - 请求访问的模块commandID:1
14:06:37.241 [INFO] [com.mogujie.ares.lib.net.FrameBinaryDecoder] - 数据包长度:12
14:06:37.241 [INFO] [com.mogujie.ares.extend.dispatch.DefaultRequestDispatcher] - 请求访问的模块commandID:1
14:06:47.239 [INFO] [com.mogujie.ares.lib.net.FrameBinaryDecoder] - 数据包长度:12
14:06:47.239 [INFO] [com.mogujie.ares.extend.dispatch.DefaultRequestDispatcher] - 请求访问的模块commandID:1
14:06:57.238 [INFO] [com.mogujie.ares.lib.net.FrameBinaryDecoder] - 数据包长度:12
14:06:57.238 [INFO] [com.mogujie.ares.extend.dispatch.DefaultRequestDispatcher] - 请求访问的模块commandID:1
14:07:07.252 [INFO] [com.mogujie.ares.lib.net.FrameBinaryDecoder] - 数据包长度:12
14:07:07.253 [INFO] [com.mogujie.ares.extend.dispatch.DefaultRequestDispatcher] - 请求访问的模块commandID:1
14:07:17.239 [INFO] [com.mogujie.ares.lib.net.FrameBinaryDecoder] - 数据包长度:12
14:07:17.240 [INFO] [com.mogujie.ares.extend.dispatch.DefaultRequestDispatcher] - 请求访问的模块commandID:1
14:07:27.242 [INFO] [com.mogujie.ares.lib.net.FrameBinaryDecoder] - 数据包长度:12
14:07:27.243 [INFO] [com.mogujie.ares.extend.dispatch.DefaultRequestDispatcher] - 请求访问的模块commandID:1
14:07:37.241 [INFO] [com.mogujie.ares.lib.net.FrameBinaryDecoder] - 数据包长度:12
14:07:37.242 [INFO] [com.mogujie.ares.extend.dispatch.DefaultRequestDispatcher] - 请求访问的模块commandID:1
14:07:47.237 [INFO] [com.mogujie.ares.lib.net.FrameBinaryDecoder] - 数据包长度:12
14:07:47.237 [INFO] [com.mogujie.ares.extend.dispatch.DefaultRequestDispatcher] - 请求访问的模块commandID:1
14:07:57.239 [INFO] [com.mogujie.ares.lib.net.FrameBinaryDecoder] - 数据包长度:12
14:07:57.239 [INFO] [com.mogujie.ares.extend.dispatch.DefaultRequestDispatcher] - 请求访问的模块commandID:1
14:08:07.246 [INFO] [com.mogujie.ares.lib.net.FrameBinaryDecoder] - 数据包长度:12
14:08:07.246 [INFO] [com.mogujie.ares.extend.dispatch.DefaultRequestDispatcher] - 请求访问的模块commandID:1
14:08:17.347 [INFO] [com.mogujie.ares.lib.net.FrameBinaryDecoder] - 数据包长度:12
14:08:17.348 [INFO] [com.mogujie.ares.extend.dispatch.DefaultRequestDispatcher] - 请求访问的模块commandID:1
14:08:27.264 [INFO] [com.mogujie.ares.lib.net.FrameBinaryDecoder] - 数据包长度:12
14:08:27.265 [INFO] [com.mogujie.ares.extend.dispatch.DefaultRequestDispatcher] - 请求访问的模块commandID:1
14:08:37.237 [INFO] [com.mogujie.ares.lib.net.FrameBinaryDecoder] - 数据包长度:12
14:08:37.238 [INFO] [com.mogujie.ares.extend.dispatch.DefaultRequestDispatcher] - 请求访问的模块commandID:1
14:08:47.238 [INFO] [com.mogujie.ares.lib.net.FrameBinaryDecoder] - 数据包长度:12
14:08:47.238 [INFO] [com.mogujie.ares.extend.dispatch.DefaultRequestDispatcher] - 请求访问的模块commandID:1
14:08:57.238 [INFO] [com.mogujie.ares.lib.net.FrameBinaryDecoder] - 数据包长度:12
14:08:57.238 [INFO] [com.mogujie.ares.extend.dispatch.DefaultRequestDispatcher] - 请求访问的模块commandID:1
14:09:07.238 [INFO] [com.mogujie.ares.lib.net.FrameBinaryDecoder] - 数据包长度:12
14:09:07.239 [INFO] [com.mogujie.ares.extend.dispatch.DefaultRequestDispatcher] - 请求访问的模块commandID:1
14:09:17.248 [INFO] [com.mogujie.ares.lib.net.FrameBinaryDecoder] - 数据包长度:12
14:09:17.249 [INFO] [com.mogujie.ares.extend.dispatch.DefaultRequestDispatcher] - 请求访问的模块commandID:1
14:09:27.237 [INFO] [com.mogujie.ares.lib.net.FrameBinaryDecoder] - 数据包长度:12
14:09:27.238 [INFO] [com.mogujie.ares.extend.dispatch.DefaultRequestDispatcher] - 请求访问的模块commandID:1
14:09:37.238 [INFO] [com.mogujie.ares.lib.net.FrameBinaryDecoder] - 数据包长度:12
14:09:37.239 [INFO] [com.mogujie.ares.extend.dispatch.DefaultRequestDispatcher] - 请求访问的模块commandID:1
14:09:47.240 [INFO] [com.mogujie.ares.lib.net.FrameBinaryDecoder] - 数据包长度:12
14:09:47.240 [INFO] [com.mogujie.ares.extend.dispatch.DefaultRequestDispatcher] - 请求访问的模块commandID:1
14:09:57.237 [INFO] [com.mogujie.ares.lib.net.FrameBinaryDecoder] - 数据包长度:12
14:09:57.238 [INFO] [com.mogujie.ares.extend.dispatch.DefaultRequestDispatcher] - 请求访问的模块commandID:1
14:10:07.239 [INFO] [com.mogujie.ares.lib.net.FrameBinaryDecoder] - 数据包长度:12
14:10:07.240 [INFO] [com.mogujie.ares.extend.dispatch.DefaultRequestDispatcher] - 请求访问的模块commandID:1
14:10:17.244 [INFO] [com.mogujie.ares.lib.net.FrameBinaryDecoder] - 数据包长度:12
14:10:17.245 [INFO] [com.mogujie.ares.extend.dispatch.DefaultRequestDispatcher] - 请求访问的模块commandID:1
14:10:27.243 [INFO] [com.mogujie.ares.lib.net.FrameBinaryDecoder] - 数据包长度:12
14:10:27.243 [INFO] [com.mogujie.ares.extend.dispatch.DefaultRequestDispatcher] - 请求访问的模块commandID:1
14:10:37.240 [INFO] [com.mogujie.ares.lib.net.FrameBinaryDecoder] - 数据包长度:12
14:10:37.240 [INFO] [com.mogujie.ares.extend.dispatch.DefaultRequestDispatcher] - 请求访问的模块commandID:1
14:10:47.239 [INFO] [com.mogujie.ares.lib.net.FrameBinaryDecoder] - 数据包长度:12
14:10:47.239 [INFO] [com.mogujie.ares.extend.dispatch.DefaultRequestDispatcher] - 请求访问的模块commandID:1
14:10:57.237 [INFO] [com.mogujie.ares.lib.net.FrameBinaryDecoder] - 数据包长度:12
14:10:57.238 [INFO] [com.mogujie.ares.extend.dispatch.DefaultRequestDispatcher] - 请求访问的模块commandID:1
14:11:07.247 [INFO] [com.mogujie.ares.lib.net.FrameBinaryDecoder] - 数据包长度:12
14:11:07.248 [INFO] [com.mogujie.ares.extend.dispatch.DefaultRequestDispatcher] - 请求访问的模块commandID:1
14:11:17.239 [INFO] [com.mogujie.ares.lib.net.FrameBinaryDecoder] - 数据包长度:12
14:11:17.239 [INFO] [com.mogujie.ares.extend.dispatch.DefaultRequestDispatcher] - 请求访问的模块commandID:1
14:11:27.237 [INFO] [com.mogujie.ares.lib.net.FrameBinaryDecoder] - 数据包长度:12
14:11:27.238 [INFO] [com.mogujie.ares.extend.dispatch.DefaultRequestDispatcher] - 请求访问的模块commandID:1
14:11:37.239 [INFO] [com.mogujie.ares.lib.net.FrameBinaryDecoder] - 数据包长度:12
14:11:37.240 [INFO] [com.mogujie.ares.extend.dispatch.DefaultRequestDispatcher] - 请求访问的模块commandID:1
14:11:47.237 [INFO] [com.mogujie.ares.lib.net.FrameBinaryDecoder] - 数据包长度:12
14:11:47.237 [INFO] [com.mogujie.ares.extend.dispatch.DefaultRequestDispatcher] - 请求访问的模块commandID:1
14:11:57.239 [INFO] [com.mogujie.ares.lib.net.FrameBinaryDecoder] - 数据包长度:12
14:11:57.239 [INFO] [com.mogujie.ares.extend.dispatch.DefaultRequestDispatcher] - 请求访问的模块commandID:1
14:12:07.238 [INFO] [com.mogujie.ares.lib.net.FrameBinaryDecoder] - 数据包长度:12
14:12:07.239 [INFO] [com.mogujie.ares.extend.dispatch.DefaultRequestDispatcher] - 请求访问的模块commandID:1
14:12:17.238 [INFO] [com.mogujie.ares.lib.net.FrameBinaryDecoder] - 数据包长度:12
14:12:17.238 [INFO] [com.mogujie.ares.extend.dispatch.DefaultRequestDispatcher] - 请求访问的模块commandID:1
14:12:27.248 [INFO] [com.mogujie.ares.lib.net.FrameBinaryDecoder] - 数据包长度:12
14:12:27.249 [INFO] [com.mogujie.ares.extend.dispatch.DefaultRequestDispatcher] - 请求访问的模块commandID:1
14:12:37.237 [INFO] [com.mogujie.ares.lib.net.FrameBinaryDecoder] - 数据包长度:12
14:12:37.237 [INFO] [com.mogujie.ares.extend.dispatch.DefaultRequestDispatcher] - 请求访问的模块commandID:1
14:12:47.237 [INFO] [com.mogujie.ares.lib.net.FrameBinaryDecoder] - 数据包长度:12
14:12:47.237 [INFO] [com.mogujie.ares.extend.dispatch.DefaultRequestDispatcher] - 请求访问的模块commandID:1
14:12:57.239 [INFO] [com.mogujie.ares.lib.net.FrameBinaryDecoder] - 数据包长度:12
14:12:57.239 [INFO] [com.mogujie.ares.extend.dispatch.DefaultRequestDispatcher] - 请求访问的模块commandID:1
14:13:07.242 [INFO] [com.mogujie.ares.lib.net.FrameBinaryDecoder] - 数据包长度:12
14:13:07.243 [INFO] [com.mogujie.ares.extend.dispatch.DefaultRequestDispatcher] - 请求访问的模块commandID:1
14:13:17.292 [INFO] [com.mogujie.ares.lib.net.FrameBinaryDecoder] - 数据包长度:12
14:13:17.293 [INFO] [com.mogujie.ares.extend.dispatch.DefaultRequestDispatcher] - 请求访问的模块commandID:1
14:13:27.240 [INFO] [com.mogujie.ares.lib.net.FrameBinaryDecoder] - 数据包长度:12
14:13:27.240 [INFO] [com.mogujie.ares.extend.dispatch.DefaultRequestDispatcher] - 请求访问的模块commandID:1
